ARM GAS  C:\Users\VICTOR~1\AppData\Local\Temp\ccy04nG4.s 			page 1


   1              		.syntax unified
   2              		.cpu cortex-m3
   3              		.fpu softvfp
   4              		.eabi_attribute 20, 1
   5              		.eabi_attribute 21, 1
   6              		.eabi_attribute 23, 3
   7              		.eabi_attribute 24, 1
   8              		.eabi_attribute 25, 1
   9              		.eabi_attribute 26, 1
  10              		.eabi_attribute 30, 6
  11              		.eabi_attribute 34, 1
  12              		.eabi_attribute 18, 4
  13              		.thumb
  14              		.file	"cymetadata.c"
  15              		.text
  16              	.Ltext0:
  17              		.cfi_sections	.debug_frame
  18              		.global	cy_meta_configecc
  19              		.section	.cyconfigecc,"a",%progbits
  20              		.align	2
  21              		.type	cy_meta_configecc, %object
  22              		.size	cy_meta_configecc, 128
  23              	cy_meta_configecc:
  24 0000 01       		.byte	1
  25 0001 45       		.byte	69
  26 0002 00       		.byte	0
  27 0003 40       		.byte	64
  28 0004 01       		.byte	1
  29 0005 52       		.byte	82
  30 0006 00       		.byte	0
  31 0007 40       		.byte	64
  32 0008 02       		.byte	2
  33 0009 17       		.byte	23
  34 000a 01       		.byte	1
  35 000b 40       		.byte	64
  36 000c 02       		.byte	2
  37 000d 19       		.byte	25
  38 000e 01       		.byte	1
  39 000f 40       		.byte	64
  40 0010 03       		.byte	3
  41 0011 40       		.byte	64
  42 0012 01       		.byte	1
  43 0013 40       		.byte	64
  44 0014 03       		.byte	3
  45 0015 41       		.byte	65
  46 0016 01       		.byte	1
  47 0017 40       		.byte	64
  48 0018 03       		.byte	3
  49 0019 42       		.byte	66
  50 001a 01       		.byte	1
  51 001b 40       		.byte	64
  52 001c 03       		.byte	3
  53 001d 43       		.byte	67
  54 001e 01       		.byte	1
  55 001f 40       		.byte	64
  56 0020 04       		.byte	4
  57 0021 47       		.byte	71
ARM GAS  C:\Users\VICTOR~1\AppData\Local\Temp\ccy04nG4.s 			page 2


  58 0022 01       		.byte	1
  59 0023 40       		.byte	64
  60 0024 04       		.byte	4
  61 0025 48       		.byte	72
  62 0026 01       		.byte	1
  63 0027 40       		.byte	64
  64 0028 02       		.byte	2
  65 0029 4C       		.byte	76
  66 002a 01       		.byte	1
  67 002b 40       		.byte	64
  68 002c 01       		.byte	1
  69 002d 51       		.byte	81
  70 002e 01       		.byte	1
  71 002f 40       		.byte	64
  72 0030 7E       		.byte	126
  73 0031 02       		.byte	2
  74 0032 7C       		.byte	124
  75 0033 40       		.byte	64
  76 0034 EA       		.byte	-22
  77 0035 02       		.byte	2
  78 0036 EE       		.byte	-18
  79 0037 0A       		.byte	10
  80 0038 EA       		.byte	-22
  81 0039 02       		.byte	2
  82 003a EE       		.byte	-18
  83 003b 0A       		.byte	10
  84 003c 33       		.byte	51
  85 003d 81       		.byte	-127
  86 003e 36       		.byte	54
  87 003f 40       		.byte	64
  88 0040 CC       		.byte	-52
  89 0041 70       		.byte	112
  90 0042 9F       		.byte	-97
  91 0043 01       		.byte	1
  92 0044 A6       		.byte	-90
  93 0045 40       		.byte	64
  94 0046 A7       		.byte	-89
  95 0047 80       		.byte	-128
  96 0048 9F       		.byte	-97
  97 0049 01       		.byte	1
  98 004a A6       		.byte	-90
  99 004b 40       		.byte	64
 100 004c A7       		.byte	-89
 101 004d 80       		.byte	-128
 102 004e 9F       		.byte	-97
 103 004f 01       		.byte	1
 104 0050 A6       		.byte	-90
 105 0051 40       		.byte	64
 106 0052 A7       		.byte	-89
 107 0053 80       		.byte	-128
 108 0054 08       		.byte	8
 109 0055 08       		.byte	8
 110 0056 0B       		.byte	11
 111 0057 04       		.byte	4
 112 0058 0F       		.byte	15
 113 0059 40       		.byte	64
 114 005a C2       		.byte	-62
ARM GAS  C:\Users\VICTOR~1\AppData\Local\Temp\ccy04nG4.s 			page 3


 115 005b 0E       		.byte	14
 116 005c AE       		.byte	-82
 117 005d 40       		.byte	64
 118 005e AF       		.byte	-81
 119 005f 81       		.byte	-127
 120 0060 EA       		.byte	-22
 121 0061 40       		.byte	64
 122 0062 EE       		.byte	-18
 123 0063 50       		.byte	80
 124 0064 AC       		.byte	-84
 125 0065 08       		.byte	8
 126 0066 AF       		.byte	-81
 127 0067 44       		.byte	68
 128 0068 00       		.byte	0
 129 0069 2A       		.byte	42
 130 006a 00       		.byte	0
 131 006b 00       		.byte	0
 132 006c 00       		.byte	0
 133 006d 7F       		.byte	127
 134 006e 7F       		.byte	127
 135 006f 00       		.byte	0
 136 0070 00       		.byte	0
 137 0071 00       		.byte	0
 138 0072 00       		.byte	0
 139 0073 00       		.byte	0
 140 0074 00       		.byte	0
 141 0075 00       		.byte	0
 142 0076 00       		.byte	0
 143 0077 00       		.byte	0
 144 0078 00       		.byte	0
 145 0079 00       		.byte	0
 146 007a 00       		.byte	0
 147 007b 00       		.byte	0
 148 007c C0       		.byte	-64
 149 007d 00       		.byte	0
 150 007e 00       		.byte	0
 151 007f 00       		.byte	0
 152              		.global	cy_meta_custnvl
 153              		.section	.cycustnvl,"a",%progbits
 154              		.align	2
 155              		.type	cy_meta_custnvl, %object
 156              		.size	cy_meta_custnvl, 4
 157              	cy_meta_custnvl:
 158 0000 00       		.byte	0
 159 0001 00       		.byte	0
 160 0002 40       		.byte	64
 161 0003 05       		.byte	5
 162              		.global	cy_meta_wonvl
 163              		.section	.cywolatch,"a",%progbits
 164              		.align	2
 165              		.type	cy_meta_wonvl, %object
 166              		.size	cy_meta_wonvl, 4
 167              	cy_meta_wonvl:
 168 0000 BC       		.byte	-68
 169 0001 90       		.byte	-112
 170 0002 AC       		.byte	-84
 171 0003 AF       		.byte	-81
ARM GAS  C:\Users\VICTOR~1\AppData\Local\Temp\ccy04nG4.s 			page 4


 172              		.global	cy_meta_flashprotect
 173              		.section	.cyflashprotect,"a",%progbits
 174              		.align	2
 175              		.type	cy_meta_flashprotect, %object
 176              		.size	cy_meta_flashprotect, 256
 177              	cy_meta_flashprotect:
 178 0000 00000000 		.space	256
 178      00000000 
 178      00000000 
 178      00000000 
 178      00000000 
 179              		.global	cy_metadata
 180              		.section	.cymeta,"a",%progbits
 181              		.align	2
 182              		.type	cy_metadata, %object
 183              		.size	cy_metadata, 12
 184              	cy_metadata:
 185 0000 00       		.byte	0
 186 0001 01       		.byte	1
 187 0002 2E       		.byte	46
 188 0003 12       		.byte	18
 189 0004 30       		.byte	48
 190 0005 69       		.byte	105
 191 0006 00       		.byte	0
 192 0007 01       		.byte	1
 193 0008 00       		.byte	0
 194 0009 00       		.byte	0
 195 000a 00       		.byte	0
 196 000b 00       		.byte	0
 197              		.text
 198              	.Letext0:
 199              		.file 1 ".\\Generated_Source\\PSoC5\\cymetadata.c"
 200              		.file 2 ".\\Generated_Source\\PSoC5\\cytypes.h"
 201              		.section	.debug_info,"",%progbits
 202              	.Ldebug_info0:
 203 0000 3A010000 		.4byte	0x13a
 204 0004 0200     		.2byte	0x2
 205 0006 00000000 		.4byte	.Ldebug_abbrev0
 206 000a 04       		.byte	0x4
 207 000b 01       		.uleb128 0x1
 208 000c 76010000 		.4byte	.LASF18
 209 0010 01       		.byte	0x1
 210 0011 00000000 		.4byte	.LASF19
 211 0015 46000000 		.4byte	.LASF20
 212 0019 00000000 		.4byte	.Ldebug_line0
 213 001d 02       		.uleb128 0x2
 214 001e 01       		.byte	0x1
 215 001f 06       		.byte	0x6
 216 0020 C8010000 		.4byte	.LASF0
 217 0024 02       		.uleb128 0x2
 218 0025 01       		.byte	0x1
 219 0026 08       		.byte	0x8
 220 0027 38000000 		.4byte	.LASF1
 221 002b 02       		.uleb128 0x2
 222 002c 02       		.byte	0x2
 223 002d 05       		.byte	0x5
 224 002e 66010000 		.4byte	.LASF2
ARM GAS  C:\Users\VICTOR~1\AppData\Local\Temp\ccy04nG4.s 			page 5


 225 0032 02       		.uleb128 0x2
 226 0033 02       		.byte	0x2
 227 0034 07       		.byte	0x7
 228 0035 C7000000 		.4byte	.LASF3
 229 0039 02       		.uleb128 0x2
 230 003a 04       		.byte	0x4
 231 003b 05       		.byte	0x5
 232 003c BF010000 		.4byte	.LASF4
 233 0040 02       		.uleb128 0x2
 234 0041 04       		.byte	0x4
 235 0042 07       		.byte	0x7
 236 0043 B5000000 		.4byte	.LASF5
 237 0047 02       		.uleb128 0x2
 238 0048 08       		.byte	0x8
 239 0049 05       		.byte	0x5
 240 004a 53010000 		.4byte	.LASF6
 241 004e 02       		.uleb128 0x2
 242 004f 08       		.byte	0x8
 243 0050 07       		.byte	0x7
 244 0051 10010000 		.4byte	.LASF7
 245 0055 03       		.uleb128 0x3
 246 0056 04       		.byte	0x4
 247 0057 05       		.byte	0x5
 248 0058 696E7400 		.ascii	"int\000"
 249 005c 02       		.uleb128 0x2
 250 005d 04       		.byte	0x4
 251 005e 07       		.byte	0x7
 252 005f 03010000 		.4byte	.LASF8
 253 0063 04       		.uleb128 0x4
 254 0064 70010000 		.4byte	.LASF21
 255 0068 02       		.byte	0x2
 256 0069 5B       		.byte	0x5b
 257 006a 24000000 		.4byte	0x24
 258 006e 02       		.uleb128 0x2
 259 006f 04       		.byte	0x4
 260 0070 04       		.byte	0x4
 261 0071 32000000 		.4byte	.LASF9
 262 0075 02       		.uleb128 0x2
 263 0076 08       		.byte	0x8
 264 0077 04       		.byte	0x4
 265 0078 DA000000 		.4byte	.LASF10
 266 007c 02       		.uleb128 0x2
 267 007d 01       		.byte	0x1
 268 007e 08       		.byte	0x8
 269 007f 61010000 		.4byte	.LASF11
 270 0083 05       		.uleb128 0x5
 271 0084 63000000 		.4byte	0x63
 272 0088 93000000 		.4byte	0x93
 273 008c 06       		.uleb128 0x6
 274 008d 93000000 		.4byte	0x93
 275 0091 7F       		.byte	0x7f
 276 0092 00       		.byte	0
 277 0093 02       		.uleb128 0x2
 278 0094 04       		.byte	0x4
 279 0095 07       		.byte	0x7
 280 0096 4A010000 		.4byte	.LASF12
 281 009a 07       		.uleb128 0x7
ARM GAS  C:\Users\VICTOR~1\AppData\Local\Temp\ccy04nG4.s 			page 6


 282 009b F1000000 		.4byte	.LASF13
 283 009f 01       		.byte	0x1
 284 00a0 1C       		.byte	0x1c
 285 00a1 AC000000 		.4byte	0xac
 286 00a5 01       		.byte	0x1
 287 00a6 05       		.byte	0x5
 288 00a7 03       		.byte	0x3
 289 00a8 00000000 		.4byte	cy_meta_configecc
 290 00ac 08       		.uleb128 0x8
 291 00ad 83000000 		.4byte	0x83
 292 00b1 05       		.uleb128 0x5
 293 00b2 63000000 		.4byte	0x63
 294 00b6 C1000000 		.4byte	0xc1
 295 00ba 06       		.uleb128 0x6
 296 00bb 93000000 		.4byte	0x93
 297 00bf 03       		.byte	0x3
 298 00c0 00       		.byte	0
 299 00c1 07       		.uleb128 0x7
 300 00c2 E1000000 		.4byte	.LASF14
 301 00c6 01       		.byte	0x1
 302 00c7 36       		.byte	0x36
 303 00c8 D3000000 		.4byte	0xd3
 304 00cc 01       		.byte	0x1
 305 00cd 05       		.byte	0x5
 306 00ce 03       		.byte	0x3
 307 00cf 00000000 		.4byte	cy_meta_custnvl
 308 00d3 08       		.uleb128 0x8
 309 00d4 B1000000 		.4byte	0xb1
 310 00d8 07       		.uleb128 0x7
 311 00d9 3C010000 		.4byte	.LASF15
 312 00dd 01       		.byte	0x1
 313 00de 41       		.byte	0x41
 314 00df EA000000 		.4byte	0xea
 315 00e3 01       		.byte	0x1
 316 00e4 05       		.byte	0x5
 317 00e5 03       		.byte	0x3
 318 00e6 00000000 		.4byte	cy_meta_wonvl
 319 00ea 08       		.uleb128 0x8
 320 00eb B1000000 		.4byte	0xb1
 321 00ef 05       		.uleb128 0x5
 322 00f0 63000000 		.4byte	0x63
 323 00f4 FF000000 		.4byte	0xff
 324 00f8 06       		.uleb128 0x6
 325 00f9 93000000 		.4byte	0x93
 326 00fd FF       		.byte	0xff
 327 00fe 00       		.byte	0
 328 00ff 07       		.uleb128 0x7
 329 0100 27010000 		.4byte	.LASF16
 330 0104 01       		.byte	0x1
 331 0105 4C       		.byte	0x4c
 332 0106 11010000 		.4byte	0x111
 333 010a 01       		.byte	0x1
 334 010b 05       		.byte	0x5
 335 010c 03       		.byte	0x3
 336 010d 00000000 		.4byte	cy_meta_flashprotect
 337 0111 08       		.uleb128 0x8
 338 0112 EF000000 		.4byte	0xef
ARM GAS  C:\Users\VICTOR~1\AppData\Local\Temp\ccy04nG4.s 			page 7


 339 0116 05       		.uleb128 0x5
 340 0117 63000000 		.4byte	0x63
 341 011b 26010000 		.4byte	0x126
 342 011f 06       		.uleb128 0x6
 343 0120 93000000 		.4byte	0x93
 344 0124 0B       		.byte	0xb
 345 0125 00       		.byte	0
 346 0126 07       		.uleb128 0x7
 347 0127 26000000 		.4byte	.LASF17
 348 012b 01       		.byte	0x1
 349 012c 76       		.byte	0x76
 350 012d 38010000 		.4byte	0x138
 351 0131 01       		.byte	0x1
 352 0132 05       		.byte	0x5
 353 0133 03       		.byte	0x3
 354 0134 00000000 		.4byte	cy_metadata
 355 0138 08       		.uleb128 0x8
 356 0139 16010000 		.4byte	0x116
 357 013d 00       		.byte	0
 358              		.section	.debug_abbrev,"",%progbits
 359              	.Ldebug_abbrev0:
 360 0000 01       		.uleb128 0x1
 361 0001 11       		.uleb128 0x11
 362 0002 01       		.byte	0x1
 363 0003 25       		.uleb128 0x25
 364 0004 0E       		.uleb128 0xe
 365 0005 13       		.uleb128 0x13
 366 0006 0B       		.uleb128 0xb
 367 0007 03       		.uleb128 0x3
 368 0008 0E       		.uleb128 0xe
 369 0009 1B       		.uleb128 0x1b
 370 000a 0E       		.uleb128 0xe
 371 000b 10       		.uleb128 0x10
 372 000c 06       		.uleb128 0x6
 373 000d 00       		.byte	0
 374 000e 00       		.byte	0
 375 000f 02       		.uleb128 0x2
 376 0010 24       		.uleb128 0x24
 377 0011 00       		.byte	0
 378 0012 0B       		.uleb128 0xb
 379 0013 0B       		.uleb128 0xb
 380 0014 3E       		.uleb128 0x3e
 381 0015 0B       		.uleb128 0xb
 382 0016 03       		.uleb128 0x3
 383 0017 0E       		.uleb128 0xe
 384 0018 00       		.byte	0
 385 0019 00       		.byte	0
 386 001a 03       		.uleb128 0x3
 387 001b 24       		.uleb128 0x24
 388 001c 00       		.byte	0
 389 001d 0B       		.uleb128 0xb
 390 001e 0B       		.uleb128 0xb
 391 001f 3E       		.uleb128 0x3e
 392 0020 0B       		.uleb128 0xb
 393 0021 03       		.uleb128 0x3
 394 0022 08       		.uleb128 0x8
 395 0023 00       		.byte	0
ARM GAS  C:\Users\VICTOR~1\AppData\Local\Temp\ccy04nG4.s 			page 8


 396 0024 00       		.byte	0
 397 0025 04       		.uleb128 0x4
 398 0026 16       		.uleb128 0x16
 399 0027 00       		.byte	0
 400 0028 03       		.uleb128 0x3
 401 0029 0E       		.uleb128 0xe
 402 002a 3A       		.uleb128 0x3a
 403 002b 0B       		.uleb128 0xb
 404 002c 3B       		.uleb128 0x3b
 405 002d 0B       		.uleb128 0xb
 406 002e 49       		.uleb128 0x49
 407 002f 13       		.uleb128 0x13
 408 0030 00       		.byte	0
 409 0031 00       		.byte	0
 410 0032 05       		.uleb128 0x5
 411 0033 01       		.uleb128 0x1
 412 0034 01       		.byte	0x1
 413 0035 49       		.uleb128 0x49
 414 0036 13       		.uleb128 0x13
 415 0037 01       		.uleb128 0x1
 416 0038 13       		.uleb128 0x13
 417 0039 00       		.byte	0
 418 003a 00       		.byte	0
 419 003b 06       		.uleb128 0x6
 420 003c 21       		.uleb128 0x21
 421 003d 00       		.byte	0
 422 003e 49       		.uleb128 0x49
 423 003f 13       		.uleb128 0x13
 424 0040 2F       		.uleb128 0x2f
 425 0041 0B       		.uleb128 0xb
 426 0042 00       		.byte	0
 427 0043 00       		.byte	0
 428 0044 07       		.uleb128 0x7
 429 0045 34       		.uleb128 0x34
 430 0046 00       		.byte	0
 431 0047 03       		.uleb128 0x3
 432 0048 0E       		.uleb128 0xe
 433 0049 3A       		.uleb128 0x3a
 434 004a 0B       		.uleb128 0xb
 435 004b 3B       		.uleb128 0x3b
 436 004c 0B       		.uleb128 0xb
 437 004d 49       		.uleb128 0x49
 438 004e 13       		.uleb128 0x13
 439 004f 3F       		.uleb128 0x3f
 440 0050 0C       		.uleb128 0xc
 441 0051 02       		.uleb128 0x2
 442 0052 0A       		.uleb128 0xa
 443 0053 00       		.byte	0
 444 0054 00       		.byte	0
 445 0055 08       		.uleb128 0x8
 446 0056 26       		.uleb128 0x26
 447 0057 00       		.byte	0
 448 0058 49       		.uleb128 0x49
 449 0059 13       		.uleb128 0x13
 450 005a 00       		.byte	0
 451 005b 00       		.byte	0
 452 005c 00       		.byte	0
ARM GAS  C:\Users\VICTOR~1\AppData\Local\Temp\ccy04nG4.s 			page 9


 453              		.section	.debug_aranges,"",%progbits
 454 0000 14000000 		.4byte	0x14
 455 0004 0200     		.2byte	0x2
 456 0006 00000000 		.4byte	.Ldebug_info0
 457 000a 04       		.byte	0x4
 458 000b 00       		.byte	0
 459 000c 0000     		.2byte	0
 460 000e 0000     		.2byte	0
 461 0010 00000000 		.4byte	0
 462 0014 00000000 		.4byte	0
 463              		.section	.debug_line,"",%progbits
 464              	.Ldebug_line0:
 465 0000 4F000000 		.section	.debug_str,"MS",%progbits,1
 465      02004900 
 465      00000201 
 465      FB0E0D00 
 465      01010101 
 466              	.LASF19:
 467 0000 2E5C4765 		.ascii	".\\Generated_Source\\PSoC5\\cymetadata.c\000"
 467      6E657261 
 467      7465645F 
 467      536F7572 
 467      63655C50 
 468              	.LASF17:
 469 0026 63795F6D 		.ascii	"cy_metadata\000"
 469      65746164 
 469      61746100 
 470              	.LASF9:
 471 0032 666C6F61 		.ascii	"float\000"
 471      7400
 472              	.LASF1:
 473 0038 756E7369 		.ascii	"unsigned char\000"
 473      676E6564 
 473      20636861 
 473      7200
 474              	.LASF20:
 475 0046 433A5C55 		.ascii	"C:\\Users\\Victor Ruela\\Desktop\\UFMG\\2015-1\\Int"
 475      73657273 
 475      5C566963 
 475      746F7220 
 475      5275656C 
 476 0073 65677261 		.ascii	"egracao de Dados\\TP pratico\\TP-TID\\PSoC\\TP_Sens"
 476      63616F20 
 476      64652044 
 476      61646F73 
 476      5C545020 
 477 00a2 6F725C54 		.ascii	"or\\TP_Sensor.cydsn\000"
 477      505F5365 
 477      6E736F72 
 477      2E637964 
 477      736E00
 478              	.LASF5:
 479 00b5 6C6F6E67 		.ascii	"long unsigned int\000"
 479      20756E73 
 479      69676E65 
 479      6420696E 
 479      7400
ARM GAS  C:\Users\VICTOR~1\AppData\Local\Temp\ccy04nG4.s 			page 10


 480              	.LASF3:
 481 00c7 73686F72 		.ascii	"short unsigned int\000"
 481      7420756E 
 481      7369676E 
 481      65642069 
 481      6E7400
 482              	.LASF10:
 483 00da 646F7562 		.ascii	"double\000"
 483      6C6500
 484              	.LASF14:
 485 00e1 63795F6D 		.ascii	"cy_meta_custnvl\000"
 485      6574615F 
 485      63757374 
 485      6E766C00 
 486              	.LASF13:
 487 00f1 63795F6D 		.ascii	"cy_meta_configecc\000"
 487      6574615F 
 487      636F6E66 
 487      69676563 
 487      6300
 488              	.LASF8:
 489 0103 756E7369 		.ascii	"unsigned int\000"
 489      676E6564 
 489      20696E74 
 489      00
 490              	.LASF7:
 491 0110 6C6F6E67 		.ascii	"long long unsigned int\000"
 491      206C6F6E 
 491      6720756E 
 491      7369676E 
 491      65642069 
 492              	.LASF16:
 493 0127 63795F6D 		.ascii	"cy_meta_flashprotect\000"
 493      6574615F 
 493      666C6173 
 493      6870726F 
 493      74656374 
 494              	.LASF15:
 495 013c 63795F6D 		.ascii	"cy_meta_wonvl\000"
 495      6574615F 
 495      776F6E76 
 495      6C00
 496              	.LASF12:
 497 014a 73697A65 		.ascii	"sizetype\000"
 497      74797065 
 497      00
 498              	.LASF6:
 499 0153 6C6F6E67 		.ascii	"long long int\000"
 499      206C6F6E 
 499      6720696E 
 499      7400
 500              	.LASF11:
 501 0161 63686172 		.ascii	"char\000"
 501      00
 502              	.LASF2:
 503 0166 73686F72 		.ascii	"short int\000"
 503      7420696E 
ARM GAS  C:\Users\VICTOR~1\AppData\Local\Temp\ccy04nG4.s 			page 11


 503      7400
 504              	.LASF21:
 505 0170 75696E74 		.ascii	"uint8\000"
 505      3800
 506              	.LASF18:
 507 0176 474E5520 		.ascii	"GNU C 4.7.3 20130312 (release) [ARM/embedded-4_7-br"
 507      4320342E 
 507      372E3320 
 507      32303133 
 507      30333132 
 508 01a9 616E6368 		.ascii	"anch revision 196615]\000"
 508      20726576 
 508      6973696F 
 508      6E203139 
 508      36363135 
 509              	.LASF4:
 510 01bf 6C6F6E67 		.ascii	"long int\000"
 510      20696E74 
 510      00
 511              	.LASF0:
 512 01c8 7369676E 		.ascii	"signed char\000"
 512      65642063 
 512      68617200 
 513              		.ident	"GCC: (GNU Tools for ARM Embedded Processors) 4.7.3 20130312 (release) [ARM/embedded-4_7-br
