ARM GAS  C:\Users\VICTOR~1\AppData\Local\Temp\cc2Ed7Rn.s 			page 1


   1              		.syntax unified
   2              		.cpu cortex-m3
   3              		.fpu softvfp
   4              		.eabi_attribute 20, 1
   5              		.eabi_attribute 21, 1
   6              		.eabi_attribute 23, 3
   7              		.eabi_attribute 24, 1
   8              		.eabi_attribute 25, 1
   9              		.eabi_attribute 26, 1
  10              		.eabi_attribute 30, 6
  11              		.eabi_attribute 34, 1
  12              		.eabi_attribute 18, 4
  13              		.thumb
  14              		.file	"USBUART_descr.c"
  15              		.text
  16              	.Ltext0:
  17              		.cfi_sections	.debug_frame
  18              		.global	USBUART_DEVICE0_DESCR
  19              		.section	.rodata
  20              		.align	2
  21              		.type	USBUART_DEVICE0_DESCR, %object
  22              		.size	USBUART_DEVICE0_DESCR, 18
  23              	USBUART_DEVICE0_DESCR:
  24 0000 12       		.byte	18
  25 0001 01       		.byte	1
  26 0002 00       		.byte	0
  27 0003 02       		.byte	2
  28 0004 02       		.byte	2
  29 0005 00       		.byte	0
  30 0006 00       		.byte	0
  31 0007 08       		.byte	8
  32 0008 B4       		.byte	-76
  33 0009 04       		.byte	4
  34 000a 32       		.byte	50
  35 000b F2       		.byte	-14
  36 000c 01       		.byte	1
  37 000d 00       		.byte	0
  38 000e 01       		.byte	1
  39 000f 02       		.byte	2
  40 0010 80       		.byte	-128
  41 0011 01       		.byte	1
  42              		.global	USBUART_DEVICE0_CONFIGURATION0_DESCR
  43 0012 0000     		.align	2
  44              		.type	USBUART_DEVICE0_CONFIGURATION0_DESCR, %object
  45              		.size	USBUART_DEVICE0_CONFIGURATION0_DESCR, 67
  46              	USBUART_DEVICE0_CONFIGURATION0_DESCR:
  47 0014 09       		.byte	9
  48 0015 02       		.byte	2
  49 0016 43       		.byte	67
  50 0017 00       		.byte	0
  51 0018 02       		.byte	2
  52 0019 01       		.byte	1
  53 001a 01       		.byte	1
  54 001b C0       		.byte	-64
  55 001c 32       		.byte	50
  56 001d 09       		.byte	9
  57 001e 04       		.byte	4
ARM GAS  C:\Users\VICTOR~1\AppData\Local\Temp\cc2Ed7Rn.s 			page 2


  58 001f 00       		.byte	0
  59 0020 00       		.byte	0
  60 0021 01       		.byte	1
  61 0022 02       		.byte	2
  62 0023 02       		.byte	2
  63 0024 01       		.byte	1
  64 0025 03       		.byte	3
  65 0026 05       		.byte	5
  66 0027 24       		.byte	36
  67 0028 00       		.byte	0
  68 0029 10       		.byte	16
  69 002a 01       		.byte	1
  70 002b 04       		.byte	4
  71 002c 24       		.byte	36
  72 002d 02       		.byte	2
  73 002e 02       		.byte	2
  74 002f 05       		.byte	5
  75 0030 24       		.byte	36
  76 0031 06       		.byte	6
  77 0032 00       		.byte	0
  78 0033 01       		.byte	1
  79 0034 05       		.byte	5
  80 0035 24       		.byte	36
  81 0036 01       		.byte	1
  82 0037 00       		.byte	0
  83 0038 01       		.byte	1
  84 0039 07       		.byte	7
  85 003a 05       		.byte	5
  86 003b 81       		.byte	-127
  87 003c 03       		.byte	3
  88 003d 08       		.byte	8
  89 003e 00       		.byte	0
  90 003f 0A       		.byte	10
  91 0040 09       		.byte	9
  92 0041 04       		.byte	4
  93 0042 01       		.byte	1
  94 0043 00       		.byte	0
  95 0044 02       		.byte	2
  96 0045 0A       		.byte	10
  97 0046 00       		.byte	0
  98 0047 00       		.byte	0
  99 0048 04       		.byte	4
 100 0049 07       		.byte	7
 101 004a 05       		.byte	5
 102 004b 82       		.byte	-126
 103 004c 02       		.byte	2
 104 004d 40       		.byte	64
 105 004e 00       		.byte	0
 106 004f 0A       		.byte	10
 107 0050 07       		.byte	7
 108 0051 05       		.byte	5
 109 0052 03       		.byte	3
 110 0053 02       		.byte	2
 111 0054 40       		.byte	64
 112 0055 00       		.byte	0
 113 0056 0A       		.byte	10
 114              		.global	USBUART_STRING_DESCRIPTORS
ARM GAS  C:\Users\VICTOR~1\AppData\Local\Temp\cc2Ed7Rn.s 			page 3


 115 0057 00       		.align	2
 116              		.type	USBUART_STRING_DESCRIPTORS, %object
 117              		.size	USBUART_STRING_DESCRIPTORS, 159
 118              	USBUART_STRING_DESCRIPTORS:
 119 0058 04       		.byte	4
 120 0059 03       		.byte	3
 121 005a 09       		.byte	9
 122 005b 04       		.byte	4
 123 005c 2C       		.byte	44
 124 005d 03       		.byte	3
 125 005e 43       		.byte	67
 126 005f 00       		.byte	0
 127 0060 79       		.byte	121
 128 0061 00       		.byte	0
 129 0062 70       		.byte	112
 130 0063 00       		.byte	0
 131 0064 72       		.byte	114
 132 0065 00       		.byte	0
 133 0066 65       		.byte	101
 134 0067 00       		.byte	0
 135 0068 73       		.byte	115
 136 0069 00       		.byte	0
 137 006a 73       		.byte	115
 138 006b 00       		.byte	0
 139 006c 20       		.byte	32
 140 006d 00       		.byte	0
 141 006e 53       		.byte	83
 142 006f 00       		.byte	0
 143 0070 65       		.byte	101
 144 0071 00       		.byte	0
 145 0072 6D       		.byte	109
 146 0073 00       		.byte	0
 147 0074 69       		.byte	105
 148 0075 00       		.byte	0
 149 0076 63       		.byte	99
 150 0077 00       		.byte	0
 151 0078 6F       		.byte	111
 152 0079 00       		.byte	0
 153 007a 6E       		.byte	110
 154 007b 00       		.byte	0
 155 007c 64       		.byte	100
 156 007d 00       		.byte	0
 157 007e 75       		.byte	117
 158 007f 00       		.byte	0
 159 0080 63       		.byte	99
 160 0081 00       		.byte	0
 161 0082 74       		.byte	116
 162 0083 00       		.byte	0
 163 0084 6F       		.byte	111
 164 0085 00       		.byte	0
 165 0086 72       		.byte	114
 166 0087 00       		.byte	0
 167 0088 10       		.byte	16
 168 0089 03       		.byte	3
 169 008a 55       		.byte	85
 170 008b 00       		.byte	0
 171 008c 53       		.byte	83
ARM GAS  C:\Users\VICTOR~1\AppData\Local\Temp\cc2Ed7Rn.s 			page 4


 172 008d 00       		.byte	0
 173 008e 42       		.byte	66
 174 008f 00       		.byte	0
 175 0090 55       		.byte	85
 176 0091 00       		.byte	0
 177 0092 41       		.byte	65
 178 0093 00       		.byte	0
 179 0094 52       		.byte	82
 180 0095 00       		.byte	0
 181 0096 54       		.byte	84
 182 0097 00       		.byte	0
 183 0098 38       		.byte	56
 184 0099 03       		.byte	3
 185 009a 43       		.byte	67
 186 009b 00       		.byte	0
 187 009c 44       		.byte	68
 188 009d 00       		.byte	0
 189 009e 43       		.byte	67
 190 009f 00       		.byte	0
 191 00a0 20       		.byte	32
 192 00a1 00       		.byte	0
 193 00a2 43       		.byte	67
 194 00a3 00       		.byte	0
 195 00a4 6F       		.byte	111
 196 00a5 00       		.byte	0
 197 00a6 6D       		.byte	109
 198 00a7 00       		.byte	0
 199 00a8 6D       		.byte	109
 200 00a9 00       		.byte	0
 201 00aa 75       		.byte	117
 202 00ab 00       		.byte	0
 203 00ac 6E       		.byte	110
 204 00ad 00       		.byte	0
 205 00ae 69       		.byte	105
 206 00af 00       		.byte	0
 207 00b0 63       		.byte	99
 208 00b1 00       		.byte	0
 209 00b2 61       		.byte	97
 210 00b3 00       		.byte	0
 211 00b4 74       		.byte	116
 212 00b5 00       		.byte	0
 213 00b6 69       		.byte	105
 214 00b7 00       		.byte	0
 215 00b8 6F       		.byte	111
 216 00b9 00       		.byte	0
 217 00ba 6E       		.byte	110
 218 00bb 00       		.byte	0
 219 00bc 20       		.byte	32
 220 00bd 00       		.byte	0
 221 00be 49       		.byte	73
 222 00bf 00       		.byte	0
 223 00c0 6E       		.byte	110
 224 00c1 00       		.byte	0
 225 00c2 74       		.byte	116
 226 00c3 00       		.byte	0
 227 00c4 65       		.byte	101
 228 00c5 00       		.byte	0
ARM GAS  C:\Users\VICTOR~1\AppData\Local\Temp\cc2Ed7Rn.s 			page 5


 229 00c6 72       		.byte	114
 230 00c7 00       		.byte	0
 231 00c8 66       		.byte	102
 232 00c9 00       		.byte	0
 233 00ca 61       		.byte	97
 234 00cb 00       		.byte	0
 235 00cc 63       		.byte	99
 236 00cd 00       		.byte	0
 237 00ce 65       		.byte	101
 238 00cf 00       		.byte	0
 239 00d0 26       		.byte	38
 240 00d1 03       		.byte	3
 241 00d2 43       		.byte	67
 242 00d3 00       		.byte	0
 243 00d4 44       		.byte	68
 244 00d5 00       		.byte	0
 245 00d6 43       		.byte	67
 246 00d7 00       		.byte	0
 247 00d8 20       		.byte	32
 248 00d9 00       		.byte	0
 249 00da 44       		.byte	68
 250 00db 00       		.byte	0
 251 00dc 61       		.byte	97
 252 00dd 00       		.byte	0
 253 00de 74       		.byte	116
 254 00df 00       		.byte	0
 255 00e0 61       		.byte	97
 256 00e1 00       		.byte	0
 257 00e2 20       		.byte	32
 258 00e3 00       		.byte	0
 259 00e4 49       		.byte	73
 260 00e5 00       		.byte	0
 261 00e6 6E       		.byte	110
 262 00e7 00       		.byte	0
 263 00e8 74       		.byte	116
 264 00e9 00       		.byte	0
 265 00ea 65       		.byte	101
 266 00eb 00       		.byte	0
 267 00ec 72       		.byte	114
 268 00ed 00       		.byte	0
 269 00ee 66       		.byte	102
 270 00ef 00       		.byte	0
 271 00f0 61       		.byte	97
 272 00f1 00       		.byte	0
 273 00f2 63       		.byte	99
 274 00f3 00       		.byte	0
 275 00f4 65       		.byte	101
 276 00f5 00       		.byte	0
 277 00f6 00       		.byte	0
 278              		.global	USBUART_SN_STRING_DESCRIPTOR
 279 00f7 00       		.align	2
 280              		.type	USBUART_SN_STRING_DESCRIPTOR, %object
 281              		.size	USBUART_SN_STRING_DESCRIPTOR, 2
 282              	USBUART_SN_STRING_DESCRIPTOR:
 283 00f8 02       		.byte	2
 284 00f9 03       		.byte	3
 285              		.global	USBUART_DEVICE0_CONFIGURATION0_EP_SETTINGS_TABLE
ARM GAS  C:\Users\VICTOR~1\AppData\Local\Temp\cc2Ed7Rn.s 			page 6


 286 00fa 0000     		.align	2
 287              		.type	USBUART_DEVICE0_CONFIGURATION0_EP_SETTINGS_TABLE, %object
 288              		.size	USBUART_DEVICE0_CONFIGURATION0_EP_SETTINGS_TABLE, 24
 289              	USBUART_DEVICE0_CONFIGURATION0_EP_SETTINGS_TABLE:
 290 00fc 00       		.byte	0
 291 00fd 00       		.byte	0
 292 00fe 81       		.byte	-127
 293 00ff 03       		.byte	3
 294 0100 0800     		.short	8
 295 0102 02       		.byte	2
 296 0103 00       		.space	1
 297 0104 01       		.byte	1
 298 0105 00       		.byte	0
 299 0106 82       		.byte	-126
 300 0107 02       		.byte	2
 301 0108 4000     		.short	64
 302 010a 0A       		.byte	10
 303 010b 00       		.space	1
 304 010c 01       		.byte	1
 305 010d 00       		.byte	0
 306 010e 03       		.byte	3
 307 010f 02       		.byte	2
 308 0110 4000     		.short	64
 309 0112 0A       		.byte	10
 310 0113 00       		.space	1
 311              		.global	USBUART_DEVICE0_CONFIGURATION0_INTERFACE_CLASS
 312              		.align	2
 313              		.type	USBUART_DEVICE0_CONFIGURATION0_INTERFACE_CLASS, %object
 314              		.size	USBUART_DEVICE0_CONFIGURATION0_INTERFACE_CLASS, 2
 315              	USBUART_DEVICE0_CONFIGURATION0_INTERFACE_CLASS:
 316 0114 02       		.byte	2
 317 0115 0A       		.byte	10
 318              		.global	USBUART_DEVICE0_CONFIGURATION0_TABLE
 319 0116 0000     		.align	2
 320              		.type	USBUART_DEVICE0_CONFIGURATION0_TABLE, %object
 321              		.size	USBUART_DEVICE0_CONFIGURATION0_TABLE, 40
 322              	USBUART_DEVICE0_CONFIGURATION0_TABLE:
 323 0118 01       		.byte	1
 324 0119 000000   		.space	3
 325 011c 00000000 		.word	USBUART_DEVICE0_CONFIGURATION0_DESCR
 326 0120 03       		.byte	3
 327 0121 000000   		.space	3
 328 0124 00000000 		.word	USBUART_DEVICE0_CONFIGURATION0_EP_SETTINGS_TABLE
 329 0128 00       		.byte	0
 330 0129 000000   		.space	3
 331 012c 00000000 		.word	0
 332 0130 00       		.byte	0
 333 0131 000000   		.space	3
 334 0134 00000000 		.word	0
 335 0138 00       		.byte	0
 336 0139 000000   		.space	3
 337 013c 00000000 		.word	USBUART_DEVICE0_CONFIGURATION0_INTERFACE_CLASS
 338              		.global	USBUART_DEVICE0_TABLE
 339              		.align	2
 340              		.type	USBUART_DEVICE0_TABLE, %object
 341              		.size	USBUART_DEVICE0_TABLE, 16
 342              	USBUART_DEVICE0_TABLE:
ARM GAS  C:\Users\VICTOR~1\AppData\Local\Temp\cc2Ed7Rn.s 			page 7


 343 0140 01       		.byte	1
 344 0141 000000   		.space	3
 345 0144 00000000 		.word	USBUART_DEVICE0_DESCR
 346 0148 01       		.byte	1
 347 0149 000000   		.space	3
 348 014c 00000000 		.word	USBUART_DEVICE0_CONFIGURATION0_TABLE
 349              		.global	USBUART_TABLE
 350              		.align	2
 351              		.type	USBUART_TABLE, %object
 352              		.size	USBUART_TABLE, 8
 353              	USBUART_TABLE:
 354 0150 01       		.byte	1
 355 0151 000000   		.space	3
 356 0154 00000000 		.word	USBUART_DEVICE0_TABLE
 357              		.global	USBUART_MSOS_DESCRIPTOR
 358              		.align	2
 359              		.type	USBUART_MSOS_DESCRIPTOR, %object
 360              		.size	USBUART_MSOS_DESCRIPTOR, 18
 361              	USBUART_MSOS_DESCRIPTOR:
 362 0158 12       		.byte	18
 363 0159 03       		.byte	3
 364 015a 4D       		.byte	77
 365 015b 00       		.byte	0
 366 015c 53       		.byte	83
 367 015d 00       		.byte	0
 368 015e 46       		.byte	70
 369 015f 00       		.byte	0
 370 0160 54       		.byte	84
 371 0161 00       		.byte	0
 372 0162 31       		.byte	49
 373 0163 00       		.byte	0
 374 0164 30       		.byte	48
 375 0165 00       		.byte	0
 376 0166 30       		.byte	48
 377 0167 00       		.byte	0
 378 0168 01       		.byte	1
 379 0169 00       		.byte	0
 380              		.global	USBUART_MSOS_CONFIGURATION_DESCR
 381 016a 0000     		.align	2
 382              		.type	USBUART_MSOS_CONFIGURATION_DESCR, %object
 383              		.size	USBUART_MSOS_CONFIGURATION_DESCR, 40
 384              	USBUART_MSOS_CONFIGURATION_DESCR:
 385 016c 28       		.byte	40
 386 016d 00       		.byte	0
 387 016e 00       		.byte	0
 388 016f 00       		.byte	0
 389 0170 00       		.byte	0
 390 0171 01       		.byte	1
 391 0172 04       		.byte	4
 392 0173 00       		.byte	0
 393 0174 01       		.byte	1
 394 0175 00       		.byte	0
 395 0176 00       		.byte	0
 396 0177 00       		.byte	0
 397 0178 00       		.byte	0
 398 0179 00       		.byte	0
 399 017a 00       		.byte	0
ARM GAS  C:\Users\VICTOR~1\AppData\Local\Temp\cc2Ed7Rn.s 			page 8


 400 017b 00       		.byte	0
 401 017c 00       		.byte	0
 402 017d 01       		.byte	1
 403 017e 43       		.byte	67
 404 017f 59       		.byte	89
 405 0180 55       		.byte	85
 406 0181 53       		.byte	83
 407 0182 42       		.byte	66
 408 0183 00       		.byte	0
 409 0184 00       		.byte	0
 410 0185 00       		.byte	0
 411 0186 30       		.byte	48
 412 0187 30       		.byte	48
 413 0188 30       		.byte	48
 414 0189 30       		.byte	48
 415 018a 31       		.byte	49
 416 018b 00       		.byte	0
 417 018c 00       		.byte	0
 418 018d 00       		.byte	0
 419 018e 00       		.byte	0
 420 018f 00       		.byte	0
 421 0190 00       		.byte	0
 422 0191 00       		.byte	0
 423 0192 00       		.byte	0
 424 0193 00       		.byte	0
 425              		.comm	USBUART_idSerialNumberStringDescriptor,34,4
 426              		.text
 427              	.Letext0:
 428              		.file 1 ".\\Generated_Source\\PSoC5\\cytypes.h"
 429              		.file 2 ".\\Generated_Source\\PSoC5\\USBUART.h"
 430              		.file 3 ".\\Generated_Source\\PSoC5\\USBUART_descr.c"
 431              		.section	.debug_info,"",%progbits
 432              	.Ldebug_info0:
 433 0000 E1020000 		.4byte	0x2e1
 434 0004 0200     		.2byte	0x2
 435 0006 00000000 		.4byte	.Ldebug_abbrev0
 436 000a 04       		.byte	0x4
 437 000b 01       		.uleb128 0x1
 438 000c B2020000 		.4byte	.LASF36
 439 0010 01       		.byte	0x1
 440 0011 2F000000 		.4byte	.LASF37
 441 0015 0E010000 		.4byte	.LASF38
 442 0019 00000000 		.4byte	.Ldebug_line0
 443 001d 02       		.uleb128 0x2
 444 001e 01       		.byte	0x1
 445 001f 06       		.byte	0x6
 446 0020 0E030000 		.4byte	.LASF0
 447 0024 02       		.uleb128 0x2
 448 0025 01       		.byte	0x1
 449 0026 08       		.byte	0x8
 450 0027 00010000 		.4byte	.LASF1
 451 002b 02       		.uleb128 0x2
 452 002c 02       		.byte	0x2
 453 002d 05       		.byte	0x5
 454 002e A2020000 		.4byte	.LASF2
 455 0032 02       		.uleb128 0x2
 456 0033 02       		.byte	0x2
ARM GAS  C:\Users\VICTOR~1\AppData\Local\Temp\cc2Ed7Rn.s 			page 9


 457 0034 07       		.byte	0x7
 458 0035 1A030000 		.4byte	.LASF3
 459 0039 02       		.uleb128 0x2
 460 003a 04       		.byte	0x4
 461 003b 05       		.byte	0x5
 462 003c 05030000 		.4byte	.LASF4
 463 0040 02       		.uleb128 0x2
 464 0041 04       		.byte	0x4
 465 0042 07       		.byte	0x7
 466 0043 A4010000 		.4byte	.LASF5
 467 0047 02       		.uleb128 0x2
 468 0048 08       		.byte	0x8
 469 0049 05       		.byte	0x5
 470 004a 76020000 		.4byte	.LASF6
 471 004e 02       		.uleb128 0x2
 472 004f 08       		.byte	0x8
 473 0050 07       		.byte	0x7
 474 0051 2A020000 		.4byte	.LASF7
 475 0055 03       		.uleb128 0x3
 476 0056 04       		.byte	0x4
 477 0057 05       		.byte	0x5
 478 0058 696E7400 		.ascii	"int\000"
 479 005c 02       		.uleb128 0x2
 480 005d 04       		.byte	0x4
 481 005e 07       		.byte	0x7
 482 005f 0F020000 		.4byte	.LASF8
 483 0063 04       		.uleb128 0x4
 484 0064 AC020000 		.4byte	.LASF9
 485 0068 01       		.byte	0x1
 486 0069 5B       		.byte	0x5b
 487 006a 24000000 		.4byte	0x24
 488 006e 04       		.uleb128 0x4
 489 006f 08020000 		.4byte	.LASF10
 490 0073 01       		.byte	0x1
 491 0074 5C       		.byte	0x5c
 492 0075 32000000 		.4byte	0x32
 493 0079 02       		.uleb128 0x2
 494 007a 04       		.byte	0x4
 495 007b 04       		.byte	0x4
 496 007c D2000000 		.4byte	.LASF11
 497 0080 02       		.uleb128 0x2
 498 0081 08       		.byte	0x8
 499 0082 04       		.byte	0x4
 500 0083 01020000 		.4byte	.LASF12
 501 0087 02       		.uleb128 0x2
 502 0088 01       		.byte	0x1
 503 0089 08       		.byte	0x8
 504 008a 84020000 		.4byte	.LASF13
 505 008e 02       		.uleb128 0x2
 506 008f 04       		.byte	0x4
 507 0090 07       		.byte	0x7
 508 0091 6D020000 		.4byte	.LASF14
 509 0095 05       		.uleb128 0x5
 510 0096 08       		.byte	0x8
 511 0097 02       		.byte	0x2
 512 0098 87       		.byte	0x87
 513 0099 F2000000 		.4byte	0xf2
ARM GAS  C:\Users\VICTOR~1\AppData\Local\Temp\cc2Ed7Rn.s 			page 10


 514 009d 06       		.uleb128 0x6
 515 009e FB020000 		.4byte	.LASF15
 516 00a2 02       		.byte	0x2
 517 00a3 89       		.byte	0x89
 518 00a4 63000000 		.4byte	0x63
 519 00a8 02       		.byte	0x2
 520 00a9 23       		.byte	0x23
 521 00aa 00       		.uleb128 0
 522 00ab 06       		.uleb128 0x6
 523 00ac F5000000 		.4byte	.LASF16
 524 00b0 02       		.byte	0x2
 525 00b1 8A       		.byte	0x8a
 526 00b2 63000000 		.4byte	0x63
 527 00b6 02       		.byte	0x2
 528 00b7 23       		.byte	0x23
 529 00b8 01       		.uleb128 0x1
 530 00b9 06       		.uleb128 0x6
 531 00ba B6010000 		.4byte	.LASF17
 532 00be 02       		.byte	0x2
 533 00bf 8B       		.byte	0x8b
 534 00c0 63000000 		.4byte	0x63
 535 00c4 02       		.byte	0x2
 536 00c5 23       		.byte	0x23
 537 00c6 02       		.uleb128 0x2
 538 00c7 06       		.uleb128 0x6
 539 00c8 7D010000 		.4byte	.LASF18
 540 00cc 02       		.byte	0x2
 541 00cd 8C       		.byte	0x8c
 542 00ce 63000000 		.4byte	0x63
 543 00d2 02       		.byte	0x2
 544 00d3 23       		.byte	0x23
 545 00d4 03       		.uleb128 0x3
 546 00d5 06       		.uleb128 0x6
 547 00d6 89020000 		.4byte	.LASF19
 548 00da 02       		.byte	0x2
 549 00db 8D       		.byte	0x8d
 550 00dc 6E000000 		.4byte	0x6e
 551 00e0 02       		.byte	0x2
 552 00e1 23       		.byte	0x23
 553 00e2 04       		.uleb128 0x4
 554 00e3 06       		.uleb128 0x6
 555 00e4 43030000 		.4byte	.LASF20
 556 00e8 02       		.byte	0x2
 557 00e9 8E       		.byte	0x8e
 558 00ea 63000000 		.4byte	0x63
 559 00ee 02       		.byte	0x2
 560 00ef 23       		.byte	0x23
 561 00f0 06       		.uleb128 0x6
 562 00f1 00       		.byte	0
 563 00f2 04       		.uleb128 0x4
 564 00f3 88010000 		.4byte	.LASF21
 565 00f7 02       		.byte	0x2
 566 00f8 8F       		.byte	0x8f
 567 00f9 95000000 		.4byte	0x95
 568 00fd 05       		.uleb128 0x5
 569 00fe 08       		.byte	0x8
 570 00ff 02       		.byte	0x2
ARM GAS  C:\Users\VICTOR~1\AppData\Local\Temp\cc2Ed7Rn.s 			page 11


 571 0100 9F       		.byte	0x9f
 572 0101 20010000 		.4byte	0x120
 573 0105 07       		.uleb128 0x7
 574 0106 6300     		.ascii	"c\000"
 575 0108 02       		.byte	0x2
 576 0109 A1       		.byte	0xa1
 577 010a 63000000 		.4byte	0x63
 578 010e 02       		.byte	0x2
 579 010f 23       		.byte	0x23
 580 0110 00       		.uleb128 0
 581 0111 06       		.uleb128 0x6
 582 0112 66020000 		.4byte	.LASF22
 583 0116 02       		.byte	0x2
 584 0117 A2       		.byte	0xa2
 585 0118 20010000 		.4byte	0x120
 586 011c 02       		.byte	0x2
 587 011d 23       		.byte	0x23
 588 011e 04       		.uleb128 0x4
 589 011f 00       		.byte	0
 590 0120 08       		.uleb128 0x8
 591 0121 04       		.byte	0x4
 592 0122 26010000 		.4byte	0x126
 593 0126 09       		.uleb128 0x9
 594 0127 04       		.uleb128 0x4
 595 0128 1C020000 		.4byte	.LASF23
 596 012c 02       		.byte	0x2
 597 012d A3       		.byte	0xa3
 598 012e FD000000 		.4byte	0xfd
 599 0132 0A       		.uleb128 0xa
 600 0133 63000000 		.4byte	0x63
 601 0137 42010000 		.4byte	0x142
 602 013b 0B       		.uleb128 0xb
 603 013c 8E000000 		.4byte	0x8e
 604 0140 11       		.byte	0x11
 605 0141 00       		.byte	0
 606 0142 0C       		.uleb128 0xc
 607 0143 BC000000 		.4byte	.LASF24
 608 0147 03       		.byte	0x3
 609 0148 26       		.byte	0x26
 610 0149 54010000 		.4byte	0x154
 611 014d 01       		.byte	0x1
 612 014e 05       		.byte	0x5
 613 014f 03       		.byte	0x3
 614 0150 00000000 		.4byte	USBUART_DEVICE0_DESCR
 615 0154 0D       		.uleb128 0xd
 616 0155 32010000 		.4byte	0x132
 617 0159 0A       		.uleb128 0xa
 618 015a 63000000 		.4byte	0x63
 619 015e 69010000 		.4byte	0x169
 620 0162 0B       		.uleb128 0xb
 621 0163 8E000000 		.4byte	0x8e
 622 0167 42       		.byte	0x42
 623 0168 00       		.byte	0
 624 0169 0C       		.uleb128 0xc
 625 016a 41020000 		.4byte	.LASF25
 626 016e 03       		.byte	0x3
 627 016f 39       		.byte	0x39
ARM GAS  C:\Users\VICTOR~1\AppData\Local\Temp\cc2Ed7Rn.s 			page 12


 628 0170 7B010000 		.4byte	0x17b
 629 0174 01       		.byte	0x1
 630 0175 05       		.byte	0x5
 631 0176 03       		.byte	0x3
 632 0177 00000000 		.4byte	USBUART_DEVICE0_CONFIGURATION0_DESCR
 633 017b 0D       		.uleb128 0xd
 634 017c 59010000 		.4byte	0x159
 635 0180 0A       		.uleb128 0xa
 636 0181 F2000000 		.4byte	0xf2
 637 0185 90010000 		.4byte	0x190
 638 0189 0B       		.uleb128 0xb
 639 018a 8E000000 		.4byte	0x8e
 640 018e 02       		.byte	0x2
 641 018f 00       		.byte	0
 642 0190 0C       		.uleb128 0xc
 643 0191 73000000 		.4byte	.LASF26
 644 0195 03       		.byte	0x3
 645 0196 DA       		.byte	0xda
 646 0197 A2010000 		.4byte	0x1a2
 647 019b 01       		.byte	0x1
 648 019c 05       		.byte	0x5
 649 019d 03       		.byte	0x3
 650 019e 00000000 		.4byte	USBUART_DEVICE0_CONFIGURATION0_EP_SETTINGS_TABLE
 651 01a2 0D       		.uleb128 0xd
 652 01a3 80010000 		.4byte	0x180
 653 01a7 0A       		.uleb128 0xa
 654 01a8 63000000 		.4byte	0x63
 655 01ac B7010000 		.4byte	0x1b7
 656 01b0 0B       		.uleb128 0xb
 657 01b1 8E000000 		.4byte	0x8e
 658 01b5 01       		.byte	0x1
 659 01b6 00       		.byte	0
 660 01b7 0C       		.uleb128 0xc
 661 01b8 00000000 		.4byte	.LASF27
 662 01bc 03       		.byte	0x3
 663 01bd E0       		.byte	0xe0
 664 01be C9010000 		.4byte	0x1c9
 665 01c2 01       		.byte	0x1
 666 01c3 05       		.byte	0x5
 667 01c4 03       		.byte	0x3
 668 01c5 00000000 		.4byte	USBUART_DEVICE0_CONFIGURATION0_INTERFACE_CLASS
 669 01c9 0D       		.uleb128 0xd
 670 01ca A7010000 		.4byte	0x1a7
 671 01ce 0A       		.uleb128 0xa
 672 01cf 27010000 		.4byte	0x127
 673 01d3 DE010000 		.4byte	0x1de
 674 01d7 0B       		.uleb128 0xb
 675 01d8 8E000000 		.4byte	0x8e
 676 01dc 04       		.byte	0x4
 677 01dd 00       		.byte	0
 678 01de 0C       		.uleb128 0xc
 679 01df BB010000 		.4byte	.LASF28
 680 01e3 03       		.byte	0x3
 681 01e4 E8       		.byte	0xe8
 682 01e5 F0010000 		.4byte	0x1f0
 683 01e9 01       		.byte	0x1
 684 01ea 05       		.byte	0x5
ARM GAS  C:\Users\VICTOR~1\AppData\Local\Temp\cc2Ed7Rn.s 			page 13


 685 01eb 03       		.byte	0x3
 686 01ec 00000000 		.4byte	USBUART_DEVICE0_CONFIGURATION0_TABLE
 687 01f0 0D       		.uleb128 0xd
 688 01f1 CE010000 		.4byte	0x1ce
 689 01f5 0A       		.uleb128 0xa
 690 01f6 27010000 		.4byte	0x127
 691 01fa 05020000 		.4byte	0x205
 692 01fe 0B       		.uleb128 0xb
 693 01ff 8E000000 		.4byte	0x8e
 694 0203 01       		.byte	0x1
 695 0204 00       		.byte	0
 696 0205 0C       		.uleb128 0xc
 697 0206 2D030000 		.4byte	.LASF29
 698 020a 03       		.byte	0x3
 699 020b F3       		.byte	0xf3
 700 020c 17020000 		.4byte	0x217
 701 0210 01       		.byte	0x1
 702 0211 05       		.byte	0x5
 703 0212 03       		.byte	0x3
 704 0213 00000000 		.4byte	USBUART_DEVICE0_TABLE
 705 0217 0D       		.uleb128 0xd
 706 0218 F5010000 		.4byte	0x1f5
 707 021c 0A       		.uleb128 0xa
 708 021d 27010000 		.4byte	0x127
 709 0221 2C020000 		.4byte	0x22c
 710 0225 0B       		.uleb128 0xb
 711 0226 8E000000 		.4byte	0x8e
 712 022a 00       		.byte	0
 713 022b 00       		.byte	0
 714 022c 0C       		.uleb128 0xc
 715 022d 94020000 		.4byte	.LASF30
 716 0231 03       		.byte	0x3
 717 0232 FA       		.byte	0xfa
 718 0233 3E020000 		.4byte	0x23e
 719 0237 01       		.byte	0x1
 720 0238 05       		.byte	0x5
 721 0239 03       		.byte	0x3
 722 023a 00000000 		.4byte	USBUART_TABLE
 723 023e 0D       		.uleb128 0xd
 724 023f 1C020000 		.4byte	0x21c
 725 0243 0C       		.uleb128 0xc
 726 0244 D8000000 		.4byte	.LASF31
 727 0248 03       		.byte	0x3
 728 0249 CB       		.byte	0xcb
 729 024a 55020000 		.4byte	0x255
 730 024e 01       		.byte	0x1
 731 024f 05       		.byte	0x5
 732 0250 03       		.byte	0x3
 733 0251 00000000 		.4byte	USBUART_SN_STRING_DESCRIPTOR
 734 0255 0D       		.uleb128 0xd
 735 0256 A7010000 		.4byte	0x1a7
 736 025a 0A       		.uleb128 0xa
 737 025b 63000000 		.4byte	0x63
 738 025f 6A020000 		.4byte	0x26a
 739 0263 0B       		.uleb128 0xb
 740 0264 8E000000 		.4byte	0x8e
 741 0268 9E       		.byte	0x9e
ARM GAS  C:\Users\VICTOR~1\AppData\Local\Temp\cc2Ed7Rn.s 			page 14


 742 0269 00       		.byte	0
 743 026a 0C       		.uleb128 0xc
 744 026b 58000000 		.4byte	.LASF32
 745 026f 03       		.byte	0x3
 746 0270 98       		.byte	0x98
 747 0271 7C020000 		.4byte	0x27c
 748 0275 01       		.byte	0x1
 749 0276 05       		.byte	0x5
 750 0277 03       		.byte	0x3
 751 0278 00000000 		.4byte	USBUART_STRING_DESCRIPTORS
 752 027c 0D       		.uleb128 0xd
 753 027d 5A020000 		.4byte	0x25a
 754 0281 0E       		.uleb128 0xe
 755 0282 A4000000 		.4byte	.LASF33
 756 0286 03       		.byte	0x3
 757 0287 0A01     		.2byte	0x10a
 758 0289 94020000 		.4byte	0x294
 759 028d 01       		.byte	0x1
 760 028e 05       		.byte	0x5
 761 028f 03       		.byte	0x3
 762 0290 00000000 		.4byte	USBUART_MSOS_DESCRIPTOR
 763 0294 0D       		.uleb128 0xd
 764 0295 32010000 		.4byte	0x132
 765 0299 0A       		.uleb128 0xa
 766 029a 63000000 		.4byte	0x63
 767 029e A9020000 		.4byte	0x2a9
 768 02a2 0B       		.uleb128 0xb
 769 02a3 8E000000 		.4byte	0x8e
 770 02a7 27       		.byte	0x27
 771 02a8 00       		.byte	0
 772 02a9 0E       		.uleb128 0xe
 773 02aa E0010000 		.4byte	.LASF34
 774 02ae 03       		.byte	0x3
 775 02af 1501     		.2byte	0x115
 776 02b1 BC020000 		.4byte	0x2bc
 777 02b5 01       		.byte	0x1
 778 02b6 05       		.byte	0x5
 779 02b7 03       		.byte	0x3
 780 02b8 00000000 		.4byte	USBUART_MSOS_CONFIGURATION_DESCR
 781 02bc 0D       		.uleb128 0xd
 782 02bd 99020000 		.4byte	0x299
 783 02c1 0A       		.uleb128 0xa
 784 02c2 63000000 		.4byte	0x63
 785 02c6 D1020000 		.4byte	0x2d1
 786 02ca 0B       		.uleb128 0xb
 787 02cb 8E000000 		.4byte	0x8e
 788 02cf 21       		.byte	0x21
 789 02d0 00       		.byte	0
 790 02d1 0E       		.uleb128 0xe
 791 02d2 49030000 		.4byte	.LASF35
 792 02d6 03       		.byte	0x3
 793 02d7 2801     		.2byte	0x128
 794 02d9 C1020000 		.4byte	0x2c1
 795 02dd 01       		.byte	0x1
 796 02de 05       		.byte	0x5
 797 02df 03       		.byte	0x3
 798 02e0 00000000 		.4byte	USBUART_idSerialNumberStringDescriptor
ARM GAS  C:\Users\VICTOR~1\AppData\Local\Temp\cc2Ed7Rn.s 			page 15


 799 02e4 00       		.byte	0
 800              		.section	.debug_abbrev,"",%progbits
 801              	.Ldebug_abbrev0:
 802 0000 01       		.uleb128 0x1
 803 0001 11       		.uleb128 0x11
 804 0002 01       		.byte	0x1
 805 0003 25       		.uleb128 0x25
 806 0004 0E       		.uleb128 0xe
 807 0005 13       		.uleb128 0x13
 808 0006 0B       		.uleb128 0xb
 809 0007 03       		.uleb128 0x3
 810 0008 0E       		.uleb128 0xe
 811 0009 1B       		.uleb128 0x1b
 812 000a 0E       		.uleb128 0xe
 813 000b 10       		.uleb128 0x10
 814 000c 06       		.uleb128 0x6
 815 000d 00       		.byte	0
 816 000e 00       		.byte	0
 817 000f 02       		.uleb128 0x2
 818 0010 24       		.uleb128 0x24
 819 0011 00       		.byte	0
 820 0012 0B       		.uleb128 0xb
 821 0013 0B       		.uleb128 0xb
 822 0014 3E       		.uleb128 0x3e
 823 0015 0B       		.uleb128 0xb
 824 0016 03       		.uleb128 0x3
 825 0017 0E       		.uleb128 0xe
 826 0018 00       		.byte	0
 827 0019 00       		.byte	0
 828 001a 03       		.uleb128 0x3
 829 001b 24       		.uleb128 0x24
 830 001c 00       		.byte	0
 831 001d 0B       		.uleb128 0xb
 832 001e 0B       		.uleb128 0xb
 833 001f 3E       		.uleb128 0x3e
 834 0020 0B       		.uleb128 0xb
 835 0021 03       		.uleb128 0x3
 836 0022 08       		.uleb128 0x8
 837 0023 00       		.byte	0
 838 0024 00       		.byte	0
 839 0025 04       		.uleb128 0x4
 840 0026 16       		.uleb128 0x16
 841 0027 00       		.byte	0
 842 0028 03       		.uleb128 0x3
 843 0029 0E       		.uleb128 0xe
 844 002a 3A       		.uleb128 0x3a
 845 002b 0B       		.uleb128 0xb
 846 002c 3B       		.uleb128 0x3b
 847 002d 0B       		.uleb128 0xb
 848 002e 49       		.uleb128 0x49
 849 002f 13       		.uleb128 0x13
 850 0030 00       		.byte	0
 851 0031 00       		.byte	0
 852 0032 05       		.uleb128 0x5
 853 0033 13       		.uleb128 0x13
 854 0034 01       		.byte	0x1
 855 0035 0B       		.uleb128 0xb
ARM GAS  C:\Users\VICTOR~1\AppData\Local\Temp\cc2Ed7Rn.s 			page 16


 856 0036 0B       		.uleb128 0xb
 857 0037 3A       		.uleb128 0x3a
 858 0038 0B       		.uleb128 0xb
 859 0039 3B       		.uleb128 0x3b
 860 003a 0B       		.uleb128 0xb
 861 003b 01       		.uleb128 0x1
 862 003c 13       		.uleb128 0x13
 863 003d 00       		.byte	0
 864 003e 00       		.byte	0
 865 003f 06       		.uleb128 0x6
 866 0040 0D       		.uleb128 0xd
 867 0041 00       		.byte	0
 868 0042 03       		.uleb128 0x3
 869 0043 0E       		.uleb128 0xe
 870 0044 3A       		.uleb128 0x3a
 871 0045 0B       		.uleb128 0xb
 872 0046 3B       		.uleb128 0x3b
 873 0047 0B       		.uleb128 0xb
 874 0048 49       		.uleb128 0x49
 875 0049 13       		.uleb128 0x13
 876 004a 38       		.uleb128 0x38
 877 004b 0A       		.uleb128 0xa
 878 004c 00       		.byte	0
 879 004d 00       		.byte	0
 880 004e 07       		.uleb128 0x7
 881 004f 0D       		.uleb128 0xd
 882 0050 00       		.byte	0
 883 0051 03       		.uleb128 0x3
 884 0052 08       		.uleb128 0x8
 885 0053 3A       		.uleb128 0x3a
 886 0054 0B       		.uleb128 0xb
 887 0055 3B       		.uleb128 0x3b
 888 0056 0B       		.uleb128 0xb
 889 0057 49       		.uleb128 0x49
 890 0058 13       		.uleb128 0x13
 891 0059 38       		.uleb128 0x38
 892 005a 0A       		.uleb128 0xa
 893 005b 00       		.byte	0
 894 005c 00       		.byte	0
 895 005d 08       		.uleb128 0x8
 896 005e 0F       		.uleb128 0xf
 897 005f 00       		.byte	0
 898 0060 0B       		.uleb128 0xb
 899 0061 0B       		.uleb128 0xb
 900 0062 49       		.uleb128 0x49
 901 0063 13       		.uleb128 0x13
 902 0064 00       		.byte	0
 903 0065 00       		.byte	0
 904 0066 09       		.uleb128 0x9
 905 0067 26       		.uleb128 0x26
 906 0068 00       		.byte	0
 907 0069 00       		.byte	0
 908 006a 00       		.byte	0
 909 006b 0A       		.uleb128 0xa
 910 006c 01       		.uleb128 0x1
 911 006d 01       		.byte	0x1
 912 006e 49       		.uleb128 0x49
ARM GAS  C:\Users\VICTOR~1\AppData\Local\Temp\cc2Ed7Rn.s 			page 17


 913 006f 13       		.uleb128 0x13
 914 0070 01       		.uleb128 0x1
 915 0071 13       		.uleb128 0x13
 916 0072 00       		.byte	0
 917 0073 00       		.byte	0
 918 0074 0B       		.uleb128 0xb
 919 0075 21       		.uleb128 0x21
 920 0076 00       		.byte	0
 921 0077 49       		.uleb128 0x49
 922 0078 13       		.uleb128 0x13
 923 0079 2F       		.uleb128 0x2f
 924 007a 0B       		.uleb128 0xb
 925 007b 00       		.byte	0
 926 007c 00       		.byte	0
 927 007d 0C       		.uleb128 0xc
 928 007e 34       		.uleb128 0x34
 929 007f 00       		.byte	0
 930 0080 03       		.uleb128 0x3
 931 0081 0E       		.uleb128 0xe
 932 0082 3A       		.uleb128 0x3a
 933 0083 0B       		.uleb128 0xb
 934 0084 3B       		.uleb128 0x3b
 935 0085 0B       		.uleb128 0xb
 936 0086 49       		.uleb128 0x49
 937 0087 13       		.uleb128 0x13
 938 0088 3F       		.uleb128 0x3f
 939 0089 0C       		.uleb128 0xc
 940 008a 02       		.uleb128 0x2
 941 008b 0A       		.uleb128 0xa
 942 008c 00       		.byte	0
 943 008d 00       		.byte	0
 944 008e 0D       		.uleb128 0xd
 945 008f 26       		.uleb128 0x26
 946 0090 00       		.byte	0
 947 0091 49       		.uleb128 0x49
 948 0092 13       		.uleb128 0x13
 949 0093 00       		.byte	0
 950 0094 00       		.byte	0
 951 0095 0E       		.uleb128 0xe
 952 0096 34       		.uleb128 0x34
 953 0097 00       		.byte	0
 954 0098 03       		.uleb128 0x3
 955 0099 0E       		.uleb128 0xe
 956 009a 3A       		.uleb128 0x3a
 957 009b 0B       		.uleb128 0xb
 958 009c 3B       		.uleb128 0x3b
 959 009d 05       		.uleb128 0x5
 960 009e 49       		.uleb128 0x49
 961 009f 13       		.uleb128 0x13
 962 00a0 3F       		.uleb128 0x3f
 963 00a1 0C       		.uleb128 0xc
 964 00a2 02       		.uleb128 0x2
 965 00a3 0A       		.uleb128 0xa
 966 00a4 00       		.byte	0
 967 00a5 00       		.byte	0
 968 00a6 00       		.byte	0
 969              		.section	.debug_aranges,"",%progbits
ARM GAS  C:\Users\VICTOR~1\AppData\Local\Temp\cc2Ed7Rn.s 			page 18


 970 0000 14000000 		.4byte	0x14
 971 0004 0200     		.2byte	0x2
 972 0006 00000000 		.4byte	.Ldebug_info0
 973 000a 04       		.byte	0x4
 974 000b 00       		.byte	0
 975 000c 0000     		.2byte	0
 976 000e 0000     		.2byte	0
 977 0010 00000000 		.4byte	0
 978 0014 00000000 		.4byte	0
 979              		.section	.debug_line,"",%progbits
 980              	.Ldebug_line0:
 981 0000 5F000000 		.section	.debug_str,"MS",%progbits,1
 981      02005900 
 981      00000201 
 981      FB0E0D00 
 981      01010101 
 982              	.LASF27:
 983 0000 55534255 		.ascii	"USBUART_DEVICE0_CONFIGURATION0_INTERFACE_CLASS\000"
 983      4152545F 
 983      44455649 
 983      4345305F 
 983      434F4E46 
 984              	.LASF37:
 985 002f 2E5C4765 		.ascii	".\\Generated_Source\\PSoC5\\USBUART_descr.c\000"
 985      6E657261 
 985      7465645F 
 985      536F7572 
 985      63655C50 
 986              	.LASF32:
 987 0058 55534255 		.ascii	"USBUART_STRING_DESCRIPTORS\000"
 987      4152545F 
 987      53545249 
 987      4E475F44 
 987      45534352 
 988              	.LASF26:
 989 0073 55534255 		.ascii	"USBUART_DEVICE0_CONFIGURATION0_EP_SETTINGS_TABLE\000"
 989      4152545F 
 989      44455649 
 989      4345305F 
 989      434F4E46 
 990              	.LASF33:
 991 00a4 55534255 		.ascii	"USBUART_MSOS_DESCRIPTOR\000"
 991      4152545F 
 991      4D534F53 
 991      5F444553 
 991      43524950 
 992              	.LASF24:
 993 00bc 55534255 		.ascii	"USBUART_DEVICE0_DESCR\000"
 993      4152545F 
 993      44455649 
 993      4345305F 
 993      44455343 
 994              	.LASF11:
 995 00d2 666C6F61 		.ascii	"float\000"
 995      7400
 996              	.LASF31:
 997 00d8 55534255 		.ascii	"USBUART_SN_STRING_DESCRIPTOR\000"
ARM GAS  C:\Users\VICTOR~1\AppData\Local\Temp\cc2Ed7Rn.s 			page 19


 997      4152545F 
 997      534E5F53 
 997      5452494E 
 997      475F4445 
 998              	.LASF16:
 999 00f5 616C7453 		.ascii	"altSetting\000"
 999      65747469 
 999      6E6700
 1000              	.LASF1:
 1001 0100 756E7369 		.ascii	"unsigned char\000"
 1001      676E6564 
 1001      20636861 
 1001      7200
 1002              	.LASF38:
 1003 010e 433A5C55 		.ascii	"C:\\Users\\Victor Ruela\\Desktop\\UFMG\\2015-1\\Int"
 1003      73657273 
 1003      5C566963 
 1003      746F7220 
 1003      5275656C 
 1004 013b 65677261 		.ascii	"egracao de Dados\\TP pratico\\TP-TID\\PSoC\\TP_Sens"
 1004      63616F20 
 1004      64652044 
 1004      61646F73 
 1004      5C545020 
 1005 016a 6F725C54 		.ascii	"or\\TP_Sensor.cydsn\000"
 1005      505F5365 
 1005      6E736F72 
 1005      2E637964 
 1005      736E00
 1006              	.LASF18:
 1007 017d 61747472 		.ascii	"attributes\000"
 1007      69627574 
 1007      657300
 1008              	.LASF21:
 1009 0188 545F5553 		.ascii	"T_USBUART_EP_SETTINGS_BLOCK\000"
 1009      42554152 
 1009      545F4550 
 1009      5F534554 
 1009      54494E47 
 1010              	.LASF5:
 1011 01a4 6C6F6E67 		.ascii	"long unsigned int\000"
 1011      20756E73 
 1011      69676E65 
 1011      6420696E 
 1011      7400
 1012              	.LASF17:
 1013 01b6 61646472 		.ascii	"addr\000"
 1013      00
 1014              	.LASF28:
 1015 01bb 55534255 		.ascii	"USBUART_DEVICE0_CONFIGURATION0_TABLE\000"
 1015      4152545F 
 1015      44455649 
 1015      4345305F 
 1015      434F4E46 
 1016              	.LASF34:
 1017 01e0 55534255 		.ascii	"USBUART_MSOS_CONFIGURATION_DESCR\000"
 1017      4152545F 
ARM GAS  C:\Users\VICTOR~1\AppData\Local\Temp\cc2Ed7Rn.s 			page 20


 1017      4D534F53 
 1017      5F434F4E 
 1017      46494755 
 1018              	.LASF12:
 1019 0201 646F7562 		.ascii	"double\000"
 1019      6C6500
 1020              	.LASF10:
 1021 0208 75696E74 		.ascii	"uint16\000"
 1021      313600
 1022              	.LASF8:
 1023 020f 756E7369 		.ascii	"unsigned int\000"
 1023      676E6564 
 1023      20696E74 
 1023      00
 1024              	.LASF23:
 1025 021c 545F5553 		.ascii	"T_USBUART_LUT\000"
 1025      42554152 
 1025      545F4C55 
 1025      5400
 1026              	.LASF7:
 1027 022a 6C6F6E67 		.ascii	"long long unsigned int\000"
 1027      206C6F6E 
 1027      6720756E 
 1027      7369676E 
 1027      65642069 
 1028              	.LASF25:
 1029 0241 55534255 		.ascii	"USBUART_DEVICE0_CONFIGURATION0_DESCR\000"
 1029      4152545F 
 1029      44455649 
 1029      4345305F 
 1029      434F4E46 
 1030              	.LASF22:
 1031 0266 705F6C69 		.ascii	"p_list\000"
 1031      737400
 1032              	.LASF14:
 1033 026d 73697A65 		.ascii	"sizetype\000"
 1033      74797065 
 1033      00
 1034              	.LASF6:
 1035 0276 6C6F6E67 		.ascii	"long long int\000"
 1035      206C6F6E 
 1035      6720696E 
 1035      7400
 1036              	.LASF13:
 1037 0284 63686172 		.ascii	"char\000"
 1037      00
 1038              	.LASF19:
 1039 0289 62756666 		.ascii	"bufferSize\000"
 1039      65725369 
 1039      7A6500
 1040              	.LASF30:
 1041 0294 55534255 		.ascii	"USBUART_TABLE\000"
 1041      4152545F 
 1041      5441424C 
 1041      4500
 1042              	.LASF2:
 1043 02a2 73686F72 		.ascii	"short int\000"
ARM GAS  C:\Users\VICTOR~1\AppData\Local\Temp\cc2Ed7Rn.s 			page 21


 1043      7420696E 
 1043      7400
 1044              	.LASF9:
 1045 02ac 75696E74 		.ascii	"uint8\000"
 1045      3800
 1046              	.LASF36:
 1047 02b2 474E5520 		.ascii	"GNU C 4.7.3 20130312 (release) [ARM/embedded-4_7-br"
 1047      4320342E 
 1047      372E3320 
 1047      32303133 
 1047      30333132 
 1048 02e5 616E6368 		.ascii	"anch revision 196615]\000"
 1048      20726576 
 1048      6973696F 
 1048      6E203139 
 1048      36363135 
 1049              	.LASF15:
 1050 02fb 696E7465 		.ascii	"interface\000"
 1050      72666163 
 1050      6500
 1051              	.LASF4:
 1052 0305 6C6F6E67 		.ascii	"long int\000"
 1052      20696E74 
 1052      00
 1053              	.LASF0:
 1054 030e 7369676E 		.ascii	"signed char\000"
 1054      65642063 
 1054      68617200 
 1055              	.LASF3:
 1056 031a 73686F72 		.ascii	"short unsigned int\000"
 1056      7420756E 
 1056      7369676E 
 1056      65642069 
 1056      6E7400
 1057              	.LASF29:
 1058 032d 55534255 		.ascii	"USBUART_DEVICE0_TABLE\000"
 1058      4152545F 
 1058      44455649 
 1058      4345305F 
 1058      5441424C 
 1059              	.LASF20:
 1060 0343 624D6973 		.ascii	"bMisc\000"
 1060      6300
 1061              	.LASF35:
 1062 0349 55534255 		.ascii	"USBUART_idSerialNumberStringDescriptor\000"
 1062      4152545F 
 1062      69645365 
 1062      7269616C 
 1062      4E756D62 
 1063              		.ident	"GCC: (GNU Tools for ARM Embedded Processors) 4.7.3 20130312 (release) [ARM/embedded-4_7-br
