ARM GAS  C:\Users\VICTOR~1\AppData\Local\Temp\ccRfnV2K.s 			page 1


   1              		.syntax unified
   2              		.cpu cortex-m3
   3              		.fpu softvfp
   4              		.eabi_attribute 20, 1
   5              		.eabi_attribute 21, 1
   6              		.eabi_attribute 23, 3
   7              		.eabi_attribute 24, 1
   8              		.eabi_attribute 25, 1
   9              		.eabi_attribute 26, 1
  10              		.eabi_attribute 30, 6
  11              		.eabi_attribute 34, 1
  12              		.eabi_attribute 18, 4
  13              		.thumb
  14              		.file	"cymetadata.c"
  15              		.text
  16              	.Ltext0:
  17              		.cfi_sections	.debug_frame
  18              		.global	cy_meta_configecc
  19              		.section	.cyconfigecc,"a",%progbits
  20              		.align	2
  21              		.type	cy_meta_configecc, %object
  22              		.size	cy_meta_configecc, 128
  23              	cy_meta_configecc:
  24 0000 01       		.byte	1
  25 0001 45       		.byte	69
  26 0002 00       		.byte	0
  27 0003 40       		.byte	64
  28 0004 01       		.byte	1
  29 0005 52       		.byte	82
  30 0006 00       		.byte	0
  31 0007 40       		.byte	64
  32 0008 02       		.byte	2
  33 0009 17       		.byte	23
  34 000a 01       		.byte	1
  35 000b 40       		.byte	64
  36 000c 02       		.byte	2
  37 000d 19       		.byte	25
  38 000e 01       		.byte	1
  39 000f 40       		.byte	64
  40 0010 03       		.byte	3
  41 0011 40       		.byte	64
  42 0012 01       		.byte	1
  43 0013 40       		.byte	64
  44 0014 03       		.byte	3
  45 0015 41       		.byte	65
  46 0016 01       		.byte	1
  47 0017 40       		.byte	64
  48 0018 03       		.byte	3
  49 0019 42       		.byte	66
  50 001a 01       		.byte	1
  51 001b 40       		.byte	64
  52 001c 03       		.byte	3
  53 001d 43       		.byte	67
  54 001e 01       		.byte	1
  55 001f 40       		.byte	64
  56 0020 04       		.byte	4
  57 0021 47       		.byte	71
ARM GAS  C:\Users\VICTOR~1\AppData\Local\Temp\ccRfnV2K.s 			page 2


  58 0022 01       		.byte	1
  59 0023 40       		.byte	64
  60 0024 04       		.byte	4
  61 0025 48       		.byte	72
  62 0026 01       		.byte	1
  63 0027 40       		.byte	64
  64 0028 02       		.byte	2
  65 0029 4C       		.byte	76
  66 002a 01       		.byte	1
  67 002b 40       		.byte	64
  68 002c 01       		.byte	1
  69 002d 51       		.byte	81
  70 002e 01       		.byte	1
  71 002f 40       		.byte	64
  72 0030 7E       		.byte	126
  73 0031 02       		.byte	2
  74 0032 7C       		.byte	124
  75 0033 40       		.byte	64
  76 0034 EA       		.byte	-22
  77 0035 02       		.byte	2
  78 0036 EE       		.byte	-18
  79 0037 0A       		.byte	10
  80 0038 EA       		.byte	-22
  81 0039 02       		.byte	2
  82 003a EE       		.byte	-18
  83 003b 0A       		.byte	10
  84 003c 33       		.byte	51
  85 003d 81       		.byte	-127
  86 003e 36       		.byte	54
  87 003f 40       		.byte	64
  88 0040 CC       		.byte	-52
  89 0041 70       		.byte	112
  90 0042 9F       		.byte	-97
  91 0043 01       		.byte	1
  92 0044 A6       		.byte	-90
  93 0045 40       		.byte	64
  94 0046 A7       		.byte	-89
  95 0047 80       		.byte	-128
  96 0048 9F       		.byte	-97
  97 0049 01       		.byte	1
  98 004a A6       		.byte	-90
  99 004b 40       		.byte	64
 100 004c A7       		.byte	-89
 101 004d 80       		.byte	-128
 102 004e 9F       		.byte	-97
 103 004f 01       		.byte	1
 104 0050 A6       		.byte	-90
 105 0051 40       		.byte	64
 106 0052 A7       		.byte	-89
 107 0053 80       		.byte	-128
 108 0054 08       		.byte	8
 109 0055 08       		.byte	8
 110 0056 0B       		.byte	11
 111 0057 04       		.byte	4
 112 0058 0F       		.byte	15
 113 0059 40       		.byte	64
 114 005a C2       		.byte	-62
ARM GAS  C:\Users\VICTOR~1\AppData\Local\Temp\ccRfnV2K.s 			page 3


 115 005b 0E       		.byte	14
 116 005c AE       		.byte	-82
 117 005d 40       		.byte	64
 118 005e AF       		.byte	-81
 119 005f 81       		.byte	-127
 120 0060 EA       		.byte	-22
 121 0061 40       		.byte	64
 122 0062 EE       		.byte	-18
 123 0063 50       		.byte	80
 124 0064 AC       		.byte	-84
 125 0065 08       		.byte	8
 126 0066 AF       		.byte	-81
 127 0067 44       		.byte	68
 128 0068 00       		.byte	0
 129 0069 2A       		.byte	42
 130 006a 00       		.byte	0
 131 006b 00       		.byte	0
 132 006c 00       		.byte	0
 133 006d 7F       		.byte	127
 134 006e 7F       		.byte	127
 135 006f 00       		.byte	0
 136 0070 00       		.byte	0
 137 0071 00       		.byte	0
 138 0072 00       		.byte	0
 139 0073 00       		.byte	0
 140 0074 00       		.byte	0
 141 0075 00       		.byte	0
 142 0076 00       		.byte	0
 143 0077 00       		.byte	0
 144 0078 00       		.byte	0
 145 0079 00       		.byte	0
 146 007a 00       		.byte	0
 147 007b 00       		.byte	0
 148 007c C0       		.byte	-64
 149 007d 00       		.byte	0
 150 007e 00       		.byte	0
 151 007f 00       		.byte	0
 152              		.global	cy_meta_custnvl
 153              		.section	.cycustnvl,"a",%progbits
 154              		.align	2
 155              		.type	cy_meta_custnvl, %object
 156              		.size	cy_meta_custnvl, 4
 157              	cy_meta_custnvl:
 158 0000 00       		.byte	0
 159 0001 00       		.byte	0
 160 0002 40       		.byte	64
 161 0003 05       		.byte	5
 162              		.global	cy_meta_wonvl
 163              		.section	.cywolatch,"a",%progbits
 164              		.align	2
 165              		.type	cy_meta_wonvl, %object
 166              		.size	cy_meta_wonvl, 4
 167              	cy_meta_wonvl:
 168 0000 BC       		.byte	-68
 169 0001 90       		.byte	-112
 170 0002 AC       		.byte	-84
 171 0003 AF       		.byte	-81
ARM GAS  C:\Users\VICTOR~1\AppData\Local\Temp\ccRfnV2K.s 			page 4


 172              		.global	cy_meta_flashprotect
 173              		.section	.cyflashprotect,"a",%progbits
 174              		.align	2
 175              		.type	cy_meta_flashprotect, %object
 176              		.size	cy_meta_flashprotect, 256
 177              	cy_meta_flashprotect:
 178 0000 00000000 		.space	256
 178      00000000 
 178      00000000 
 178      00000000 
 178      00000000 
 179              		.global	cy_metadata
 180              		.section	.cymeta,"a",%progbits
 181              		.align	2
 182              		.type	cy_metadata, %object
 183              		.size	cy_metadata, 12
 184              	cy_metadata:
 185 0000 00       		.byte	0
 186 0001 01       		.byte	1
 187 0002 2E       		.byte	46
 188 0003 12       		.byte	18
 189 0004 30       		.byte	48
 190 0005 69       		.byte	105
 191 0006 00       		.byte	0
 192 0007 01       		.byte	1
 193 0008 00       		.byte	0
 194 0009 00       		.byte	0
 195 000a 00       		.byte	0
 196 000b 00       		.byte	0
 197              		.text
 198              	.Letext0:
 199              		.file 1 ".\\Generated_Source\\PSoC5\\cymetadata.c"
 200              		.file 2 ".\\Generated_Source\\PSoC5\\cytypes.h"
 201              		.section	.debug_info,"",%progbits
 202              	.Ldebug_info0:
 203 0000 35010000 		.4byte	0x135
 204 0004 0400     		.2byte	0x4
 205 0006 00000000 		.4byte	.Ldebug_abbrev0
 206 000a 04       		.byte	0x4
 207 000b 01       		.uleb128 0x1
 208 000c 27010000 		.4byte	.LASF18
 209 0010 01       		.byte	0x1
 210 0011 00000000 		.4byte	.LASF19
 211 0015 46000000 		.4byte	.LASF20
 212 0019 00000000 		.4byte	.Ldebug_line0
 213 001d 02       		.uleb128 0x2
 214 001e 01       		.byte	0x1
 215 001f 06       		.byte	0x6
 216 0020 FB010000 		.4byte	.LASF0
 217 0024 02       		.uleb128 0x2
 218 0025 01       		.byte	0x1
 219 0026 08       		.byte	0x8
 220 0027 38000000 		.4byte	.LASF1
 221 002b 02       		.uleb128 0x2
 222 002c 02       		.byte	0x2
 223 002d 05       		.byte	0x5
 224 002e E2010000 		.4byte	.LASF2
ARM GAS  C:\Users\VICTOR~1\AppData\Local\Temp\ccRfnV2K.s 			page 5


 225 0032 02       		.uleb128 0x2
 226 0033 02       		.byte	0x2
 227 0034 07       		.byte	0x7
 228 0035 C7000000 		.4byte	.LASF3
 229 0039 02       		.uleb128 0x2
 230 003a 04       		.byte	0x4
 231 003b 05       		.byte	0x5
 232 003c F2010000 		.4byte	.LASF4
 233 0040 02       		.uleb128 0x2
 234 0041 04       		.byte	0x4
 235 0042 07       		.byte	0x7
 236 0043 B5000000 		.4byte	.LASF5
 237 0047 02       		.uleb128 0x2
 238 0048 08       		.byte	0x8
 239 0049 05       		.byte	0x5
 240 004a CF010000 		.4byte	.LASF6
 241 004e 02       		.uleb128 0x2
 242 004f 08       		.byte	0x8
 243 0050 07       		.byte	0x7
 244 0051 10010000 		.4byte	.LASF7
 245 0055 03       		.uleb128 0x3
 246 0056 04       		.byte	0x4
 247 0057 05       		.byte	0x5
 248 0058 696E7400 		.ascii	"int\000"
 249 005c 02       		.uleb128 0x2
 250 005d 04       		.byte	0x4
 251 005e 07       		.byte	0x7
 252 005f 03010000 		.4byte	.LASF8
 253 0063 04       		.uleb128 0x4
 254 0064 EC010000 		.4byte	.LASF21
 255 0068 02       		.byte	0x2
 256 0069 5B       		.byte	0x5b
 257 006a 24000000 		.4byte	0x24
 258 006e 02       		.uleb128 0x2
 259 006f 04       		.byte	0x4
 260 0070 04       		.byte	0x4
 261 0071 32000000 		.4byte	.LASF9
 262 0075 02       		.uleb128 0x2
 263 0076 08       		.byte	0x8
 264 0077 04       		.byte	0x4
 265 0078 DA000000 		.4byte	.LASF10
 266 007c 02       		.uleb128 0x2
 267 007d 01       		.byte	0x1
 268 007e 08       		.byte	0x8
 269 007f DD010000 		.4byte	.LASF11
 270 0083 05       		.uleb128 0x5
 271 0084 63000000 		.4byte	0x63
 272 0088 93000000 		.4byte	0x93
 273 008c 06       		.uleb128 0x6
 274 008d 93000000 		.4byte	0x93
 275 0091 7F       		.byte	0x7f
 276 0092 00       		.byte	0
 277 0093 02       		.uleb128 0x2
 278 0094 04       		.byte	0x4
 279 0095 07       		.byte	0x7
 280 0096 C6010000 		.4byte	.LASF12
 281 009a 07       		.uleb128 0x7
ARM GAS  C:\Users\VICTOR~1\AppData\Local\Temp\ccRfnV2K.s 			page 6


 282 009b F1000000 		.4byte	.LASF13
 283 009f 01       		.byte	0x1
 284 00a0 1C       		.byte	0x1c
 285 00a1 AB000000 		.4byte	0xab
 286 00a5 05       		.uleb128 0x5
 287 00a6 03       		.byte	0x3
 288 00a7 00000000 		.4byte	cy_meta_configecc
 289 00ab 08       		.uleb128 0x8
 290 00ac 83000000 		.4byte	0x83
 291 00b0 05       		.uleb128 0x5
 292 00b1 63000000 		.4byte	0x63
 293 00b5 C0000000 		.4byte	0xc0
 294 00b9 06       		.uleb128 0x6
 295 00ba 93000000 		.4byte	0x93
 296 00be 03       		.byte	0x3
 297 00bf 00       		.byte	0
 298 00c0 07       		.uleb128 0x7
 299 00c1 E1000000 		.4byte	.LASF14
 300 00c5 01       		.byte	0x1
 301 00c6 36       		.byte	0x36
 302 00c7 D1000000 		.4byte	0xd1
 303 00cb 05       		.uleb128 0x5
 304 00cc 03       		.byte	0x3
 305 00cd 00000000 		.4byte	cy_meta_custnvl
 306 00d1 08       		.uleb128 0x8
 307 00d2 B0000000 		.4byte	0xb0
 308 00d6 07       		.uleb128 0x7
 309 00d7 B8010000 		.4byte	.LASF15
 310 00db 01       		.byte	0x1
 311 00dc 41       		.byte	0x41
 312 00dd E7000000 		.4byte	0xe7
 313 00e1 05       		.uleb128 0x5
 314 00e2 03       		.byte	0x3
 315 00e3 00000000 		.4byte	cy_meta_wonvl
 316 00e7 08       		.uleb128 0x8
 317 00e8 B0000000 		.4byte	0xb0
 318 00ec 05       		.uleb128 0x5
 319 00ed 63000000 		.4byte	0x63
 320 00f1 FC000000 		.4byte	0xfc
 321 00f5 06       		.uleb128 0x6
 322 00f6 93000000 		.4byte	0x93
 323 00fa FF       		.byte	0xff
 324 00fb 00       		.byte	0
 325 00fc 07       		.uleb128 0x7
 326 00fd A3010000 		.4byte	.LASF16
 327 0101 01       		.byte	0x1
 328 0102 4C       		.byte	0x4c
 329 0103 0D010000 		.4byte	0x10d
 330 0107 05       		.uleb128 0x5
 331 0108 03       		.byte	0x3
 332 0109 00000000 		.4byte	cy_meta_flashprotect
 333 010d 08       		.uleb128 0x8
 334 010e EC000000 		.4byte	0xec
 335 0112 05       		.uleb128 0x5
 336 0113 63000000 		.4byte	0x63
 337 0117 22010000 		.4byte	0x122
 338 011b 06       		.uleb128 0x6
ARM GAS  C:\Users\VICTOR~1\AppData\Local\Temp\ccRfnV2K.s 			page 7


 339 011c 93000000 		.4byte	0x93
 340 0120 0B       		.byte	0xb
 341 0121 00       		.byte	0
 342 0122 07       		.uleb128 0x7
 343 0123 26000000 		.4byte	.LASF17
 344 0127 01       		.byte	0x1
 345 0128 76       		.byte	0x76
 346 0129 33010000 		.4byte	0x133
 347 012d 05       		.uleb128 0x5
 348 012e 03       		.byte	0x3
 349 012f 00000000 		.4byte	cy_metadata
 350 0133 08       		.uleb128 0x8
 351 0134 12010000 		.4byte	0x112
 352 0138 00       		.byte	0
 353              		.section	.debug_abbrev,"",%progbits
 354              	.Ldebug_abbrev0:
 355 0000 01       		.uleb128 0x1
 356 0001 11       		.uleb128 0x11
 357 0002 01       		.byte	0x1
 358 0003 25       		.uleb128 0x25
 359 0004 0E       		.uleb128 0xe
 360 0005 13       		.uleb128 0x13
 361 0006 0B       		.uleb128 0xb
 362 0007 03       		.uleb128 0x3
 363 0008 0E       		.uleb128 0xe
 364 0009 1B       		.uleb128 0x1b
 365 000a 0E       		.uleb128 0xe
 366 000b 10       		.uleb128 0x10
 367 000c 17       		.uleb128 0x17
 368 000d 00       		.byte	0
 369 000e 00       		.byte	0
 370 000f 02       		.uleb128 0x2
 371 0010 24       		.uleb128 0x24
 372 0011 00       		.byte	0
 373 0012 0B       		.uleb128 0xb
 374 0013 0B       		.uleb128 0xb
 375 0014 3E       		.uleb128 0x3e
 376 0015 0B       		.uleb128 0xb
 377 0016 03       		.uleb128 0x3
 378 0017 0E       		.uleb128 0xe
 379 0018 00       		.byte	0
 380 0019 00       		.byte	0
 381 001a 03       		.uleb128 0x3
 382 001b 24       		.uleb128 0x24
 383 001c 00       		.byte	0
 384 001d 0B       		.uleb128 0xb
 385 001e 0B       		.uleb128 0xb
 386 001f 3E       		.uleb128 0x3e
 387 0020 0B       		.uleb128 0xb
 388 0021 03       		.uleb128 0x3
 389 0022 08       		.uleb128 0x8
 390 0023 00       		.byte	0
 391 0024 00       		.byte	0
 392 0025 04       		.uleb128 0x4
 393 0026 16       		.uleb128 0x16
 394 0027 00       		.byte	0
 395 0028 03       		.uleb128 0x3
ARM GAS  C:\Users\VICTOR~1\AppData\Local\Temp\ccRfnV2K.s 			page 8


 396 0029 0E       		.uleb128 0xe
 397 002a 3A       		.uleb128 0x3a
 398 002b 0B       		.uleb128 0xb
 399 002c 3B       		.uleb128 0x3b
 400 002d 0B       		.uleb128 0xb
 401 002e 49       		.uleb128 0x49
 402 002f 13       		.uleb128 0x13
 403 0030 00       		.byte	0
 404 0031 00       		.byte	0
 405 0032 05       		.uleb128 0x5
 406 0033 01       		.uleb128 0x1
 407 0034 01       		.byte	0x1
 408 0035 49       		.uleb128 0x49
 409 0036 13       		.uleb128 0x13
 410 0037 01       		.uleb128 0x1
 411 0038 13       		.uleb128 0x13
 412 0039 00       		.byte	0
 413 003a 00       		.byte	0
 414 003b 06       		.uleb128 0x6
 415 003c 21       		.uleb128 0x21
 416 003d 00       		.byte	0
 417 003e 49       		.uleb128 0x49
 418 003f 13       		.uleb128 0x13
 419 0040 2F       		.uleb128 0x2f
 420 0041 0B       		.uleb128 0xb
 421 0042 00       		.byte	0
 422 0043 00       		.byte	0
 423 0044 07       		.uleb128 0x7
 424 0045 34       		.uleb128 0x34
 425 0046 00       		.byte	0
 426 0047 03       		.uleb128 0x3
 427 0048 0E       		.uleb128 0xe
 428 0049 3A       		.uleb128 0x3a
 429 004a 0B       		.uleb128 0xb
 430 004b 3B       		.uleb128 0x3b
 431 004c 0B       		.uleb128 0xb
 432 004d 49       		.uleb128 0x49
 433 004e 13       		.uleb128 0x13
 434 004f 3F       		.uleb128 0x3f
 435 0050 19       		.uleb128 0x19
 436 0051 02       		.uleb128 0x2
 437 0052 18       		.uleb128 0x18
 438 0053 00       		.byte	0
 439 0054 00       		.byte	0
 440 0055 08       		.uleb128 0x8
 441 0056 26       		.uleb128 0x26
 442 0057 00       		.byte	0
 443 0058 49       		.uleb128 0x49
 444 0059 13       		.uleb128 0x13
 445 005a 00       		.byte	0
 446 005b 00       		.byte	0
 447 005c 00       		.byte	0
 448              		.section	.debug_aranges,"",%progbits
 449 0000 14000000 		.4byte	0x14
 450 0004 0200     		.2byte	0x2
 451 0006 00000000 		.4byte	.Ldebug_info0
 452 000a 04       		.byte	0x4
ARM GAS  C:\Users\VICTOR~1\AppData\Local\Temp\ccRfnV2K.s 			page 9


 453 000b 00       		.byte	0
 454 000c 0000     		.2byte	0
 455 000e 0000     		.2byte	0
 456 0010 00000000 		.4byte	0
 457 0014 00000000 		.4byte	0
 458              		.section	.debug_line,"",%progbits
 459              	.Ldebug_line0:
 460 0000 4F000000 		.section	.debug_str,"MS",%progbits,1
 460      02004900 
 460      00000201 
 460      FB0E0D00 
 460      01010101 
 461              	.LASF19:
 462 0000 2E5C4765 		.ascii	".\\Generated_Source\\PSoC5\\cymetadata.c\000"
 462      6E657261 
 462      7465645F 
 462      536F7572 
 462      63655C50 
 463              	.LASF17:
 464 0026 63795F6D 		.ascii	"cy_metadata\000"
 464      65746164 
 464      61746100 
 465              	.LASF9:
 466 0032 666C6F61 		.ascii	"float\000"
 466      7400
 467              	.LASF1:
 468 0038 756E7369 		.ascii	"unsigned char\000"
 468      676E6564 
 468      20636861 
 468      7200
 469              	.LASF20:
 470 0046 433A5C55 		.ascii	"C:\\Users\\Victor Ruela\\Desktop\\UFMG\\2015-1\\Int"
 470      73657273 
 470      5C566963 
 470      746F7220 
 470      5275656C 
 471 0073 65677261 		.ascii	"egracao de Dados\\TP pratico\\TP-TID\\PSoC\\TP_Sens"
 471      63616F20 
 471      64652044 
 471      61646F73 
 471      5C545020 
 472 00a2 6F725C54 		.ascii	"or\\TP_Sensor.cydsn\000"
 472      505F5365 
 472      6E736F72 
 472      2E637964 
 472      736E00
 473              	.LASF5:
 474 00b5 6C6F6E67 		.ascii	"long unsigned int\000"
 474      20756E73 
 474      69676E65 
 474      6420696E 
 474      7400
 475              	.LASF3:
 476 00c7 73686F72 		.ascii	"short unsigned int\000"
 476      7420756E 
 476      7369676E 
 476      65642069 
ARM GAS  C:\Users\VICTOR~1\AppData\Local\Temp\ccRfnV2K.s 			page 10


 476      6E7400
 477              	.LASF10:
 478 00da 646F7562 		.ascii	"double\000"
 478      6C6500
 479              	.LASF14:
 480 00e1 63795F6D 		.ascii	"cy_meta_custnvl\000"
 480      6574615F 
 480      63757374 
 480      6E766C00 
 481              	.LASF13:
 482 00f1 63795F6D 		.ascii	"cy_meta_configecc\000"
 482      6574615F 
 482      636F6E66 
 482      69676563 
 482      6300
 483              	.LASF8:
 484 0103 756E7369 		.ascii	"unsigned int\000"
 484      676E6564 
 484      20696E74 
 484      00
 485              	.LASF7:
 486 0110 6C6F6E67 		.ascii	"long long unsigned int\000"
 486      206C6F6E 
 486      6720756E 
 486      7369676E 
 486      65642069 
 487              	.LASF18:
 488 0127 474E5520 		.ascii	"GNU C 4.8.4 20140526 (release) [ARM/embedded-4_8-br"
 488      4320342E 
 488      382E3420 
 488      32303134 
 488      30353236 
 489 015a 616E6368 		.ascii	"anch revision 211358] -mcpu=cortex-m3 -mthumb -g -O"
 489      20726576 
 489      6973696F 
 489      6E203231 
 489      31333538 
 490 018d 30202D66 		.ascii	"0 -ffunction-sections\000"
 490      66756E63 
 490      74696F6E 
 490      2D736563 
 490      74696F6E 
 491              	.LASF16:
 492 01a3 63795F6D 		.ascii	"cy_meta_flashprotect\000"
 492      6574615F 
 492      666C6173 
 492      6870726F 
 492      74656374 
 493              	.LASF15:
 494 01b8 63795F6D 		.ascii	"cy_meta_wonvl\000"
 494      6574615F 
 494      776F6E76 
 494      6C00
 495              	.LASF12:
 496 01c6 73697A65 		.ascii	"sizetype\000"
 496      74797065 
 496      00
ARM GAS  C:\Users\VICTOR~1\AppData\Local\Temp\ccRfnV2K.s 			page 11


 497              	.LASF6:
 498 01cf 6C6F6E67 		.ascii	"long long int\000"
 498      206C6F6E 
 498      6720696E 
 498      7400
 499              	.LASF11:
 500 01dd 63686172 		.ascii	"char\000"
 500      00
 501              	.LASF2:
 502 01e2 73686F72 		.ascii	"short int\000"
 502      7420696E 
 502      7400
 503              	.LASF21:
 504 01ec 75696E74 		.ascii	"uint8\000"
 504      3800
 505              	.LASF4:
 506 01f2 6C6F6E67 		.ascii	"long int\000"
 506      20696E74 
 506      00
 507              	.LASF0:
 508 01fb 7369676E 		.ascii	"signed char\000"
 508      65642063 
 508      68617200 
 509              		.ident	"GCC: (GNU Tools for ARM Embedded Processors) 4.8.4 20140526 (release) [ARM/embedded-4_8-br
