ARM GAS  C:\Users\VICTOR~1\AppData\Local\Temp\cclDodyX.s 			page 1


   1              		.syntax unified
   2              		.cpu cortex-m3
   3              		.fpu softvfp
   4              		.eabi_attribute 20, 1
   5              		.eabi_attribute 21, 1
   6              		.eabi_attribute 23, 3
   7              		.eabi_attribute 24, 1
   8              		.eabi_attribute 25, 1
   9              		.eabi_attribute 26, 1
  10              		.eabi_attribute 30, 6
  11              		.eabi_attribute 34, 1
  12              		.eabi_attribute 18, 4
  13              		.thumb
  14              		.file	"main.c"
  15              		.text
  16              	.Ltext0:
  17              		.cfi_sections	.debug_frame
  18              		.section	.rodata
  19              		.align	2
  20              	.LC0:
  21 0000 25640A00 		.ascii	"%d\012\000"
  22              		.section	.text.main,"ax",%progbits
  23              		.align	2
  24              		.global	main
  25              		.thumb
  26              		.thumb_func
  27              		.type	main, %function
  28              	main:
  29              	.LFB56:
  30              		.file 1 ".\\main.c"
   1:.\main.c      **** /* ========================================
   2:.\main.c      ****  *
   3:.\main.c      ****  * Copyright YOUR COMPANY, THE YEAR
   4:.\main.c      ****  * All Rights Reserved
   5:.\main.c      ****  * UNPUBLISHED, LICENSED SOFTWARE.
   6:.\main.c      ****  *
   7:.\main.c      ****  * CONFIDENTIAL AND PROPRIETARY INFORMATION
   8:.\main.c      ****  * WHICH IS THE PROPERTY OF your company.
   9:.\main.c      ****  *
  10:.\main.c      ****  * ========================================
  11:.\main.c      **** */
  12:.\main.c      **** #include <project.h>
  13:.\main.c      **** #include <stdio.h>
  14:.\main.c      **** 
  15:.\main.c      **** 
  16:.\main.c      **** 
  17:.\main.c      **** int main()
  18:.\main.c      **** {
  31              		.loc 1 18 0
  32              		.cfi_startproc
  33              		@ args = 0, pretend = 0, frame = 144
  34              		@ frame_needed = 1, uses_anonymous_args = 0
  35 0000 80B5     		push	{r7, lr}
  36              		.cfi_def_cfa_offset 8
  37              		.cfi_offset 7, -8
  38              		.cfi_offset 14, -4
  39 0002 A4B0     		sub	sp, sp, #144
ARM GAS  C:\Users\VICTOR~1\AppData\Local\Temp\cclDodyX.s 			page 2


  40              		.cfi_def_cfa_offset 152
  41 0004 00AF     		add	r7, sp, #0
  42              		.cfi_def_cfa_register 7
  19:.\main.c      ****     /* Place your initialization/startup code here (e.g. MyInst_Start()) */
  20:.\main.c      ****     // Initialize USB
  21:.\main.c      ****     USBUART_Start(0u, USBUART_3V_OPERATION);
  43              		.loc 1 21 0
  44 0006 0020     		movs	r0, #0
  45 0008 0021     		movs	r1, #0
  46 000a FFF7FEFF 		bl	USBUART_Start
  22:.\main.c      **** 
  23:.\main.c      ****     int16 temperature;
  24:.\main.c      ****     cystatus Status;
  25:.\main.c      ****     uint8 count;
  26:.\main.c      ****     
  27:.\main.c      ****     
  28:.\main.c      ****     CyGlobalIntEnable; 
  47              		.loc 1 28 0
  48              	@ 28 ".\main.c" 1
  49 000e 62B6     		CPSIE   i
  50              	@ 0 "" 2
  29:.\main.c      ****     
  30:.\main.c      ****     // Wait for USB
  31:.\main.c      ****     while (!USBUART_GetConfiguration());
  51              		.loc 1 31 0
  52              		.thumb
  53 0010 00BF     		nop
  54              	.L2:
  55              		.loc 1 31 0 is_stmt 0 discriminator 1
  56 0012 FFF7FEFF 		bl	USBUART_GetConfiguration
  57 0016 0346     		mov	r3, r0
  58 0018 002B     		cmp	r3, #0
  59 001a FAD0     		beq	.L2
  32:.\main.c      ****     USBUART_CDC_Init();
  60              		.loc 1 32 0 is_stmt 1
  61 001c FFF7FEFF 		bl	USBUART_CDC_Init
  33:.\main.c      **** 
  34:.\main.c      ****     char8 usbBuffer[64] = "";
  62              		.loc 1 34 0
  63 0020 0023     		movs	r3, #0
  64 0022 7B64     		str	r3, [r7, #68]
  65 0024 07F14802 		add	r2, r7, #72
  66 0028 3C23     		movs	r3, #60
  67 002a 1046     		mov	r0, r2
  68 002c 0021     		movs	r1, #0
  69 002e 1A46     		mov	r2, r3
  70 0030 FFF7FEFF 		bl	memset
  35:.\main.c      ****     uint8 buffer[64] = "";
  71              		.loc 1 35 0
  72 0034 0023     		movs	r3, #0
  73 0036 7B60     		str	r3, [r7, #4]
  74 0038 07F10802 		add	r2, r7, #8
  75 003c 3C23     		movs	r3, #60
  76 003e 1046     		mov	r0, r2
  77 0040 0021     		movs	r1, #0
  78 0042 1A46     		mov	r2, r3
  79 0044 FFF7FEFF 		bl	memset
ARM GAS  C:\Users\VICTOR~1\AppData\Local\Temp\cclDodyX.s 			page 3


  80              	.L5:
  36:.\main.c      ****     
  37:.\main.c      ****     for(;;)
  38:.\main.c      ****     {
  39:.\main.c      ****         /* Place your application code here. */
  40:.\main.c      ****         
  41:.\main.c      ****        
  42:.\main.c      ****         // Wait for temperature read command
  43:.\main.c      ****         if(USBUART_DataIsReady() != 0u)               /* Check for input data from PC */
  81              		.loc 1 43 0
  82 0048 FFF7FEFF 		bl	USBUART_DataIsReady
  83 004c 0346     		mov	r3, r0
  84 004e 002B     		cmp	r3, #0
  85 0050 23D0     		beq	.L3
  44:.\main.c      ****         {   
  45:.\main.c      ****             count = USBUART_GetAll(buffer);           /* Read received data and re-enable OUT endpo
  86              		.loc 1 45 0
  87 0052 3B1D     		adds	r3, r7, #4
  88 0054 1846     		mov	r0, r3
  89 0056 FFF7FEFF 		bl	USBUART_GetAll
  90 005a 0346     		mov	r3, r0
  91 005c 87F88F30 		strb	r3, [r7, #143]
  46:.\main.c      ****           
  47:.\main.c      ****             // Read data from sensor
  48:.\main.c      ****             
  49:.\main.c      ****             Status = DieTemp_GetTemp(&temperature);
  92              		.loc 1 49 0
  93 0060 07F18603 		add	r3, r7, #134
  94 0064 1846     		mov	r0, r3
  95 0066 FFF7FEFF 		bl	DieTemp_GetTemp
  96 006a C7F88800 		str	r0, [r7, #136]
  50:.\main.c      **** 
  51:.\main.c      ****     
  52:.\main.c      ****             
  53:.\main.c      ****             sprintf(usbBuffer,"%d\n", temperature);
  97              		.loc 1 53 0
  98 006e B7F88630 		ldrh	r3, [r7, #134]
  99 0072 1BB2     		sxth	r3, r3
 100 0074 07F14402 		add	r2, r7, #68
 101 0078 1046     		mov	r0, r2
 102 007a 0849     		ldr	r1, .L6
 103 007c 1A46     		mov	r2, r3
 104 007e FFF7FEFF 		bl	sprintf
  54:.\main.c      **** 
  55:.\main.c      ****             // Send the data read
  56:.\main.c      ****             while(USBUART_CDCIsReady() == 0u);
 105              		.loc 1 56 0
 106 0082 00BF     		nop
 107              	.L4:
 108              		.loc 1 56 0 is_stmt 0 discriminator 1
 109 0084 FFF7FEFF 		bl	USBUART_CDCIsReady
 110 0088 0346     		mov	r3, r0
 111 008a 002B     		cmp	r3, #0
 112 008c FAD0     		beq	.L4
  57:.\main.c      ****             USBUART_PutString(usbBuffer);
 113              		.loc 1 57 0 is_stmt 1
 114 008e 07F14403 		add	r3, r7, #68
ARM GAS  C:\Users\VICTOR~1\AppData\Local\Temp\cclDodyX.s 			page 4


 115 0092 1846     		mov	r0, r3
 116 0094 FFF7FEFF 		bl	USBUART_PutString
  58:.\main.c      ****         }
  59:.\main.c      ****     }
 117              		.loc 1 59 0
 118 0098 D6E7     		b	.L5
 119              	.L3:
 120 009a D5E7     		b	.L5
 121              	.L7:
 122              		.align	2
 123              	.L6:
 124 009c 00000000 		.word	.LC0
 125              		.cfi_endproc
 126              	.LFE56:
 127              		.size	main, .-main
 128              		.text
 129              	.Letext0:
 130              		.file 2 "c:\\program files (x86)\\cypress\\psoc creator\\3.1\\psoc creator\\import\\gnu_cs\\arm\\4
 131              		.file 3 "c:\\program files (x86)\\cypress\\psoc creator\\3.1\\psoc creator\\import\\gnu_cs\\arm\\4
 132              		.file 4 ".\\Generated_Source\\PSoC5/cytypes.h"
 133              		.file 5 ".\\Generated_Source\\PSoC5/core_cm3.h"
 134              		.section	.debug_info,"",%progbits
 135              	.Ldebug_info0:
 136 0000 59010000 		.4byte	0x159
 137 0004 0400     		.2byte	0x4
 138 0006 00000000 		.4byte	.Ldebug_abbrev0
 139 000a 04       		.byte	0x4
 140 000b 01       		.uleb128 0x1
 141 000c 68010000 		.4byte	.LASF24
 142 0010 01       		.byte	0x1
 143 0011 95000000 		.4byte	.LASF25
 144 0015 D9000000 		.4byte	.LASF26
 145 0019 00000000 		.4byte	.Ldebug_ranges0+0
 146 001d 00000000 		.4byte	0
 147 0021 00000000 		.4byte	.Ldebug_line0
 148 0025 02       		.uleb128 0x2
 149 0026 01       		.byte	0x1
 150 0027 06       		.byte	0x6
 151 0028 CD000000 		.4byte	.LASF0
 152 002c 02       		.uleb128 0x2
 153 002d 01       		.byte	0x1
 154 002e 08       		.byte	0x8
 155 002f 2E000000 		.4byte	.LASF1
 156 0033 02       		.uleb128 0x2
 157 0034 02       		.byte	0x2
 158 0035 05       		.byte	0x5
 159 0036 5E010000 		.4byte	.LASF2
 160 003a 02       		.uleb128 0x2
 161 003b 02       		.byte	0x2
 162 003c 07       		.byte	0x7
 163 003d 0E000000 		.4byte	.LASF3
 164 0041 03       		.uleb128 0x3
 165 0042 48010000 		.4byte	.LASF9
 166 0046 02       		.byte	0x2
 167 0047 37       		.byte	0x37
 168 0048 4C000000 		.4byte	0x4c
 169 004c 02       		.uleb128 0x2
ARM GAS  C:\Users\VICTOR~1\AppData\Local\Temp\cclDodyX.s 			page 5


 170 004d 04       		.byte	0x4
 171 004e 05       		.byte	0x5
 172 004f 8C000000 		.4byte	.LASF4
 173 0053 02       		.uleb128 0x2
 174 0054 04       		.byte	0x4
 175 0055 07       		.byte	0x7
 176 0056 9E000000 		.4byte	.LASF5
 177 005a 02       		.uleb128 0x2
 178 005b 08       		.byte	0x8
 179 005c 05       		.byte	0x5
 180 005d 00000000 		.4byte	.LASF6
 181 0061 02       		.uleb128 0x2
 182 0062 08       		.byte	0x8
 183 0063 07       		.byte	0x7
 184 0064 51000000 		.4byte	.LASF7
 185 0068 04       		.uleb128 0x4
 186 0069 04       		.byte	0x4
 187 006a 05       		.byte	0x5
 188 006b 696E7400 		.ascii	"int\000"
 189 006f 02       		.uleb128 0x2
 190 0070 04       		.byte	0x4
 191 0071 07       		.byte	0x7
 192 0072 21000000 		.4byte	.LASF8
 193 0076 03       		.uleb128 0x3
 194 0077 E4010000 		.4byte	.LASF10
 195 007b 03       		.byte	0x3
 196 007c 41       		.byte	0x41
 197 007d 41000000 		.4byte	0x41
 198 0081 03       		.uleb128 0x3
 199 0082 41000000 		.4byte	.LASF11
 200 0086 04       		.byte	0x4
 201 0087 5B       		.byte	0x5b
 202 0088 2C000000 		.4byte	0x2c
 203 008c 03       		.uleb128 0x3
 204 008d 58010000 		.4byte	.LASF12
 205 0091 04       		.byte	0x4
 206 0092 5F       		.byte	0x5f
 207 0093 33000000 		.4byte	0x33
 208 0097 02       		.uleb128 0x2
 209 0098 04       		.byte	0x4
 210 0099 04       		.byte	0x4
 211 009a 52010000 		.4byte	.LASF13
 212 009e 02       		.uleb128 0x2
 213 009f 08       		.byte	0x8
 214 00a0 04       		.byte	0x4
 215 00a1 B0000000 		.4byte	.LASF14
 216 00a5 03       		.uleb128 0x3
 217 00a6 68000000 		.4byte	.LASF15
 218 00aa 04       		.byte	0x4
 219 00ab 6C       		.byte	0x6c
 220 00ac B0000000 		.4byte	0xb0
 221 00b0 02       		.uleb128 0x2
 222 00b1 01       		.byte	0x1
 223 00b2 08       		.byte	0x8
 224 00b3 81000000 		.4byte	.LASF16
 225 00b7 03       		.uleb128 0x3
 226 00b8 B7000000 		.4byte	.LASF17
ARM GAS  C:\Users\VICTOR~1\AppData\Local\Temp\cclDodyX.s 			page 6


 227 00bc 04       		.byte	0x4
 228 00bd E8       		.byte	0xe8
 229 00be 53000000 		.4byte	0x53
 230 00c2 02       		.uleb128 0x2
 231 00c3 04       		.byte	0x4
 232 00c4 07       		.byte	0x7
 233 00c5 F3010000 		.4byte	.LASF18
 234 00c9 05       		.uleb128 0x5
 235 00ca 3C000000 		.4byte	.LASF27
 236 00ce 01       		.byte	0x1
 237 00cf 11       		.byte	0x11
 238 00d0 68000000 		.4byte	0x68
 239 00d4 00000000 		.4byte	.LFB56
 240 00d8 A0000000 		.4byte	.LFE56-.LFB56
 241 00dc 01       		.uleb128 0x1
 242 00dd 9C       		.byte	0x9c
 243 00de 2B010000 		.4byte	0x12b
 244 00e2 06       		.uleb128 0x6
 245 00e3 75000000 		.4byte	.LASF19
 246 00e7 01       		.byte	0x1
 247 00e8 17       		.byte	0x17
 248 00e9 8C000000 		.4byte	0x8c
 249 00ed 02       		.uleb128 0x2
 250 00ee 91       		.byte	0x91
 251 00ef 6E       		.sleb128 -18
 252 00f0 06       		.uleb128 0x6
 253 00f1 6E000000 		.4byte	.LASF20
 254 00f5 01       		.byte	0x1
 255 00f6 18       		.byte	0x18
 256 00f7 B7000000 		.4byte	0xb7
 257 00fb 02       		.uleb128 0x2
 258 00fc 91       		.byte	0x91
 259 00fd 70       		.sleb128 -16
 260 00fe 06       		.uleb128 0x6
 261 00ff 86000000 		.4byte	.LASF21
 262 0103 01       		.byte	0x1
 263 0104 19       		.byte	0x19
 264 0105 81000000 		.4byte	0x81
 265 0109 02       		.uleb128 0x2
 266 010a 91       		.byte	0x91
 267 010b 77       		.sleb128 -9
 268 010c 06       		.uleb128 0x6
 269 010d 47000000 		.4byte	.LASF22
 270 0111 01       		.byte	0x1
 271 0112 22       		.byte	0x22
 272 0113 2B010000 		.4byte	0x12b
 273 0117 03       		.uleb128 0x3
 274 0118 91       		.byte	0x91
 275 0119 AC7F     		.sleb128 -84
 276 011b 06       		.uleb128 0x6
 277 011c EC010000 		.4byte	.LASF23
 278 0120 01       		.byte	0x1
 279 0121 23       		.byte	0x23
 280 0122 3B010000 		.4byte	0x13b
 281 0126 03       		.uleb128 0x3
 282 0127 91       		.byte	0x91
 283 0128 EC7E     		.sleb128 -148
ARM GAS  C:\Users\VICTOR~1\AppData\Local\Temp\cclDodyX.s 			page 7


 284 012a 00       		.byte	0
 285 012b 07       		.uleb128 0x7
 286 012c A5000000 		.4byte	0xa5
 287 0130 3B010000 		.4byte	0x13b
 288 0134 08       		.uleb128 0x8
 289 0135 C2000000 		.4byte	0xc2
 290 0139 3F       		.byte	0x3f
 291 013a 00       		.byte	0
 292 013b 07       		.uleb128 0x7
 293 013c 81000000 		.4byte	0x81
 294 0140 4B010000 		.4byte	0x14b
 295 0144 08       		.uleb128 0x8
 296 0145 C2000000 		.4byte	0xc2
 297 0149 3F       		.byte	0x3f
 298 014a 00       		.byte	0
 299 014b 09       		.uleb128 0x9
 300 014c C0000000 		.4byte	.LASF28
 301 0150 05       		.byte	0x5
 302 0151 1606     		.2byte	0x616
 303 0153 57010000 		.4byte	0x157
 304 0157 0A       		.uleb128 0xa
 305 0158 76000000 		.4byte	0x76
 306 015c 00       		.byte	0
 307              		.section	.debug_abbrev,"",%progbits
 308              	.Ldebug_abbrev0:
 309 0000 01       		.uleb128 0x1
 310 0001 11       		.uleb128 0x11
 311 0002 01       		.byte	0x1
 312 0003 25       		.uleb128 0x25
 313 0004 0E       		.uleb128 0xe
 314 0005 13       		.uleb128 0x13
 315 0006 0B       		.uleb128 0xb
 316 0007 03       		.uleb128 0x3
 317 0008 0E       		.uleb128 0xe
 318 0009 1B       		.uleb128 0x1b
 319 000a 0E       		.uleb128 0xe
 320 000b 55       		.uleb128 0x55
 321 000c 17       		.uleb128 0x17
 322 000d 11       		.uleb128 0x11
 323 000e 01       		.uleb128 0x1
 324 000f 10       		.uleb128 0x10
 325 0010 17       		.uleb128 0x17
 326 0011 00       		.byte	0
 327 0012 00       		.byte	0
 328 0013 02       		.uleb128 0x2
 329 0014 24       		.uleb128 0x24
 330 0015 00       		.byte	0
 331 0016 0B       		.uleb128 0xb
 332 0017 0B       		.uleb128 0xb
 333 0018 3E       		.uleb128 0x3e
 334 0019 0B       		.uleb128 0xb
 335 001a 03       		.uleb128 0x3
 336 001b 0E       		.uleb128 0xe
 337 001c 00       		.byte	0
 338 001d 00       		.byte	0
 339 001e 03       		.uleb128 0x3
 340 001f 16       		.uleb128 0x16
ARM GAS  C:\Users\VICTOR~1\AppData\Local\Temp\cclDodyX.s 			page 8


 341 0020 00       		.byte	0
 342 0021 03       		.uleb128 0x3
 343 0022 0E       		.uleb128 0xe
 344 0023 3A       		.uleb128 0x3a
 345 0024 0B       		.uleb128 0xb
 346 0025 3B       		.uleb128 0x3b
 347 0026 0B       		.uleb128 0xb
 348 0027 49       		.uleb128 0x49
 349 0028 13       		.uleb128 0x13
 350 0029 00       		.byte	0
 351 002a 00       		.byte	0
 352 002b 04       		.uleb128 0x4
 353 002c 24       		.uleb128 0x24
 354 002d 00       		.byte	0
 355 002e 0B       		.uleb128 0xb
 356 002f 0B       		.uleb128 0xb
 357 0030 3E       		.uleb128 0x3e
 358 0031 0B       		.uleb128 0xb
 359 0032 03       		.uleb128 0x3
 360 0033 08       		.uleb128 0x8
 361 0034 00       		.byte	0
 362 0035 00       		.byte	0
 363 0036 05       		.uleb128 0x5
 364 0037 2E       		.uleb128 0x2e
 365 0038 01       		.byte	0x1
 366 0039 3F       		.uleb128 0x3f
 367 003a 19       		.uleb128 0x19
 368 003b 03       		.uleb128 0x3
 369 003c 0E       		.uleb128 0xe
 370 003d 3A       		.uleb128 0x3a
 371 003e 0B       		.uleb128 0xb
 372 003f 3B       		.uleb128 0x3b
 373 0040 0B       		.uleb128 0xb
 374 0041 49       		.uleb128 0x49
 375 0042 13       		.uleb128 0x13
 376 0043 11       		.uleb128 0x11
 377 0044 01       		.uleb128 0x1
 378 0045 12       		.uleb128 0x12
 379 0046 06       		.uleb128 0x6
 380 0047 40       		.uleb128 0x40
 381 0048 18       		.uleb128 0x18
 382 0049 9642     		.uleb128 0x2116
 383 004b 19       		.uleb128 0x19
 384 004c 01       		.uleb128 0x1
 385 004d 13       		.uleb128 0x13
 386 004e 00       		.byte	0
 387 004f 00       		.byte	0
 388 0050 06       		.uleb128 0x6
 389 0051 34       		.uleb128 0x34
 390 0052 00       		.byte	0
 391 0053 03       		.uleb128 0x3
 392 0054 0E       		.uleb128 0xe
 393 0055 3A       		.uleb128 0x3a
 394 0056 0B       		.uleb128 0xb
 395 0057 3B       		.uleb128 0x3b
 396 0058 0B       		.uleb128 0xb
 397 0059 49       		.uleb128 0x49
ARM GAS  C:\Users\VICTOR~1\AppData\Local\Temp\cclDodyX.s 			page 9


 398 005a 13       		.uleb128 0x13
 399 005b 02       		.uleb128 0x2
 400 005c 18       		.uleb128 0x18
 401 005d 00       		.byte	0
 402 005e 00       		.byte	0
 403 005f 07       		.uleb128 0x7
 404 0060 01       		.uleb128 0x1
 405 0061 01       		.byte	0x1
 406 0062 49       		.uleb128 0x49
 407 0063 13       		.uleb128 0x13
 408 0064 01       		.uleb128 0x1
 409 0065 13       		.uleb128 0x13
 410 0066 00       		.byte	0
 411 0067 00       		.byte	0
 412 0068 08       		.uleb128 0x8
 413 0069 21       		.uleb128 0x21
 414 006a 00       		.byte	0
 415 006b 49       		.uleb128 0x49
 416 006c 13       		.uleb128 0x13
 417 006d 2F       		.uleb128 0x2f
 418 006e 0B       		.uleb128 0xb
 419 006f 00       		.byte	0
 420 0070 00       		.byte	0
 421 0071 09       		.uleb128 0x9
 422 0072 34       		.uleb128 0x34
 423 0073 00       		.byte	0
 424 0074 03       		.uleb128 0x3
 425 0075 0E       		.uleb128 0xe
 426 0076 3A       		.uleb128 0x3a
 427 0077 0B       		.uleb128 0xb
 428 0078 3B       		.uleb128 0x3b
 429 0079 05       		.uleb128 0x5
 430 007a 49       		.uleb128 0x49
 431 007b 13       		.uleb128 0x13
 432 007c 3F       		.uleb128 0x3f
 433 007d 19       		.uleb128 0x19
 434 007e 3C       		.uleb128 0x3c
 435 007f 19       		.uleb128 0x19
 436 0080 00       		.byte	0
 437 0081 00       		.byte	0
 438 0082 0A       		.uleb128 0xa
 439 0083 35       		.uleb128 0x35
 440 0084 00       		.byte	0
 441 0085 49       		.uleb128 0x49
 442 0086 13       		.uleb128 0x13
 443 0087 00       		.byte	0
 444 0088 00       		.byte	0
 445 0089 00       		.byte	0
 446              		.section	.debug_aranges,"",%progbits
 447 0000 1C000000 		.4byte	0x1c
 448 0004 0200     		.2byte	0x2
 449 0006 00000000 		.4byte	.Ldebug_info0
 450 000a 04       		.byte	0x4
 451 000b 00       		.byte	0
 452 000c 0000     		.2byte	0
 453 000e 0000     		.2byte	0
 454 0010 00000000 		.4byte	.LFB56
ARM GAS  C:\Users\VICTOR~1\AppData\Local\Temp\cclDodyX.s 			page 10


 455 0014 A0000000 		.4byte	.LFE56-.LFB56
 456 0018 00000000 		.4byte	0
 457 001c 00000000 		.4byte	0
 458              		.section	.debug_ranges,"",%progbits
 459              	.Ldebug_ranges0:
 460 0000 00000000 		.4byte	.LFB56
 461 0004 A0000000 		.4byte	.LFE56
 462 0008 00000000 		.4byte	0
 463 000c 00000000 		.4byte	0
 464              		.section	.debug_line,"",%progbits
 465              	.Ldebug_line0:
 466 0000 81010000 		.section	.debug_str,"MS",%progbits,1
 466      02005101 
 466      00000201 
 466      FB0E0D00 
 466      01010101 
 467              	.LASF6:
 468 0000 6C6F6E67 		.ascii	"long long int\000"
 468      206C6F6E 
 468      6720696E 
 468      7400
 469              	.LASF3:
 470 000e 73686F72 		.ascii	"short unsigned int\000"
 470      7420756E 
 470      7369676E 
 470      65642069 
 470      6E7400
 471              	.LASF8:
 472 0021 756E7369 		.ascii	"unsigned int\000"
 472      676E6564 
 472      20696E74 
 472      00
 473              	.LASF1:
 474 002e 756E7369 		.ascii	"unsigned char\000"
 474      676E6564 
 474      20636861 
 474      7200
 475              	.LASF27:
 476 003c 6D61696E 		.ascii	"main\000"
 476      00
 477              	.LASF11:
 478 0041 75696E74 		.ascii	"uint8\000"
 478      3800
 479              	.LASF22:
 480 0047 75736242 		.ascii	"usbBuffer\000"
 480      75666665 
 480      7200
 481              	.LASF7:
 482 0051 6C6F6E67 		.ascii	"long long unsigned int\000"
 482      206C6F6E 
 482      6720756E 
 482      7369676E 
 482      65642069 
 483              	.LASF15:
 484 0068 63686172 		.ascii	"char8\000"
 484      3800
 485              	.LASF20:
ARM GAS  C:\Users\VICTOR~1\AppData\Local\Temp\cclDodyX.s 			page 11


 486 006e 53746174 		.ascii	"Status\000"
 486      757300
 487              	.LASF19:
 488 0075 74656D70 		.ascii	"temperature\000"
 488      65726174 
 488      75726500 
 489              	.LASF16:
 490 0081 63686172 		.ascii	"char\000"
 490      00
 491              	.LASF21:
 492 0086 636F756E 		.ascii	"count\000"
 492      7400
 493              	.LASF4:
 494 008c 6C6F6E67 		.ascii	"long int\000"
 494      20696E74 
 494      00
 495              	.LASF25:
 496 0095 2E5C6D61 		.ascii	".\\main.c\000"
 496      696E2E63 
 496      00
 497              	.LASF5:
 498 009e 6C6F6E67 		.ascii	"long unsigned int\000"
 498      20756E73 
 498      69676E65 
 498      6420696E 
 498      7400
 499              	.LASF14:
 500 00b0 646F7562 		.ascii	"double\000"
 500      6C6500
 501              	.LASF17:
 502 00b7 63797374 		.ascii	"cystatus\000"
 502      61747573 
 502      00
 503              	.LASF28:
 504 00c0 49544D5F 		.ascii	"ITM_RxBuffer\000"
 504      52784275 
 504      66666572 
 504      00
 505              	.LASF0:
 506 00cd 7369676E 		.ascii	"signed char\000"
 506      65642063 
 506      68617200 
 507              	.LASF26:
 508 00d9 433A5C55 		.ascii	"C:\\Users\\Victor Ruela\\Desktop\\UFMG\\2015-1\\Int"
 508      73657273 
 508      5C566963 
 508      746F7220 
 508      5275656C 
 509 0106 65677261 		.ascii	"egracao de Dados\\TP pratico\\TP-TID\\PSoC\\TP_Sens"
 509      63616F20 
 509      64652044 
 509      61646F73 
 509      5C545020 
 510 0135 6F725C54 		.ascii	"or\\TP_Sensor.cydsn\000"
 510      505F5365 
 510      6E736F72 
 510      2E637964 
ARM GAS  C:\Users\VICTOR~1\AppData\Local\Temp\cclDodyX.s 			page 12


 510      736E00
 511              	.LASF9:
 512 0148 5F5F696E 		.ascii	"__int32_t\000"
 512      7433325F 
 512      7400
 513              	.LASF13:
 514 0152 666C6F61 		.ascii	"float\000"
 514      7400
 515              	.LASF12:
 516 0158 696E7431 		.ascii	"int16\000"
 516      3600
 517              	.LASF2:
 518 015e 73686F72 		.ascii	"short int\000"
 518      7420696E 
 518      7400
 519              	.LASF24:
 520 0168 474E5520 		.ascii	"GNU C 4.8.4 20140526 (release) [ARM/embedded-4_8-br"
 520      4320342E 
 520      382E3420 
 520      32303134 
 520      30353236 
 521 019b 616E6368 		.ascii	"anch revision 211358] -mcpu=cortex-m3 -mthumb -g -O"
 521      20726576 
 521      6973696F 
 521      6E203231 
 521      31333538 
 522 01ce 30202D66 		.ascii	"0 -ffunction-sections\000"
 522      66756E63 
 522      74696F6E 
 522      2D736563 
 522      74696F6E 
 523              	.LASF10:
 524 01e4 696E7433 		.ascii	"int32_t\000"
 524      325F7400 
 525              	.LASF23:
 526 01ec 62756666 		.ascii	"buffer\000"
 526      657200
 527              	.LASF18:
 528 01f3 73697A65 		.ascii	"sizetype\000"
 528      74797065 
 528      00
 529              		.ident	"GCC: (GNU Tools for ARM Embedded Processors) 4.8.4 20140526 (release) [ARM/embedded-4_8-br
