--------------- Build Started: 05/08/2015 11:39:53 Project: TP_Sensor, Configuration: ARM GCC 4.8.4 Debug ---------------
The code generation step is up to date.
arm-none-eabi-gcc.exe -mcpu=cortex-m3 -mthumb -Wno-main -I. -I.\Generated_Source\PSoC5 -Wa,-alh=.\CortexM3\ARM_GCC_484\Debug/main.lst -g -D DEBUG -Wall -ffunction-sections -O0 -c .\main.c -o .\CortexM3\ARM_GCC_484\Debug\main.o
.\main.c: In function 'main':
.\main.c:25:11: warning: variable 'count' set but not used [-Wunused-but-set-variable]
     uint8 count;
           ^
.\main.c:24:14: warning: variable 'Status' set but not used [-Wunused-but-set-variable]
     cystatus Status;
              ^
arm-none-eabi-gcc.exe -mcpu=cortex-m3 -mthumb -Wno-main -I. -I.\Generated_Source\PSoC5 -Wa,-alh=.\CortexM3\ARM_GCC_484\Debug/cyfitter_cfg.lst -g -D DEBUG -Wall -ffunction-sections -O0 -c .\Generated_Source\PSoC5\cyfitter_cfg.c -o .\CortexM3\ARM_GCC_484\Debug\cyfitter_cfg.o
arm-none-eabi-gcc.exe -mcpu=cortex-m3 -mthumb -Wno-main -I. -I.\Generated_Source\PSoC5 -Wa,-alh=.\CortexM3\ARM_GCC_484\Debug/cymetadata.lst -g -D DEBUG -Wall -ffunction-sections -O0 -c .\Generated_Source\PSoC5\cymetadata.c -o .\CortexM3\ARM_GCC_484\Debug\cymetadata.o
arm-none-eabi-gcc.exe -mcpu=cortex-m3 -mthumb -Wno-main -I. -I.\Generated_Source\PSoC5 -Wa,-alh=.\CortexM3\ARM_GCC_484\Debug/DieTemp.lst -g -D DEBUG -Wall -ffunction-sections -O0 -c .\Generated_Source\PSoC5\DieTemp.c -o .\CortexM3\ARM_GCC_484\Debug\DieTemp.o
arm-none-eabi-gcc.exe -mcpu=cortex-m3 -mthumb -Wno-main -I. -I.\Generated_Source\PSoC5 -Wa,-alh=.\CortexM3\ARM_GCC_484\Debug/USBUART.lst -g -D DEBUG -Wall -ffunction-sections -O0 -c .\Generated_Source\PSoC5\USBUART.c -o .\CortexM3\ARM_GCC_484\Debug\USBUART.o
arm-none-eabi-gcc.exe -mcpu=cortex-m3 -mthumb -Wno-main -I. -I.\Generated_Source\PSoC5 -Wa,-alh=.\CortexM3\ARM_GCC_484\Debug/USBUART_audio.lst -g -D DEBUG -Wall -ffunction-sections -O0 -c .\Generated_Source\PSoC5\USBUART_audio.c -o .\CortexM3\ARM_GCC_484\Debug\USBUART_audio.o
arm-none-eabi-gcc.exe -mcpu=cortex-m3 -mthumb -Wno-main -I. -I.\Generated_Source\PSoC5 -Wa,-alh=.\CortexM3\ARM_GCC_484\Debug/USBUART_boot.lst -g -D DEBUG -Wall -ffunction-sections -O0 -c .\Generated_Source\PSoC5\USBUART_boot.c -o .\CortexM3\ARM_GCC_484\Debug\USBUART_boot.o
arm-none-eabi-gcc.exe -mcpu=cortex-m3 -mthumb -Wno-main -I. -I.\Generated_Source\PSoC5 -Wa,-alh=.\CortexM3\ARM_GCC_484\Debug/USBUART_cdc.lst -g -D DEBUG -Wall -ffunction-sections -O0 -c .\Generated_Source\PSoC5\USBUART_cdc.c -o .\CortexM3\ARM_GCC_484\Debug\USBUART_cdc.o
arm-none-eabi-gcc.exe -mcpu=cortex-m3 -mthumb -Wno-main -I. -I.\Generated_Source\PSoC5 -Wa,-alh=.\CortexM3\ARM_GCC_484\Debug/USBUART_cls.lst -g -D DEBUG -Wall -ffunction-sections -O0 -c .\Generated_Source\PSoC5\USBUART_cls.c -o .\CortexM3\ARM_GCC_484\Debug\USBUART_cls.o
arm-none-eabi-gcc.exe -mcpu=cortex-m3 -mthumb -Wno-main -I. -I.\Generated_Source\PSoC5 -Wa,-alh=.\CortexM3\ARM_GCC_484\Debug/USBUART_descr.lst -g -D DEBUG -Wall -ffunction-sections -O0 -c .\Generated_Source\PSoC5\USBUART_descr.c -o .\CortexM3\ARM_GCC_484\Debug\USBUART_descr.o
arm-none-eabi-gcc.exe -mcpu=cortex-m3 -mthumb -Wno-main -I. -I.\Generated_Source\PSoC5 -Wa,-alh=.\CortexM3\ARM_GCC_484\Debug/USBUART_drv.lst -g -D DEBUG -Wall -ffunction-sections -O0 -c .\Generated_Source\PSoC5\USBUART_drv.c -o .\CortexM3\ARM_GCC_484\Debug\USBUART_drv.o
arm-none-eabi-gcc.exe -mcpu=cortex-m3 -mthumb -Wno-main -I. -I.\Generated_Source\PSoC5 -Wa,-alh=.\CortexM3\ARM_GCC_484\Debug/USBUART_episr.lst -g -D DEBUG -Wall -ffunction-sections -O0 -c .\Generated_Source\PSoC5\USBUART_episr.c -o .\CortexM3\ARM_GCC_484\Debug\USBUART_episr.o
arm-none-eabi-gcc.exe -mcpu=cortex-m3 -mthumb -Wno-main -I. -I.\Generated_Source\PSoC5 -Wa,-alh=.\CortexM3\ARM_GCC_484\Debug/USBUART_hid.lst -g -D DEBUG -Wall -ffunction-sections -O0 -c .\Generated_Source\PSoC5\USBUART_hid.c -o .\CortexM3\ARM_GCC_484\Debug\USBUART_hid.o
arm-none-eabi-gcc.exe -mcpu=cortex-m3 -mthumb -Wno-main -I. -I.\Generated_Source\PSoC5 -Wa,-alh=.\CortexM3\ARM_GCC_484\Debug/USBUART_pm.lst -g -D DEBUG -Wall -ffunction-sections -O0 -c .\Generated_Source\PSoC5\USBUART_pm.c -o .\CortexM3\ARM_GCC_484\Debug\USBUART_pm.o
arm-none-eabi-gcc.exe -mcpu=cortex-m3 -mthumb -Wno-main -I. -I.\Generated_Source\PSoC5 -Wa,-alh=.\CortexM3\ARM_GCC_484\Debug/USBUART_std.lst -g -D DEBUG -Wall -ffunction-sections -O0 -c .\Generated_Source\PSoC5\USBUART_std.c -o .\CortexM3\ARM_GCC_484\Debug\USBUART_std.o
arm-none-eabi-gcc.exe -mcpu=cortex-m3 -mthumb -Wno-main -I. -I.\Generated_Source\PSoC5 -Wa,-alh=.\CortexM3\ARM_GCC_484\Debug/USBUART_vnd.lst -g -D DEBUG -Wall -ffunction-sections -O0 -c .\Generated_Source\PSoC5\USBUART_vnd.c -o .\CortexM3\ARM_GCC_484\Debug\USBUART_vnd.o
arm-none-eabi-gcc.exe -mcpu=cortex-m3 -mthumb -Wno-main -I. -I.\Generated_Source\PSoC5 -Wa,-alh=.\CortexM3\ARM_GCC_484\Debug/USBUART_midi.lst -g -D DEBUG -Wall -ffunction-sections -O0 -c .\Generated_Source\PSoC5\USBUART_midi.c -o .\CortexM3\ARM_GCC_484\Debug\USBUART_midi.o
arm-none-eabi-gcc.exe -mcpu=cortex-m3 -mthumb -Wno-main -I. -I.\Generated_Source\PSoC5 -Wa,-alh=.\CortexM3\ARM_GCC_484\Debug/USBUART_Dm.lst -g -D DEBUG -Wall -ffunction-sections -O0 -c .\Generated_Source\PSoC5\USBUART_Dm.c -o .\CortexM3\ARM_GCC_484\Debug\USBUART_Dm.o
arm-none-eabi-gcc.exe -mcpu=cortex-m3 -mthumb -Wno-main -I. -I.\Generated_Source\PSoC5 -Wa,-alh=.\CortexM3\ARM_GCC_484\Debug/USBUART_Dp.lst -g -D DEBUG -Wall -ffunction-sections -O0 -c .\Generated_Source\PSoC5\USBUART_Dp.c -o .\CortexM3\ARM_GCC_484\Debug\USBUART_Dp.o
arm-none-eabi-gcc.exe -mcpu=cortex-m3 -mthumb -Wno-main -I. -I.\Generated_Source\PSoC5 -Wa,-alh=.\CortexM3\ARM_GCC_484\Debug/Cm3Start.lst -g -D DEBUG -Wall -ffunction-sections -O0 -c .\Generated_Source\PSoC5\Cm3Start.c -o .\CortexM3\ARM_GCC_484\Debug\Cm3Start.o
arm-none-eabi-as.exe -mcpu=cortex-m3 -mthumb -I. -I.\Generated_Source\PSoC5 -alh=.\CortexM3\ARM_GCC_484\Debug/CyBootAsmGnu.lst -g -o .\CortexM3\ARM_GCC_484\Debug\CyBootAsmGnu.o .\Generated_Source\PSoC5\CyBootAsmGnu.s
arm-none-eabi-gcc.exe -mcpu=cortex-m3 -mthumb -Wno-main -I. -I.\Generated_Source\PSoC5 -Wa,-alh=.\CortexM3\ARM_GCC_484\Debug/CyDmac.lst -g -D DEBUG -Wall -ffunction-sections -O0 -c .\Generated_Source\PSoC5\CyDmac.c -o .\CortexM3\ARM_GCC_484\Debug\CyDmac.o
arm-none-eabi-gcc.exe -mcpu=cortex-m3 -mthumb -Wno-main -I. -I.\Generated_Source\PSoC5 -Wa,-alh=.\CortexM3\ARM_GCC_484\Debug/CyFlash.lst -g -D DEBUG -Wall -ffunction-sections -O0 -c .\Generated_Source\PSoC5\CyFlash.c -o .\CortexM3\ARM_GCC_484\Debug\CyFlash.o
arm-none-eabi-gcc.exe -mcpu=cortex-m3 -mthumb -Wno-main -I. -I.\Generated_Source\PSoC5 -Wa,-alh=.\CortexM3\ARM_GCC_484\Debug/CyLib.lst -g -D DEBUG -Wall -ffunction-sections -O0 -c .\Generated_Source\PSoC5\CyLib.c -o .\CortexM3\ARM_GCC_484\Debug\CyLib.o
arm-none-eabi-gcc.exe -mcpu=cortex-m3 -mthumb -Wno-main -I. -I.\Generated_Source\PSoC5 -Wa,-alh=.\CortexM3\ARM_GCC_484\Debug/cyPm.lst -g -D DEBUG -Wall -ffunction-sections -O0 -c .\Generated_Source\PSoC5\cyPm.c -o .\CortexM3\ARM_GCC_484\Debug\cyPm.o
arm-none-eabi-gcc.exe -mcpu=cortex-m3 -mthumb -Wno-main -I. -I.\Generated_Source\PSoC5 -Wa,-alh=.\CortexM3\ARM_GCC_484\Debug/CySpc.lst -g -D DEBUG -Wall -ffunction-sections -O0 -c .\Generated_Source\PSoC5\CySpc.c -o .\CortexM3\ARM_GCC_484\Debug\CySpc.o
arm-none-eabi-gcc.exe -mcpu=cortex-m3 -mthumb -Wno-main -I. -I.\Generated_Source\PSoC5 -Wa,-alh=.\CortexM3\ARM_GCC_484\Debug/cyutils.lst -g -D DEBUG -Wall -ffunction-sections -O0 -c .\Generated_Source\PSoC5\cyutils.c -o .\CortexM3\ARM_GCC_484\Debug\cyutils.o
arm-none-eabi-ar.exe -rs .\CortexM3\ARM_GCC_484\Debug\TP_Sensor.a .\CortexM3\ARM_GCC_484\Debug\cyfitter_cfg.o .\CortexM3\ARM_GCC_484\Debug\DieTemp.o .\CortexM3\ARM_GCC_484\Debug\USBUART.o .\CortexM3\ARM_GCC_484\Debug\USBUART_audio.o .\CortexM3\ARM_GCC_484\Debug\USBUART_boot.o .\CortexM3\ARM_GCC_484\Debug\USBUART_cdc.o .\CortexM3\ARM_GCC_484\Debug\USBUART_cls.o .\CortexM3\ARM_GCC_484\Debug\USBUART_descr.o .\CortexM3\ARM_GCC_484\Debug\USBUART_drv.o .\CortexM3\ARM_GCC_484\Debug\USBUART_episr.o .\CortexM3\ARM_GCC_484\Debug\USBUART_hid.o .\CortexM3\ARM_GCC_484\Debug\USBUART_pm.o .\CortexM3\ARM_GCC_484\Debug\USBUART_std.o .\CortexM3\ARM_GCC_484\Debug\USBUART_vnd.o .\CortexM3\ARM_GCC_484\Debug\USBUART_midi.o .\CortexM3\ARM_GCC_484\Debug\USBUART_Dm.o .\CortexM3\ARM_GCC_484\Debug\USBUART_Dp.o .\CortexM3\ARM_GCC_484\Debug\CyBootAsmGnu.o .\CortexM3\ARM_GCC_484\Debug\CyDmac.o .\CortexM3\ARM_GCC_484\Debug\CyFlash.o .\CortexM3\ARM_GCC_484\Debug\CyLib.o .\CortexM3\ARM_GCC_484\Debug\cyPm.o .\CortexM3\ARM_GCC_484\Debug\CySpc.o .\CortexM3\ARM_GCC_484\Debug\cyutils.o
arm-none-eabi-ar.exe: creating .\CortexM3\ARM_GCC_484\Debug\TP_Sensor.a
arm-none-eabi-gcc.exe -Wl,--start-group -o .\CortexM3\ARM_GCC_484\Debug\TP_Sensor.elf .\CortexM3\ARM_GCC_484\Debug\main.o .\CortexM3\ARM_GCC_484\Debug\cymetadata.o .\CortexM3\ARM_GCC_484\Debug\Cm3Start.o .\CortexM3\ARM_GCC_484\Debug\TP_Sensor.a "C:\Program Files (x86)\Cypress\PSoC Creator\3.1\PSoC Creator\psoc\content\cycomponentlibrary\CyComponentLibrary.cylib\CortexM3\ARM_GCC_484\Debug\CyComponentLibrary.a" -mthumb -march=armv7-m -mfix-cortex-m3-ldrd -Wl,-Map,.\CortexM3\ARM_GCC_484\Debug/TP_Sensor.map -T .\Generated_Source\PSoC5\cm3gcc.ld -g -specs=nano.specs "-u _printf_float" "" -Wl,--gc-sections -Wl,--end-group
cyelftool.exe -C "C:\Users\Victor Ruela\Desktop\UFMG\2015-1\Integracao de Dados\TP pratico\TP-TID\PSoC\TP_Sensor\TP_Sensor.cydsn\CortexM3\ARM_GCC_484\Debug\TP_Sensor.elf" --flash_size 262144 --flash_row_size 256
cyelftool.exe -S "C:\Users\Victor Ruela\Desktop\UFMG\2015-1\Integracao de Dados\TP pratico\TP-TID\PSoC\TP_Sensor\TP_Sensor.cydsn\CortexM3\ARM_GCC_484\Debug\TP_Sensor.elf"
Flash used: 13480 of 262144 bytes (5,1%).
SRAM used: 21125 of 65536 bytes (32,2%). Stack: 16384 bytes. Heap: 4096 bytes.
--------------- Build Succeeded: 05/08/2015 11:40:01 ---------------
