ARM GAS  C:\Users\VICTOR~1\AppData\Local\Temp\ccfSW5yF.s 			page 1


   1              		.syntax unified
   2              		.cpu cortex-m3
   3              		.fpu softvfp
   4              		.eabi_attribute 20, 1
   5              		.eabi_attribute 21, 1
   6              		.eabi_attribute 23, 3
   7              		.eabi_attribute 24, 1
   8              		.eabi_attribute 25, 1
   9              		.eabi_attribute 26, 1
  10              		.eabi_attribute 30, 6
  11              		.eabi_attribute 34, 1
  12              		.eabi_attribute 18, 4
  13              		.thumb
  14              		.file	"USBUART_Dp.c"
  15              		.text
  16              	.Ltext0:
  17              		.cfi_sections	.debug_frame
  18              		.section	.text.USBUART_Dp_Write,"ax",%progbits
  19              		.align	2
  20              		.global	USBUART_Dp_Write
  21              		.thumb
  22              		.thumb_func
  23              		.type	USBUART_Dp_Write, %function
  24              	USBUART_Dp_Write:
  25              	.LFB0:
  26              		.file 1 ".\\Generated_Source\\PSoC5\\USBUART_Dp.c"
   1:.\Generated_Source\PSoC5/USBUART_Dp.c **** /*******************************************************************************
   2:.\Generated_Source\PSoC5/USBUART_Dp.c **** * File Name: USBUART_Dp.c  
   3:.\Generated_Source\PSoC5/USBUART_Dp.c **** * Version 2.0
   4:.\Generated_Source\PSoC5/USBUART_Dp.c **** *
   5:.\Generated_Source\PSoC5/USBUART_Dp.c **** * Description:
   6:.\Generated_Source\PSoC5/USBUART_Dp.c **** *  This file contains API to enable firmware control of a Pins component.
   7:.\Generated_Source\PSoC5/USBUART_Dp.c **** *
   8:.\Generated_Source\PSoC5/USBUART_Dp.c **** * Note:
   9:.\Generated_Source\PSoC5/USBUART_Dp.c **** *
  10:.\Generated_Source\PSoC5/USBUART_Dp.c **** ********************************************************************************
  11:.\Generated_Source\PSoC5/USBUART_Dp.c **** * Copyright 2008-2014, Cypress Semiconductor Corporation.  All rights reserved.
  12:.\Generated_Source\PSoC5/USBUART_Dp.c **** * You may use this file only in accordance with the license, terms, conditions, 
  13:.\Generated_Source\PSoC5/USBUART_Dp.c **** * disclaimers, and limitations in the end user license agreement accompanying 
  14:.\Generated_Source\PSoC5/USBUART_Dp.c **** * the software package with which this file was provided.
  15:.\Generated_Source\PSoC5/USBUART_Dp.c **** *******************************************************************************/
  16:.\Generated_Source\PSoC5/USBUART_Dp.c **** 
  17:.\Generated_Source\PSoC5/USBUART_Dp.c **** #include "cytypes.h"
  18:.\Generated_Source\PSoC5/USBUART_Dp.c **** #include "USBUART_Dp.h"
  19:.\Generated_Source\PSoC5/USBUART_Dp.c **** 
  20:.\Generated_Source\PSoC5/USBUART_Dp.c **** /* APIs are not generated for P15[7:6] on PSoC 5 */
  21:.\Generated_Source\PSoC5/USBUART_Dp.c **** #if !(CY_PSOC5A &&\
  22:.\Generated_Source\PSoC5/USBUART_Dp.c **** 	 USBUART_Dp__PORT == 15 && ((USBUART_Dp__MASK & 0xC0) != 0))
  23:.\Generated_Source\PSoC5/USBUART_Dp.c **** 
  24:.\Generated_Source\PSoC5/USBUART_Dp.c **** 
  25:.\Generated_Source\PSoC5/USBUART_Dp.c **** /*******************************************************************************
  26:.\Generated_Source\PSoC5/USBUART_Dp.c **** * Function Name: USBUART_Dp_Write
  27:.\Generated_Source\PSoC5/USBUART_Dp.c **** ********************************************************************************
  28:.\Generated_Source\PSoC5/USBUART_Dp.c **** *
  29:.\Generated_Source\PSoC5/USBUART_Dp.c **** * Summary:
  30:.\Generated_Source\PSoC5/USBUART_Dp.c **** *  Assign a new value to the digital port's data output register.  
  31:.\Generated_Source\PSoC5/USBUART_Dp.c **** *
ARM GAS  C:\Users\VICTOR~1\AppData\Local\Temp\ccfSW5yF.s 			page 2


  32:.\Generated_Source\PSoC5/USBUART_Dp.c **** * Parameters:  
  33:.\Generated_Source\PSoC5/USBUART_Dp.c **** *  prtValue:  The value to be assigned to the Digital Port. 
  34:.\Generated_Source\PSoC5/USBUART_Dp.c **** *
  35:.\Generated_Source\PSoC5/USBUART_Dp.c **** * Return: 
  36:.\Generated_Source\PSoC5/USBUART_Dp.c **** *  None
  37:.\Generated_Source\PSoC5/USBUART_Dp.c **** *  
  38:.\Generated_Source\PSoC5/USBUART_Dp.c **** *******************************************************************************/
  39:.\Generated_Source\PSoC5/USBUART_Dp.c **** void USBUART_Dp_Write(uint8 value) 
  40:.\Generated_Source\PSoC5/USBUART_Dp.c **** {
  27              		.loc 1 40 0
  28              		.cfi_startproc
  29              		@ args = 0, pretend = 0, frame = 16
  30              		@ frame_needed = 1, uses_anonymous_args = 0
  31              		@ link register save eliminated.
  32 0000 80B4     		push	{r7}
  33              		.cfi_def_cfa_offset 4
  34              		.cfi_offset 7, -4
  35 0002 85B0     		sub	sp, sp, #20
  36              		.cfi_def_cfa_offset 24
  37 0004 00AF     		add	r7, sp, #0
  38              		.cfi_def_cfa_register 7
  39 0006 0346     		mov	r3, r0
  40 0008 FB71     		strb	r3, [r7, #7]
  41:.\Generated_Source\PSoC5/USBUART_Dp.c ****     uint8 staticBits = (USBUART_Dp_DR & (uint8)(~USBUART_Dp_MASK));
  41              		.loc 1 41 0
  42 000a 0B4B     		ldr	r3, .L2
  43 000c 1B78     		ldrb	r3, [r3]
  44 000e DBB2     		uxtb	r3, r3
  45 0010 23F04003 		bic	r3, r3, #64
  46 0014 FB73     		strb	r3, [r7, #15]
  42:.\Generated_Source\PSoC5/USBUART_Dp.c ****     USBUART_Dp_DR = staticBits | ((uint8)(value << USBUART_Dp_SHIFT) & USBUART_Dp_MASK);
  47              		.loc 1 42 0
  48 0016 084B     		ldr	r3, .L2
  49 0018 FA79     		ldrb	r2, [r7, #7]
  50 001a 9201     		lsls	r2, r2, #6
  51 001c D2B2     		uxtb	r2, r2
  52 001e 02F04002 		and	r2, r2, #64
  53 0022 D1B2     		uxtb	r1, r2
  54 0024 FA7B     		ldrb	r2, [r7, #15]
  55 0026 0A43     		orrs	r2, r2, r1
  56 0028 D2B2     		uxtb	r2, r2
  57 002a 1A70     		strb	r2, [r3]
  43:.\Generated_Source\PSoC5/USBUART_Dp.c **** }
  58              		.loc 1 43 0
  59 002c 1437     		adds	r7, r7, #20
  60 002e BD46     		mov	sp, r7
  61              		@ sp needed
  62 0030 5DF8047B 		ldr	r7, [sp], #4
  63 0034 7047     		bx	lr
  64              	.L3:
  65 0036 00BF     		.align	2
  66              	.L2:
  67 0038 F0510040 		.word	1073762800
  68              		.cfi_endproc
  69              	.LFE0:
  70              		.size	USBUART_Dp_Write, .-USBUART_Dp_Write
  71              		.section	.text.USBUART_Dp_SetDriveMode,"ax",%progbits
ARM GAS  C:\Users\VICTOR~1\AppData\Local\Temp\ccfSW5yF.s 			page 3


  72              		.align	2
  73              		.global	USBUART_Dp_SetDriveMode
  74              		.thumb
  75              		.thumb_func
  76              		.type	USBUART_Dp_SetDriveMode, %function
  77              	USBUART_Dp_SetDriveMode:
  78              	.LFB1:
  44:.\Generated_Source\PSoC5/USBUART_Dp.c **** 
  45:.\Generated_Source\PSoC5/USBUART_Dp.c **** 
  46:.\Generated_Source\PSoC5/USBUART_Dp.c **** /*******************************************************************************
  47:.\Generated_Source\PSoC5/USBUART_Dp.c **** * Function Name: USBUART_Dp_SetDriveMode
  48:.\Generated_Source\PSoC5/USBUART_Dp.c **** ********************************************************************************
  49:.\Generated_Source\PSoC5/USBUART_Dp.c **** *
  50:.\Generated_Source\PSoC5/USBUART_Dp.c **** * Summary:
  51:.\Generated_Source\PSoC5/USBUART_Dp.c **** *  Change the drive mode on the pins of the port.
  52:.\Generated_Source\PSoC5/USBUART_Dp.c **** * 
  53:.\Generated_Source\PSoC5/USBUART_Dp.c **** * Parameters:  
  54:.\Generated_Source\PSoC5/USBUART_Dp.c **** *  mode:  Change the pins to one of the following drive modes.
  55:.\Generated_Source\PSoC5/USBUART_Dp.c **** *
  56:.\Generated_Source\PSoC5/USBUART_Dp.c **** *  USBUART_Dp_DM_STRONG     Strong Drive 
  57:.\Generated_Source\PSoC5/USBUART_Dp.c **** *  USBUART_Dp_DM_OD_HI      Open Drain, Drives High 
  58:.\Generated_Source\PSoC5/USBUART_Dp.c **** *  USBUART_Dp_DM_OD_LO      Open Drain, Drives Low 
  59:.\Generated_Source\PSoC5/USBUART_Dp.c **** *  USBUART_Dp_DM_RES_UP     Resistive Pull Up 
  60:.\Generated_Source\PSoC5/USBUART_Dp.c **** *  USBUART_Dp_DM_RES_DWN    Resistive Pull Down 
  61:.\Generated_Source\PSoC5/USBUART_Dp.c **** *  USBUART_Dp_DM_RES_UPDWN  Resistive Pull Up/Down 
  62:.\Generated_Source\PSoC5/USBUART_Dp.c **** *  USBUART_Dp_DM_DIG_HIZ    High Impedance Digital 
  63:.\Generated_Source\PSoC5/USBUART_Dp.c **** *  USBUART_Dp_DM_ALG_HIZ    High Impedance Analog 
  64:.\Generated_Source\PSoC5/USBUART_Dp.c **** *
  65:.\Generated_Source\PSoC5/USBUART_Dp.c **** * Return: 
  66:.\Generated_Source\PSoC5/USBUART_Dp.c **** *  None
  67:.\Generated_Source\PSoC5/USBUART_Dp.c **** *
  68:.\Generated_Source\PSoC5/USBUART_Dp.c **** *******************************************************************************/
  69:.\Generated_Source\PSoC5/USBUART_Dp.c **** void USBUART_Dp_SetDriveMode(uint8 mode) 
  70:.\Generated_Source\PSoC5/USBUART_Dp.c **** {
  79              		.loc 1 70 0
  80              		.cfi_startproc
  81              		@ args = 0, pretend = 0, frame = 8
  82              		@ frame_needed = 1, uses_anonymous_args = 0
  83              		@ link register save eliminated.
  84 0000 80B4     		push	{r7}
  85              		.cfi_def_cfa_offset 4
  86              		.cfi_offset 7, -4
  87 0002 83B0     		sub	sp, sp, #12
  88              		.cfi_def_cfa_offset 16
  89 0004 00AF     		add	r7, sp, #0
  90              		.cfi_def_cfa_register 7
  91 0006 0346     		mov	r3, r0
  92 0008 FB71     		strb	r3, [r7, #7]
  71:.\Generated_Source\PSoC5/USBUART_Dp.c **** 	CyPins_SetPinDriveMode(USBUART_Dp_0, mode);
  93              		.loc 1 71 0
  94 000a 0A4B     		ldr	r3, .L5
  95 000c 094A     		ldr	r2, .L5
  96 000e 1278     		ldrb	r2, [r2]
  97 0010 D2B2     		uxtb	r2, r2
  98 0012 D2B2     		uxtb	r2, r2
  99 0014 22F00E02 		bic	r2, r2, #14
 100 0018 D1B2     		uxtb	r1, r2
ARM GAS  C:\Users\VICTOR~1\AppData\Local\Temp\ccfSW5yF.s 			page 4


 101 001a FA79     		ldrb	r2, [r7, #7]	@ zero_extendqisi2
 102 001c 02F00E02 		and	r2, r2, #14
 103 0020 D2B2     		uxtb	r2, r2
 104 0022 0A43     		orrs	r2, r2, r1
 105 0024 D2B2     		uxtb	r2, r2
 106 0026 D2B2     		uxtb	r2, r2
 107 0028 1A70     		strb	r2, [r3]
  72:.\Generated_Source\PSoC5/USBUART_Dp.c **** }
 108              		.loc 1 72 0
 109 002a 0C37     		adds	r7, r7, #12
 110 002c BD46     		mov	sp, r7
 111              		@ sp needed
 112 002e 5DF8047B 		ldr	r7, [sp], #4
 113 0032 7047     		bx	lr
 114              	.L6:
 115              		.align	2
 116              	.L5:
 117 0034 7E500040 		.word	1073762430
 118              		.cfi_endproc
 119              	.LFE1:
 120              		.size	USBUART_Dp_SetDriveMode, .-USBUART_Dp_SetDriveMode
 121              		.section	.text.USBUART_Dp_Read,"ax",%progbits
 122              		.align	2
 123              		.global	USBUART_Dp_Read
 124              		.thumb
 125              		.thumb_func
 126              		.type	USBUART_Dp_Read, %function
 127              	USBUART_Dp_Read:
 128              	.LFB2:
  73:.\Generated_Source\PSoC5/USBUART_Dp.c **** 
  74:.\Generated_Source\PSoC5/USBUART_Dp.c **** 
  75:.\Generated_Source\PSoC5/USBUART_Dp.c **** /*******************************************************************************
  76:.\Generated_Source\PSoC5/USBUART_Dp.c **** * Function Name: USBUART_Dp_Read
  77:.\Generated_Source\PSoC5/USBUART_Dp.c **** ********************************************************************************
  78:.\Generated_Source\PSoC5/USBUART_Dp.c **** *
  79:.\Generated_Source\PSoC5/USBUART_Dp.c **** * Summary:
  80:.\Generated_Source\PSoC5/USBUART_Dp.c **** *  Read the current value on the pins of the Digital Port in right justified 
  81:.\Generated_Source\PSoC5/USBUART_Dp.c **** *  form.
  82:.\Generated_Source\PSoC5/USBUART_Dp.c **** *
  83:.\Generated_Source\PSoC5/USBUART_Dp.c **** * Parameters:  
  84:.\Generated_Source\PSoC5/USBUART_Dp.c **** *  None
  85:.\Generated_Source\PSoC5/USBUART_Dp.c **** *
  86:.\Generated_Source\PSoC5/USBUART_Dp.c **** * Return: 
  87:.\Generated_Source\PSoC5/USBUART_Dp.c **** *  Returns the current value of the Digital Port as a right justified number
  88:.\Generated_Source\PSoC5/USBUART_Dp.c **** *  
  89:.\Generated_Source\PSoC5/USBUART_Dp.c **** * Note:
  90:.\Generated_Source\PSoC5/USBUART_Dp.c **** *  Macro USBUART_Dp_ReadPS calls this function. 
  91:.\Generated_Source\PSoC5/USBUART_Dp.c **** *  
  92:.\Generated_Source\PSoC5/USBUART_Dp.c **** *******************************************************************************/
  93:.\Generated_Source\PSoC5/USBUART_Dp.c **** uint8 USBUART_Dp_Read(void) 
  94:.\Generated_Source\PSoC5/USBUART_Dp.c **** {
 129              		.loc 1 94 0
 130              		.cfi_startproc
 131              		@ args = 0, pretend = 0, frame = 0
 132              		@ frame_needed = 1, uses_anonymous_args = 0
 133              		@ link register save eliminated.
 134 0000 80B4     		push	{r7}
ARM GAS  C:\Users\VICTOR~1\AppData\Local\Temp\ccfSW5yF.s 			page 5


 135              		.cfi_def_cfa_offset 4
 136              		.cfi_offset 7, -4
 137 0002 00AF     		add	r7, sp, #0
 138              		.cfi_def_cfa_register 7
  95:.\Generated_Source\PSoC5/USBUART_Dp.c ****     return (USBUART_Dp_PS & USBUART_Dp_MASK) >> USBUART_Dp_SHIFT;
 139              		.loc 1 95 0
 140 0004 054B     		ldr	r3, .L9
 141 0006 1B78     		ldrb	r3, [r3]
 142 0008 DBB2     		uxtb	r3, r3
 143 000a 03F04003 		and	r3, r3, #64
 144 000e 9B09     		lsrs	r3, r3, #6
 145 0010 DBB2     		uxtb	r3, r3
  96:.\Generated_Source\PSoC5/USBUART_Dp.c **** }
 146              		.loc 1 96 0
 147 0012 1846     		mov	r0, r3
 148 0014 BD46     		mov	sp, r7
 149              		@ sp needed
 150 0016 5DF8047B 		ldr	r7, [sp], #4
 151 001a 7047     		bx	lr
 152              	.L10:
 153              		.align	2
 154              	.L9:
 155 001c F1510040 		.word	1073762801
 156              		.cfi_endproc
 157              	.LFE2:
 158              		.size	USBUART_Dp_Read, .-USBUART_Dp_Read
 159              		.section	.text.USBUART_Dp_ReadDataReg,"ax",%progbits
 160              		.align	2
 161              		.global	USBUART_Dp_ReadDataReg
 162              		.thumb
 163              		.thumb_func
 164              		.type	USBUART_Dp_ReadDataReg, %function
 165              	USBUART_Dp_ReadDataReg:
 166              	.LFB3:
  97:.\Generated_Source\PSoC5/USBUART_Dp.c **** 
  98:.\Generated_Source\PSoC5/USBUART_Dp.c **** 
  99:.\Generated_Source\PSoC5/USBUART_Dp.c **** /*******************************************************************************
 100:.\Generated_Source\PSoC5/USBUART_Dp.c **** * Function Name: USBUART_Dp_ReadDataReg
 101:.\Generated_Source\PSoC5/USBUART_Dp.c **** ********************************************************************************
 102:.\Generated_Source\PSoC5/USBUART_Dp.c **** *
 103:.\Generated_Source\PSoC5/USBUART_Dp.c **** * Summary:
 104:.\Generated_Source\PSoC5/USBUART_Dp.c **** *  Read the current value assigned to a Digital Port's data output register
 105:.\Generated_Source\PSoC5/USBUART_Dp.c **** *
 106:.\Generated_Source\PSoC5/USBUART_Dp.c **** * Parameters:  
 107:.\Generated_Source\PSoC5/USBUART_Dp.c **** *  None 
 108:.\Generated_Source\PSoC5/USBUART_Dp.c **** *
 109:.\Generated_Source\PSoC5/USBUART_Dp.c **** * Return: 
 110:.\Generated_Source\PSoC5/USBUART_Dp.c **** *  Returns the current value assigned to the Digital Port's data output register
 111:.\Generated_Source\PSoC5/USBUART_Dp.c **** *  
 112:.\Generated_Source\PSoC5/USBUART_Dp.c **** *******************************************************************************/
 113:.\Generated_Source\PSoC5/USBUART_Dp.c **** uint8 USBUART_Dp_ReadDataReg(void) 
 114:.\Generated_Source\PSoC5/USBUART_Dp.c **** {
 167              		.loc 1 114 0
 168              		.cfi_startproc
 169              		@ args = 0, pretend = 0, frame = 0
 170              		@ frame_needed = 1, uses_anonymous_args = 0
 171              		@ link register save eliminated.
ARM GAS  C:\Users\VICTOR~1\AppData\Local\Temp\ccfSW5yF.s 			page 6


 172 0000 80B4     		push	{r7}
 173              		.cfi_def_cfa_offset 4
 174              		.cfi_offset 7, -4
 175 0002 00AF     		add	r7, sp, #0
 176              		.cfi_def_cfa_register 7
 115:.\Generated_Source\PSoC5/USBUART_Dp.c ****     return (USBUART_Dp_DR & USBUART_Dp_MASK) >> USBUART_Dp_SHIFT;
 177              		.loc 1 115 0
 178 0004 054B     		ldr	r3, .L13
 179 0006 1B78     		ldrb	r3, [r3]
 180 0008 DBB2     		uxtb	r3, r3
 181 000a 03F04003 		and	r3, r3, #64
 182 000e 9B09     		lsrs	r3, r3, #6
 183 0010 DBB2     		uxtb	r3, r3
 116:.\Generated_Source\PSoC5/USBUART_Dp.c **** }
 184              		.loc 1 116 0
 185 0012 1846     		mov	r0, r3
 186 0014 BD46     		mov	sp, r7
 187              		@ sp needed
 188 0016 5DF8047B 		ldr	r7, [sp], #4
 189 001a 7047     		bx	lr
 190              	.L14:
 191              		.align	2
 192              	.L13:
 193 001c F0510040 		.word	1073762800
 194              		.cfi_endproc
 195              	.LFE3:
 196              		.size	USBUART_Dp_ReadDataReg, .-USBUART_Dp_ReadDataReg
 197              		.section	.text.USBUART_Dp_ClearInterrupt,"ax",%progbits
 198              		.align	2
 199              		.global	USBUART_Dp_ClearInterrupt
 200              		.thumb
 201              		.thumb_func
 202              		.type	USBUART_Dp_ClearInterrupt, %function
 203              	USBUART_Dp_ClearInterrupt:
 204              	.LFB4:
 117:.\Generated_Source\PSoC5/USBUART_Dp.c **** 
 118:.\Generated_Source\PSoC5/USBUART_Dp.c **** 
 119:.\Generated_Source\PSoC5/USBUART_Dp.c **** /* If Interrupts Are Enabled for this Pins component */ 
 120:.\Generated_Source\PSoC5/USBUART_Dp.c **** #if defined(USBUART_Dp_INTSTAT) 
 121:.\Generated_Source\PSoC5/USBUART_Dp.c **** 
 122:.\Generated_Source\PSoC5/USBUART_Dp.c ****     /*******************************************************************************
 123:.\Generated_Source\PSoC5/USBUART_Dp.c ****     * Function Name: USBUART_Dp_ClearInterrupt
 124:.\Generated_Source\PSoC5/USBUART_Dp.c ****     ********************************************************************************
 125:.\Generated_Source\PSoC5/USBUART_Dp.c ****     * Summary:
 126:.\Generated_Source\PSoC5/USBUART_Dp.c ****     *  Clears any active interrupts attached to port and returns the value of the 
 127:.\Generated_Source\PSoC5/USBUART_Dp.c ****     *  interrupt status register.
 128:.\Generated_Source\PSoC5/USBUART_Dp.c ****     *
 129:.\Generated_Source\PSoC5/USBUART_Dp.c ****     * Parameters:  
 130:.\Generated_Source\PSoC5/USBUART_Dp.c ****     *  None 
 131:.\Generated_Source\PSoC5/USBUART_Dp.c ****     *
 132:.\Generated_Source\PSoC5/USBUART_Dp.c ****     * Return: 
 133:.\Generated_Source\PSoC5/USBUART_Dp.c ****     *  Returns the value of the interrupt status register
 134:.\Generated_Source\PSoC5/USBUART_Dp.c ****     *  
 135:.\Generated_Source\PSoC5/USBUART_Dp.c ****     *******************************************************************************/
 136:.\Generated_Source\PSoC5/USBUART_Dp.c ****     uint8 USBUART_Dp_ClearInterrupt(void) 
 137:.\Generated_Source\PSoC5/USBUART_Dp.c ****     {
 205              		.loc 1 137 0
ARM GAS  C:\Users\VICTOR~1\AppData\Local\Temp\ccfSW5yF.s 			page 7


 206              		.cfi_startproc
 207              		@ args = 0, pretend = 0, frame = 0
 208              		@ frame_needed = 1, uses_anonymous_args = 0
 209              		@ link register save eliminated.
 210 0000 80B4     		push	{r7}
 211              		.cfi_def_cfa_offset 4
 212              		.cfi_offset 7, -4
 213 0002 00AF     		add	r7, sp, #0
 214              		.cfi_def_cfa_register 7
 138:.\Generated_Source\PSoC5/USBUART_Dp.c ****         return (USBUART_Dp_INTSTAT & USBUART_Dp_MASK) >> USBUART_Dp_SHIFT;
 215              		.loc 1 138 0
 216 0004 054B     		ldr	r3, .L17
 217 0006 1B78     		ldrb	r3, [r3]
 218 0008 DBB2     		uxtb	r3, r3
 219 000a 03F04003 		and	r3, r3, #64
 220 000e 9B09     		lsrs	r3, r3, #6
 221 0010 DBB2     		uxtb	r3, r3
 139:.\Generated_Source\PSoC5/USBUART_Dp.c ****     }
 222              		.loc 1 139 0
 223 0012 1846     		mov	r0, r3
 224 0014 BD46     		mov	sp, r7
 225              		@ sp needed
 226 0016 5DF8047B 		ldr	r7, [sp], #4
 227 001a 7047     		bx	lr
 228              	.L18:
 229              		.align	2
 230              	.L17:
 231 001c 8F450040 		.word	1073759631
 232              		.cfi_endproc
 233              	.LFE4:
 234              		.size	USBUART_Dp_ClearInterrupt, .-USBUART_Dp_ClearInterrupt
 235              		.text
 236              	.Letext0:
 237              		.file 2 ".\\Generated_Source\\PSoC5\\cytypes.h"
 238              		.section	.debug_info,"",%progbits
 239              	.Ldebug_info0:
 240 0000 2D010000 		.4byte	0x12d
 241 0004 0400     		.2byte	0x4
 242 0006 00000000 		.4byte	.Ldebug_abbrev0
 243 000a 04       		.byte	0x4
 244 000b 01       		.uleb128 0x1
 245 000c 54010000 		.4byte	.LASF21
 246 0010 01       		.byte	0x1
 247 0011 29000000 		.4byte	.LASF22
 248 0015 74000000 		.4byte	.LASF23
 249 0019 00000000 		.4byte	.Ldebug_ranges0+0
 250 001d 00000000 		.4byte	0
 251 0021 00000000 		.4byte	.Ldebug_line0
 252 0025 02       		.uleb128 0x2
 253 0026 01       		.byte	0x1
 254 0027 06       		.byte	0x6
 255 0028 26020000 		.4byte	.LASF0
 256 002c 02       		.uleb128 0x2
 257 002d 01       		.byte	0x1
 258 002e 08       		.byte	0x8
 259 002f 66000000 		.4byte	.LASF1
 260 0033 02       		.uleb128 0x2
ARM GAS  C:\Users\VICTOR~1\AppData\Local\Temp\ccfSW5yF.s 			page 8


 261 0034 02       		.byte	0x2
 262 0035 05       		.byte	0x5
 263 0036 0D020000 		.4byte	.LASF2
 264 003a 02       		.uleb128 0x2
 265 003b 02       		.byte	0x2
 266 003c 07       		.byte	0x7
 267 003d FA000000 		.4byte	.LASF3
 268 0041 02       		.uleb128 0x2
 269 0042 04       		.byte	0x4
 270 0043 05       		.byte	0x5
 271 0044 1D020000 		.4byte	.LASF4
 272 0048 02       		.uleb128 0x2
 273 0049 04       		.byte	0x4
 274 004a 07       		.byte	0x7
 275 004b E8000000 		.4byte	.LASF5
 276 004f 02       		.uleb128 0x2
 277 0050 08       		.byte	0x8
 278 0051 05       		.byte	0x5
 279 0052 EA010000 		.4byte	.LASF6
 280 0056 02       		.uleb128 0x2
 281 0057 08       		.byte	0x8
 282 0058 07       		.byte	0x7
 283 0059 38010000 		.4byte	.LASF7
 284 005d 03       		.uleb128 0x3
 285 005e 04       		.byte	0x4
 286 005f 05       		.byte	0x5
 287 0060 696E7400 		.ascii	"int\000"
 288 0064 02       		.uleb128 0x2
 289 0065 04       		.byte	0x4
 290 0066 07       		.byte	0x7
 291 0067 2B010000 		.4byte	.LASF8
 292 006b 04       		.uleb128 0x4
 293 006c 17020000 		.4byte	.LASF12
 294 0070 02       		.byte	0x2
 295 0071 5B       		.byte	0x5b
 296 0072 2C000000 		.4byte	0x2c
 297 0076 02       		.uleb128 0x2
 298 0077 04       		.byte	0x4
 299 0078 04       		.byte	0x4
 300 0079 60000000 		.4byte	.LASF9
 301 007d 02       		.uleb128 0x2
 302 007e 08       		.byte	0x8
 303 007f 04       		.byte	0x4
 304 0080 24010000 		.4byte	.LASF10
 305 0084 02       		.uleb128 0x2
 306 0085 01       		.byte	0x1
 307 0086 08       		.byte	0x8
 308 0087 F8010000 		.4byte	.LASF11
 309 008b 04       		.uleb128 0x4
 310 008c E3000000 		.4byte	.LASF13
 311 0090 02       		.byte	0x2
 312 0091 F0       		.byte	0xf0
 313 0092 96000000 		.4byte	0x96
 314 0096 05       		.uleb128 0x5
 315 0097 6B000000 		.4byte	0x6b
 316 009b 06       		.uleb128 0x6
 317 009c 4F000000 		.4byte	.LASF14
ARM GAS  C:\Users\VICTOR~1\AppData\Local\Temp\ccfSW5yF.s 			page 9


 318 00a0 01       		.byte	0x1
 319 00a1 27       		.byte	0x27
 320 00a2 00000000 		.4byte	.LFB0
 321 00a6 3C000000 		.4byte	.LFE0-.LFB0
 322 00aa 01       		.uleb128 0x1
 323 00ab 9C       		.byte	0x9c
 324 00ac CD000000 		.4byte	0xcd
 325 00b0 07       		.uleb128 0x7
 326 00b1 00000000 		.4byte	.LASF16
 327 00b5 01       		.byte	0x1
 328 00b6 27       		.byte	0x27
 329 00b7 6B000000 		.4byte	0x6b
 330 00bb 02       		.uleb128 0x2
 331 00bc 91       		.byte	0x91
 332 00bd 6F       		.sleb128 -17
 333 00be 08       		.uleb128 0x8
 334 00bf 1E000000 		.4byte	.LASF24
 335 00c3 01       		.byte	0x1
 336 00c4 29       		.byte	0x29
 337 00c5 6B000000 		.4byte	0x6b
 338 00c9 02       		.uleb128 0x2
 339 00ca 91       		.byte	0x91
 340 00cb 77       		.sleb128 -9
 341 00cc 00       		.byte	0
 342 00cd 06       		.uleb128 0x6
 343 00ce 06000000 		.4byte	.LASF15
 344 00d2 01       		.byte	0x1
 345 00d3 45       		.byte	0x45
 346 00d4 00000000 		.4byte	.LFB1
 347 00d8 38000000 		.4byte	.LFE1-.LFB1
 348 00dc 01       		.uleb128 0x1
 349 00dd 9C       		.byte	0x9c
 350 00de F1000000 		.4byte	0xf1
 351 00e2 07       		.uleb128 0x7
 352 00e3 4F010000 		.4byte	.LASF17
 353 00e7 01       		.byte	0x1
 354 00e8 45       		.byte	0x45
 355 00e9 6B000000 		.4byte	0x6b
 356 00ed 02       		.uleb128 0x2
 357 00ee 91       		.byte	0x91
 358 00ef 77       		.sleb128 -9
 359 00f0 00       		.byte	0
 360 00f1 09       		.uleb128 0x9
 361 00f2 FD010000 		.4byte	.LASF18
 362 00f6 01       		.byte	0x1
 363 00f7 5D       		.byte	0x5d
 364 00f8 6B000000 		.4byte	0x6b
 365 00fc 00000000 		.4byte	.LFB2
 366 0100 20000000 		.4byte	.LFE2-.LFB2
 367 0104 01       		.uleb128 0x1
 368 0105 9C       		.byte	0x9c
 369 0106 09       		.uleb128 0x9
 370 0107 0D010000 		.4byte	.LASF19
 371 010b 01       		.byte	0x1
 372 010c 71       		.byte	0x71
 373 010d 6B000000 		.4byte	0x6b
 374 0111 00000000 		.4byte	.LFB3
ARM GAS  C:\Users\VICTOR~1\AppData\Local\Temp\ccfSW5yF.s 			page 10


 375 0115 20000000 		.4byte	.LFE3-.LFB3
 376 0119 01       		.uleb128 0x1
 377 011a 9C       		.byte	0x9c
 378 011b 09       		.uleb128 0x9
 379 011c D0010000 		.4byte	.LASF20
 380 0120 01       		.byte	0x1
 381 0121 88       		.byte	0x88
 382 0122 6B000000 		.4byte	0x6b
 383 0126 00000000 		.4byte	.LFB4
 384 012a 20000000 		.4byte	.LFE4-.LFB4
 385 012e 01       		.uleb128 0x1
 386 012f 9C       		.byte	0x9c
 387 0130 00       		.byte	0
 388              		.section	.debug_abbrev,"",%progbits
 389              	.Ldebug_abbrev0:
 390 0000 01       		.uleb128 0x1
 391 0001 11       		.uleb128 0x11
 392 0002 01       		.byte	0x1
 393 0003 25       		.uleb128 0x25
 394 0004 0E       		.uleb128 0xe
 395 0005 13       		.uleb128 0x13
 396 0006 0B       		.uleb128 0xb
 397 0007 03       		.uleb128 0x3
 398 0008 0E       		.uleb128 0xe
 399 0009 1B       		.uleb128 0x1b
 400 000a 0E       		.uleb128 0xe
 401 000b 55       		.uleb128 0x55
 402 000c 17       		.uleb128 0x17
 403 000d 11       		.uleb128 0x11
 404 000e 01       		.uleb128 0x1
 405 000f 10       		.uleb128 0x10
 406 0010 17       		.uleb128 0x17
 407 0011 00       		.byte	0
 408 0012 00       		.byte	0
 409 0013 02       		.uleb128 0x2
 410 0014 24       		.uleb128 0x24
 411 0015 00       		.byte	0
 412 0016 0B       		.uleb128 0xb
 413 0017 0B       		.uleb128 0xb
 414 0018 3E       		.uleb128 0x3e
 415 0019 0B       		.uleb128 0xb
 416 001a 03       		.uleb128 0x3
 417 001b 0E       		.uleb128 0xe
 418 001c 00       		.byte	0
 419 001d 00       		.byte	0
 420 001e 03       		.uleb128 0x3
 421 001f 24       		.uleb128 0x24
 422 0020 00       		.byte	0
 423 0021 0B       		.uleb128 0xb
 424 0022 0B       		.uleb128 0xb
 425 0023 3E       		.uleb128 0x3e
 426 0024 0B       		.uleb128 0xb
 427 0025 03       		.uleb128 0x3
 428 0026 08       		.uleb128 0x8
 429 0027 00       		.byte	0
 430 0028 00       		.byte	0
 431 0029 04       		.uleb128 0x4
ARM GAS  C:\Users\VICTOR~1\AppData\Local\Temp\ccfSW5yF.s 			page 11


 432 002a 16       		.uleb128 0x16
 433 002b 00       		.byte	0
 434 002c 03       		.uleb128 0x3
 435 002d 0E       		.uleb128 0xe
 436 002e 3A       		.uleb128 0x3a
 437 002f 0B       		.uleb128 0xb
 438 0030 3B       		.uleb128 0x3b
 439 0031 0B       		.uleb128 0xb
 440 0032 49       		.uleb128 0x49
 441 0033 13       		.uleb128 0x13
 442 0034 00       		.byte	0
 443 0035 00       		.byte	0
 444 0036 05       		.uleb128 0x5
 445 0037 35       		.uleb128 0x35
 446 0038 00       		.byte	0
 447 0039 49       		.uleb128 0x49
 448 003a 13       		.uleb128 0x13
 449 003b 00       		.byte	0
 450 003c 00       		.byte	0
 451 003d 06       		.uleb128 0x6
 452 003e 2E       		.uleb128 0x2e
 453 003f 01       		.byte	0x1
 454 0040 3F       		.uleb128 0x3f
 455 0041 19       		.uleb128 0x19
 456 0042 03       		.uleb128 0x3
 457 0043 0E       		.uleb128 0xe
 458 0044 3A       		.uleb128 0x3a
 459 0045 0B       		.uleb128 0xb
 460 0046 3B       		.uleb128 0x3b
 461 0047 0B       		.uleb128 0xb
 462 0048 27       		.uleb128 0x27
 463 0049 19       		.uleb128 0x19
 464 004a 11       		.uleb128 0x11
 465 004b 01       		.uleb128 0x1
 466 004c 12       		.uleb128 0x12
 467 004d 06       		.uleb128 0x6
 468 004e 40       		.uleb128 0x40
 469 004f 18       		.uleb128 0x18
 470 0050 9742     		.uleb128 0x2117
 471 0052 19       		.uleb128 0x19
 472 0053 01       		.uleb128 0x1
 473 0054 13       		.uleb128 0x13
 474 0055 00       		.byte	0
 475 0056 00       		.byte	0
 476 0057 07       		.uleb128 0x7
 477 0058 05       		.uleb128 0x5
 478 0059 00       		.byte	0
 479 005a 03       		.uleb128 0x3
 480 005b 0E       		.uleb128 0xe
 481 005c 3A       		.uleb128 0x3a
 482 005d 0B       		.uleb128 0xb
 483 005e 3B       		.uleb128 0x3b
 484 005f 0B       		.uleb128 0xb
 485 0060 49       		.uleb128 0x49
 486 0061 13       		.uleb128 0x13
 487 0062 02       		.uleb128 0x2
 488 0063 18       		.uleb128 0x18
ARM GAS  C:\Users\VICTOR~1\AppData\Local\Temp\ccfSW5yF.s 			page 12


 489 0064 00       		.byte	0
 490 0065 00       		.byte	0
 491 0066 08       		.uleb128 0x8
 492 0067 34       		.uleb128 0x34
 493 0068 00       		.byte	0
 494 0069 03       		.uleb128 0x3
 495 006a 0E       		.uleb128 0xe
 496 006b 3A       		.uleb128 0x3a
 497 006c 0B       		.uleb128 0xb
 498 006d 3B       		.uleb128 0x3b
 499 006e 0B       		.uleb128 0xb
 500 006f 49       		.uleb128 0x49
 501 0070 13       		.uleb128 0x13
 502 0071 02       		.uleb128 0x2
 503 0072 18       		.uleb128 0x18
 504 0073 00       		.byte	0
 505 0074 00       		.byte	0
 506 0075 09       		.uleb128 0x9
 507 0076 2E       		.uleb128 0x2e
 508 0077 00       		.byte	0
 509 0078 3F       		.uleb128 0x3f
 510 0079 19       		.uleb128 0x19
 511 007a 03       		.uleb128 0x3
 512 007b 0E       		.uleb128 0xe
 513 007c 3A       		.uleb128 0x3a
 514 007d 0B       		.uleb128 0xb
 515 007e 3B       		.uleb128 0x3b
 516 007f 0B       		.uleb128 0xb
 517 0080 27       		.uleb128 0x27
 518 0081 19       		.uleb128 0x19
 519 0082 49       		.uleb128 0x49
 520 0083 13       		.uleb128 0x13
 521 0084 11       		.uleb128 0x11
 522 0085 01       		.uleb128 0x1
 523 0086 12       		.uleb128 0x12
 524 0087 06       		.uleb128 0x6
 525 0088 40       		.uleb128 0x40
 526 0089 18       		.uleb128 0x18
 527 008a 9742     		.uleb128 0x2117
 528 008c 19       		.uleb128 0x19
 529 008d 00       		.byte	0
 530 008e 00       		.byte	0
 531 008f 00       		.byte	0
 532              		.section	.debug_aranges,"",%progbits
 533 0000 3C000000 		.4byte	0x3c
 534 0004 0200     		.2byte	0x2
 535 0006 00000000 		.4byte	.Ldebug_info0
 536 000a 04       		.byte	0x4
 537 000b 00       		.byte	0
 538 000c 0000     		.2byte	0
 539 000e 0000     		.2byte	0
 540 0010 00000000 		.4byte	.LFB0
 541 0014 3C000000 		.4byte	.LFE0-.LFB0
 542 0018 00000000 		.4byte	.LFB1
 543 001c 38000000 		.4byte	.LFE1-.LFB1
 544 0020 00000000 		.4byte	.LFB2
 545 0024 20000000 		.4byte	.LFE2-.LFB2
ARM GAS  C:\Users\VICTOR~1\AppData\Local\Temp\ccfSW5yF.s 			page 13


 546 0028 00000000 		.4byte	.LFB3
 547 002c 20000000 		.4byte	.LFE3-.LFB3
 548 0030 00000000 		.4byte	.LFB4
 549 0034 20000000 		.4byte	.LFE4-.LFB4
 550 0038 00000000 		.4byte	0
 551 003c 00000000 		.4byte	0
 552              		.section	.debug_ranges,"",%progbits
 553              	.Ldebug_ranges0:
 554 0000 00000000 		.4byte	.LFB0
 555 0004 3C000000 		.4byte	.LFE0
 556 0008 00000000 		.4byte	.LFB1
 557 000c 38000000 		.4byte	.LFE1
 558 0010 00000000 		.4byte	.LFB2
 559 0014 20000000 		.4byte	.LFE2
 560 0018 00000000 		.4byte	.LFB3
 561 001c 20000000 		.4byte	.LFE3
 562 0020 00000000 		.4byte	.LFB4
 563 0024 20000000 		.4byte	.LFE4
 564 0028 00000000 		.4byte	0
 565 002c 00000000 		.4byte	0
 566              		.section	.debug_line,"",%progbits
 567              	.Ldebug_line0:
 568 0000 A9000000 		.section	.debug_str,"MS",%progbits,1
 568      02004900 
 568      00000201 
 568      FB0E0D00 
 568      01010101 
 569              	.LASF16:
 570 0000 76616C75 		.ascii	"value\000"
 570      6500
 571              	.LASF15:
 572 0006 55534255 		.ascii	"USBUART_Dp_SetDriveMode\000"
 572      4152545F 
 572      44705F53 
 572      65744472 
 572      6976654D 
 573              	.LASF24:
 574 001e 73746174 		.ascii	"staticBits\000"
 574      69634269 
 574      747300
 575              	.LASF22:
 576 0029 2E5C4765 		.ascii	".\\Generated_Source\\PSoC5\\USBUART_Dp.c\000"
 576      6E657261 
 576      7465645F 
 576      536F7572 
 576      63655C50 
 577              	.LASF14:
 578 004f 55534255 		.ascii	"USBUART_Dp_Write\000"
 578      4152545F 
 578      44705F57 
 578      72697465 
 578      00
 579              	.LASF9:
 580 0060 666C6F61 		.ascii	"float\000"
 580      7400
 581              	.LASF1:
 582 0066 756E7369 		.ascii	"unsigned char\000"
ARM GAS  C:\Users\VICTOR~1\AppData\Local\Temp\ccfSW5yF.s 			page 14


 582      676E6564 
 582      20636861 
 582      7200
 583              	.LASF23:
 584 0074 433A5C55 		.ascii	"C:\\Users\\Victor Ruela\\Desktop\\UFMG\\2015-1\\Int"
 584      73657273 
 584      5C566963 
 584      746F7220 
 584      5275656C 
 585 00a1 65677261 		.ascii	"egracao de Dados\\TP pratico\\TP-TID\\PSoC\\TP_Sens"
 585      63616F20 
 585      64652044 
 585      61646F73 
 585      5C545020 
 586 00d0 6F725C54 		.ascii	"or\\TP_Sensor.cydsn\000"
 586      505F5365 
 586      6E736F72 
 586      2E637964 
 586      736E00
 587              	.LASF13:
 588 00e3 72656738 		.ascii	"reg8\000"
 588      00
 589              	.LASF5:
 590 00e8 6C6F6E67 		.ascii	"long unsigned int\000"
 590      20756E73 
 590      69676E65 
 590      6420696E 
 590      7400
 591              	.LASF3:
 592 00fa 73686F72 		.ascii	"short unsigned int\000"
 592      7420756E 
 592      7369676E 
 592      65642069 
 592      6E7400
 593              	.LASF19:
 594 010d 55534255 		.ascii	"USBUART_Dp_ReadDataReg\000"
 594      4152545F 
 594      44705F52 
 594      65616444 
 594      61746152 
 595              	.LASF10:
 596 0124 646F7562 		.ascii	"double\000"
 596      6C6500
 597              	.LASF8:
 598 012b 756E7369 		.ascii	"unsigned int\000"
 598      676E6564 
 598      20696E74 
 598      00
 599              	.LASF7:
 600 0138 6C6F6E67 		.ascii	"long long unsigned int\000"
 600      206C6F6E 
 600      6720756E 
 600      7369676E 
 600      65642069 
 601              	.LASF17:
 602 014f 6D6F6465 		.ascii	"mode\000"
 602      00
ARM GAS  C:\Users\VICTOR~1\AppData\Local\Temp\ccfSW5yF.s 			page 15


 603              	.LASF21:
 604 0154 474E5520 		.ascii	"GNU C 4.8.4 20140526 (release) [ARM/embedded-4_8-br"
 604      4320342E 
 604      382E3420 
 604      32303134 
 604      30353236 
 605 0187 616E6368 		.ascii	"anch revision 211358] -mcpu=cortex-m3 -mthumb -g -O"
 605      20726576 
 605      6973696F 
 605      6E203231 
 605      31333538 
 606 01ba 30202D66 		.ascii	"0 -ffunction-sections\000"
 606      66756E63 
 606      74696F6E 
 606      2D736563 
 606      74696F6E 
 607              	.LASF20:
 608 01d0 55534255 		.ascii	"USBUART_Dp_ClearInterrupt\000"
 608      4152545F 
 608      44705F43 
 608      6C656172 
 608      496E7465 
 609              	.LASF6:
 610 01ea 6C6F6E67 		.ascii	"long long int\000"
 610      206C6F6E 
 610      6720696E 
 610      7400
 611              	.LASF11:
 612 01f8 63686172 		.ascii	"char\000"
 612      00
 613              	.LASF18:
 614 01fd 55534255 		.ascii	"USBUART_Dp_Read\000"
 614      4152545F 
 614      44705F52 
 614      65616400 
 615              	.LASF2:
 616 020d 73686F72 		.ascii	"short int\000"
 616      7420696E 
 616      7400
 617              	.LASF12:
 618 0217 75696E74 		.ascii	"uint8\000"
 618      3800
 619              	.LASF4:
 620 021d 6C6F6E67 		.ascii	"long int\000"
 620      20696E74 
 620      00
 621              	.LASF0:
 622 0226 7369676E 		.ascii	"signed char\000"
 622      65642063 
 622      68617200 
 623              		.ident	"GCC: (GNU Tools for ARM Embedded Processors) 4.8.4 20140526 (release) [ARM/embedded-4_8-br
