ARM GAS  C:\Users\VICTOR~1\AppData\Local\Temp\ccGYjggv.s 			page 1


   1              		.syntax unified
   2              		.cpu cortex-m3
   3              		.fpu softvfp
   4              		.eabi_attribute 20, 1
   5              		.eabi_attribute 21, 1
   6              		.eabi_attribute 23, 3
   7              		.eabi_attribute 24, 1
   8              		.eabi_attribute 25, 1
   9              		.eabi_attribute 26, 1
  10              		.eabi_attribute 30, 6
  11              		.eabi_attribute 34, 1
  12              		.eabi_attribute 18, 4
  13              		.thumb
  14              		.file	"USBUART_pm.c"
  15              		.text
  16              	.Ltext0:
  17              		.cfi_sections	.debug_frame
  18              		.bss
  19              		.align	2
  20              	USBUART_backup:
  21 0000 0000     		.space	2
  22 0002 0000     		.section	.text.USBUART_DP_ISR,"ax",%progbits
  23              		.align	2
  24              		.global	USBUART_DP_ISR
  25              		.thumb
  26              		.thumb_func
  27              		.type	USBUART_DP_ISR, %function
  28              	USBUART_DP_ISR:
  29              	.LFB56:
  30              		.file 1 ".\\Generated_Source\\PSoC5\\USBUART_pm.c"
   1:.\Generated_Source\PSoC5/USBUART_pm.c **** /*******************************************************************************
   2:.\Generated_Source\PSoC5/USBUART_pm.c **** * File Name: USBUART_pm.c
   3:.\Generated_Source\PSoC5/USBUART_pm.c **** * Version 2.70
   4:.\Generated_Source\PSoC5/USBUART_pm.c **** *
   5:.\Generated_Source\PSoC5/USBUART_pm.c **** * Description:
   6:.\Generated_Source\PSoC5/USBUART_pm.c **** *  This file provides Suspend/Resume APIs functionality.
   7:.\Generated_Source\PSoC5/USBUART_pm.c **** *
   8:.\Generated_Source\PSoC5/USBUART_pm.c **** * Note:
   9:.\Generated_Source\PSoC5/USBUART_pm.c **** *
  10:.\Generated_Source\PSoC5/USBUART_pm.c **** ********************************************************************************
  11:.\Generated_Source\PSoC5/USBUART_pm.c **** * Copyright 2008-2013, Cypress Semiconductor Corporation.  All rights reserved.
  12:.\Generated_Source\PSoC5/USBUART_pm.c **** * You may use this file only in accordance with the license, terms, conditions,
  13:.\Generated_Source\PSoC5/USBUART_pm.c **** * disclaimers, and limitations in the end user license agreement accompanying
  14:.\Generated_Source\PSoC5/USBUART_pm.c **** * the software package with which this file was provided.
  15:.\Generated_Source\PSoC5/USBUART_pm.c **** *******************************************************************************/
  16:.\Generated_Source\PSoC5/USBUART_pm.c **** 
  17:.\Generated_Source\PSoC5/USBUART_pm.c **** #include "project.h"
  18:.\Generated_Source\PSoC5/USBUART_pm.c **** #include "USBUART.h"
  19:.\Generated_Source\PSoC5/USBUART_pm.c **** #include "USBUART_pvt.h"
  20:.\Generated_Source\PSoC5/USBUART_pm.c **** 
  21:.\Generated_Source\PSoC5/USBUART_pm.c **** 
  22:.\Generated_Source\PSoC5/USBUART_pm.c **** /***************************************
  23:.\Generated_Source\PSoC5/USBUART_pm.c **** * Custom Declarations
  24:.\Generated_Source\PSoC5/USBUART_pm.c **** ***************************************/
  25:.\Generated_Source\PSoC5/USBUART_pm.c **** /* `#START PM_CUSTOM_DECLARATIONS` Place your declaration here */
  26:.\Generated_Source\PSoC5/USBUART_pm.c **** 
  27:.\Generated_Source\PSoC5/USBUART_pm.c **** /* `#END` */
ARM GAS  C:\Users\VICTOR~1\AppData\Local\Temp\ccGYjggv.s 			page 2


  28:.\Generated_Source\PSoC5/USBUART_pm.c **** 
  29:.\Generated_Source\PSoC5/USBUART_pm.c **** 
  30:.\Generated_Source\PSoC5/USBUART_pm.c **** /***************************************
  31:.\Generated_Source\PSoC5/USBUART_pm.c **** * Local data allocation
  32:.\Generated_Source\PSoC5/USBUART_pm.c **** ***************************************/
  33:.\Generated_Source\PSoC5/USBUART_pm.c **** 
  34:.\Generated_Source\PSoC5/USBUART_pm.c **** static USBUART_BACKUP_STRUCT  USBUART_backup;
  35:.\Generated_Source\PSoC5/USBUART_pm.c **** 
  36:.\Generated_Source\PSoC5/USBUART_pm.c **** 
  37:.\Generated_Source\PSoC5/USBUART_pm.c **** #if(USBUART_DP_ISR_REMOVE == 0u)
  38:.\Generated_Source\PSoC5/USBUART_pm.c **** 
  39:.\Generated_Source\PSoC5/USBUART_pm.c ****     /*******************************************************************************
  40:.\Generated_Source\PSoC5/USBUART_pm.c ****     * Function Name: USBUART_DP_Interrupt
  41:.\Generated_Source\PSoC5/USBUART_pm.c ****     ********************************************************************************
  42:.\Generated_Source\PSoC5/USBUART_pm.c ****     *
  43:.\Generated_Source\PSoC5/USBUART_pm.c ****     * Summary:
  44:.\Generated_Source\PSoC5/USBUART_pm.c ****     *  This Interrupt Service Routine handles DP pin changes for wake-up from
  45:.\Generated_Source\PSoC5/USBUART_pm.c ****     *  the sleep mode.
  46:.\Generated_Source\PSoC5/USBUART_pm.c ****     *
  47:.\Generated_Source\PSoC5/USBUART_pm.c ****     * Parameters:
  48:.\Generated_Source\PSoC5/USBUART_pm.c ****     *  None.
  49:.\Generated_Source\PSoC5/USBUART_pm.c ****     *
  50:.\Generated_Source\PSoC5/USBUART_pm.c ****     * Return:
  51:.\Generated_Source\PSoC5/USBUART_pm.c ****     *  None.
  52:.\Generated_Source\PSoC5/USBUART_pm.c ****     *
  53:.\Generated_Source\PSoC5/USBUART_pm.c ****     *******************************************************************************/
  54:.\Generated_Source\PSoC5/USBUART_pm.c ****     CY_ISR(USBUART_DP_ISR)
  55:.\Generated_Source\PSoC5/USBUART_pm.c ****     {
  31              		.loc 1 55 0
  32              		.cfi_startproc
  33              		@ args = 0, pretend = 0, frame = 0
  34              		@ frame_needed = 1, uses_anonymous_args = 0
  35              		@ link register save eliminated.
  36 0000 80B4     		push	{r7}
  37              		.cfi_def_cfa_offset 4
  38              		.cfi_offset 7, -4
  39 0002 00AF     		add	r7, sp, #0
  40              		.cfi_def_cfa_register 7
  56:.\Generated_Source\PSoC5/USBUART_pm.c ****         /* `#START DP_USER_CODE` Place your code here */
  57:.\Generated_Source\PSoC5/USBUART_pm.c **** 
  58:.\Generated_Source\PSoC5/USBUART_pm.c ****         /* `#END` */
  59:.\Generated_Source\PSoC5/USBUART_pm.c **** 
  60:.\Generated_Source\PSoC5/USBUART_pm.c ****         /* Clears active interrupt */
  61:.\Generated_Source\PSoC5/USBUART_pm.c ****         CY_GET_REG8(USBUART_DP_INTSTAT_PTR);
  41              		.loc 1 61 0
  42 0004 024B     		ldr	r3, .L2
  43 0006 1B78     		ldrb	r3, [r3]
  62:.\Generated_Source\PSoC5/USBUART_pm.c ****     }
  44              		.loc 1 62 0
  45 0008 BD46     		mov	sp, r7
  46              		@ sp needed
  47 000a 5DF8047B 		ldr	r7, [sp], #4
  48 000e 7047     		bx	lr
  49              	.L3:
  50              		.align	2
  51              	.L2:
  52 0010 8F450040 		.word	1073759631
ARM GAS  C:\Users\VICTOR~1\AppData\Local\Temp\ccGYjggv.s 			page 3


  53              		.cfi_endproc
  54              	.LFE56:
  55              		.size	USBUART_DP_ISR, .-USBUART_DP_ISR
  56              		.section	.text.USBUART_SaveConfig,"ax",%progbits
  57              		.align	2
  58              		.global	USBUART_SaveConfig
  59              		.thumb
  60              		.thumb_func
  61              		.type	USBUART_SaveConfig, %function
  62              	USBUART_SaveConfig:
  63              	.LFB57:
  63:.\Generated_Source\PSoC5/USBUART_pm.c **** 
  64:.\Generated_Source\PSoC5/USBUART_pm.c **** #endif /* (USBUART_DP_ISR_REMOVE == 0u) */
  65:.\Generated_Source\PSoC5/USBUART_pm.c **** 
  66:.\Generated_Source\PSoC5/USBUART_pm.c **** 
  67:.\Generated_Source\PSoC5/USBUART_pm.c **** /*******************************************************************************
  68:.\Generated_Source\PSoC5/USBUART_pm.c **** * Function Name: USBUART_SaveConfig
  69:.\Generated_Source\PSoC5/USBUART_pm.c **** ********************************************************************************
  70:.\Generated_Source\PSoC5/USBUART_pm.c **** *
  71:.\Generated_Source\PSoC5/USBUART_pm.c **** * Summary:
  72:.\Generated_Source\PSoC5/USBUART_pm.c **** *  Saves the current user configuration.
  73:.\Generated_Source\PSoC5/USBUART_pm.c **** *
  74:.\Generated_Source\PSoC5/USBUART_pm.c **** * Parameters:
  75:.\Generated_Source\PSoC5/USBUART_pm.c **** *  None.
  76:.\Generated_Source\PSoC5/USBUART_pm.c **** *
  77:.\Generated_Source\PSoC5/USBUART_pm.c **** * Return:
  78:.\Generated_Source\PSoC5/USBUART_pm.c **** *  None.
  79:.\Generated_Source\PSoC5/USBUART_pm.c **** *
  80:.\Generated_Source\PSoC5/USBUART_pm.c **** * Reentrant:
  81:.\Generated_Source\PSoC5/USBUART_pm.c **** *  No.
  82:.\Generated_Source\PSoC5/USBUART_pm.c **** *
  83:.\Generated_Source\PSoC5/USBUART_pm.c **** *******************************************************************************/
  84:.\Generated_Source\PSoC5/USBUART_pm.c **** void USBUART_SaveConfig(void) 
  85:.\Generated_Source\PSoC5/USBUART_pm.c **** {
  64              		.loc 1 85 0
  65              		.cfi_startproc
  66              		@ args = 0, pretend = 0, frame = 0
  67              		@ frame_needed = 1, uses_anonymous_args = 0
  68              		@ link register save eliminated.
  69 0000 80B4     		push	{r7}
  70              		.cfi_def_cfa_offset 4
  71              		.cfi_offset 7, -4
  72 0002 00AF     		add	r7, sp, #0
  73              		.cfi_def_cfa_register 7
  86:.\Generated_Source\PSoC5/USBUART_pm.c **** 
  87:.\Generated_Source\PSoC5/USBUART_pm.c **** }
  74              		.loc 1 87 0
  75 0004 BD46     		mov	sp, r7
  76              		@ sp needed
  77 0006 5DF8047B 		ldr	r7, [sp], #4
  78 000a 7047     		bx	lr
  79              		.cfi_endproc
  80              	.LFE57:
  81              		.size	USBUART_SaveConfig, .-USBUART_SaveConfig
  82              		.section	.text.USBUART_RestoreConfig,"ax",%progbits
  83              		.align	2
  84              		.global	USBUART_RestoreConfig
ARM GAS  C:\Users\VICTOR~1\AppData\Local\Temp\ccGYjggv.s 			page 4


  85              		.thumb
  86              		.thumb_func
  87              		.type	USBUART_RestoreConfig, %function
  88              	USBUART_RestoreConfig:
  89              	.LFB58:
  88:.\Generated_Source\PSoC5/USBUART_pm.c **** 
  89:.\Generated_Source\PSoC5/USBUART_pm.c **** 
  90:.\Generated_Source\PSoC5/USBUART_pm.c **** /*******************************************************************************
  91:.\Generated_Source\PSoC5/USBUART_pm.c **** * Function Name: USBUART_RestoreConfig
  92:.\Generated_Source\PSoC5/USBUART_pm.c **** ********************************************************************************
  93:.\Generated_Source\PSoC5/USBUART_pm.c **** *
  94:.\Generated_Source\PSoC5/USBUART_pm.c **** * Summary:
  95:.\Generated_Source\PSoC5/USBUART_pm.c **** *  Restores the current user configuration.
  96:.\Generated_Source\PSoC5/USBUART_pm.c **** *
  97:.\Generated_Source\PSoC5/USBUART_pm.c **** * Parameters:
  98:.\Generated_Source\PSoC5/USBUART_pm.c **** *  None.
  99:.\Generated_Source\PSoC5/USBUART_pm.c **** *
 100:.\Generated_Source\PSoC5/USBUART_pm.c **** * Return:
 101:.\Generated_Source\PSoC5/USBUART_pm.c **** *  None.
 102:.\Generated_Source\PSoC5/USBUART_pm.c **** *
 103:.\Generated_Source\PSoC5/USBUART_pm.c **** * Reentrant:
 104:.\Generated_Source\PSoC5/USBUART_pm.c **** *  No.
 105:.\Generated_Source\PSoC5/USBUART_pm.c **** *
 106:.\Generated_Source\PSoC5/USBUART_pm.c **** *******************************************************************************/
 107:.\Generated_Source\PSoC5/USBUART_pm.c **** void USBUART_RestoreConfig(void) 
 108:.\Generated_Source\PSoC5/USBUART_pm.c **** {
  90              		.loc 1 108 0
  91              		.cfi_startproc
  92              		@ args = 0, pretend = 0, frame = 0
  93              		@ frame_needed = 1, uses_anonymous_args = 0
  94 0000 80B5     		push	{r7, lr}
  95              		.cfi_def_cfa_offset 8
  96              		.cfi_offset 7, -8
  97              		.cfi_offset 14, -4
  98 0002 00AF     		add	r7, sp, #0
  99              		.cfi_def_cfa_register 7
 109:.\Generated_Source\PSoC5/USBUART_pm.c ****     if(USBUART_configuration != 0u)
 100              		.loc 1 109 0
 101 0004 034B     		ldr	r3, .L7
 102 0006 1B78     		ldrb	r3, [r3]
 103 0008 DBB2     		uxtb	r3, r3
 104 000a 002B     		cmp	r3, #0
 105 000c 01D0     		beq	.L5
 110:.\Generated_Source\PSoC5/USBUART_pm.c ****     {
 111:.\Generated_Source\PSoC5/USBUART_pm.c ****         USBUART_ConfigReg();
 106              		.loc 1 111 0
 107 000e FFF7FEFF 		bl	USBUART_ConfigReg
 108              	.L5:
 112:.\Generated_Source\PSoC5/USBUART_pm.c ****     }
 113:.\Generated_Source\PSoC5/USBUART_pm.c **** }
 109              		.loc 1 113 0
 110 0012 80BD     		pop	{r7, pc}
 111              	.L8:
 112              		.align	2
 113              	.L7:
 114 0014 00000000 		.word	USBUART_configuration
 115              		.cfi_endproc
ARM GAS  C:\Users\VICTOR~1\AppData\Local\Temp\ccGYjggv.s 			page 5


 116              	.LFE58:
 117              		.size	USBUART_RestoreConfig, .-USBUART_RestoreConfig
 118              		.section	.text.USBUART_Suspend,"ax",%progbits
 119              		.align	2
 120              		.global	USBUART_Suspend
 121              		.thumb
 122              		.thumb_func
 123              		.type	USBUART_Suspend, %function
 124              	USBUART_Suspend:
 125              	.LFB59:
 114:.\Generated_Source\PSoC5/USBUART_pm.c **** 
 115:.\Generated_Source\PSoC5/USBUART_pm.c **** 
 116:.\Generated_Source\PSoC5/USBUART_pm.c **** /*******************************************************************************
 117:.\Generated_Source\PSoC5/USBUART_pm.c **** * Function Name: USBUART_Suspend
 118:.\Generated_Source\PSoC5/USBUART_pm.c **** ********************************************************************************
 119:.\Generated_Source\PSoC5/USBUART_pm.c **** *
 120:.\Generated_Source\PSoC5/USBUART_pm.c **** * Summary:
 121:.\Generated_Source\PSoC5/USBUART_pm.c **** *  This function disables the USBFS block and prepares for power down mode.
 122:.\Generated_Source\PSoC5/USBUART_pm.c **** *
 123:.\Generated_Source\PSoC5/USBUART_pm.c **** * Parameters:
 124:.\Generated_Source\PSoC5/USBUART_pm.c **** *  None.
 125:.\Generated_Source\PSoC5/USBUART_pm.c **** *
 126:.\Generated_Source\PSoC5/USBUART_pm.c **** * Return:
 127:.\Generated_Source\PSoC5/USBUART_pm.c **** *   None.
 128:.\Generated_Source\PSoC5/USBUART_pm.c **** *
 129:.\Generated_Source\PSoC5/USBUART_pm.c **** * Global variables:
 130:.\Generated_Source\PSoC5/USBUART_pm.c **** *  USBUART_backup.enable:  modified.
 131:.\Generated_Source\PSoC5/USBUART_pm.c **** *
 132:.\Generated_Source\PSoC5/USBUART_pm.c **** * Reentrant:
 133:.\Generated_Source\PSoC5/USBUART_pm.c **** *  No.
 134:.\Generated_Source\PSoC5/USBUART_pm.c **** *
 135:.\Generated_Source\PSoC5/USBUART_pm.c **** *******************************************************************************/
 136:.\Generated_Source\PSoC5/USBUART_pm.c **** void USBUART_Suspend(void) 
 137:.\Generated_Source\PSoC5/USBUART_pm.c **** {
 126              		.loc 1 137 0
 127              		.cfi_startproc
 128              		@ args = 0, pretend = 0, frame = 8
 129              		@ frame_needed = 1, uses_anonymous_args = 0
 130 0000 80B5     		push	{r7, lr}
 131              		.cfi_def_cfa_offset 8
 132              		.cfi_offset 7, -8
 133              		.cfi_offset 14, -4
 134 0002 82B0     		sub	sp, sp, #8
 135              		.cfi_def_cfa_offset 16
 136 0004 00AF     		add	r7, sp, #0
 137              		.cfi_def_cfa_register 7
 138:.\Generated_Source\PSoC5/USBUART_pm.c ****     uint8 enableInterrupts;
 139:.\Generated_Source\PSoC5/USBUART_pm.c ****     enableInterrupts = CyEnterCriticalSection();
 138              		.loc 1 139 0
 139 0006 FFF7FEFF 		bl	CyEnterCriticalSection
 140 000a 0346     		mov	r3, r0
 141 000c FB71     		strb	r3, [r7, #7]
 140:.\Generated_Source\PSoC5/USBUART_pm.c **** 
 141:.\Generated_Source\PSoC5/USBUART_pm.c ****     if((CY_GET_REG8(USBUART_CR0_PTR) & USBUART_CR0_ENABLE) != 0u)
 142              		.loc 1 141 0
 143 000e 3C4B     		ldr	r3, .L12
 144 0010 1B78     		ldrb	r3, [r3]
ARM GAS  C:\Users\VICTOR~1\AppData\Local\Temp\ccGYjggv.s 			page 6


 145 0012 DBB2     		uxtb	r3, r3
 146 0014 DBB2     		uxtb	r3, r3
 147 0016 5BB2     		sxtb	r3, r3
 148 0018 002B     		cmp	r3, #0
 149 001a 57DA     		bge	.L10
 142:.\Generated_Source\PSoC5/USBUART_pm.c ****     {   /* USB block is enabled */
 143:.\Generated_Source\PSoC5/USBUART_pm.c ****         USBUART_backup.enableState = 1u;
 150              		.loc 1 143 0
 151 001c 394B     		ldr	r3, .L12+4
 152 001e 0122     		movs	r2, #1
 153 0020 1A70     		strb	r2, [r3]
 144:.\Generated_Source\PSoC5/USBUART_pm.c **** 
 145:.\Generated_Source\PSoC5/USBUART_pm.c ****         #if(USBUART_EP_MM != USBUART__EP_MANUAL)
 146:.\Generated_Source\PSoC5/USBUART_pm.c ****             USBUART_Stop_DMA(USBUART_MAX_EP);     /* Stop all DMAs */
 147:.\Generated_Source\PSoC5/USBUART_pm.c ****         #endif   /*  USBUART_EP_MM != USBUART__EP_MANUAL */
 148:.\Generated_Source\PSoC5/USBUART_pm.c **** 
 149:.\Generated_Source\PSoC5/USBUART_pm.c ****         /* Ensure USB transmit enable is low (USB_USBIO_CR0.ten). - Manual Transmission - Disabled 
 150:.\Generated_Source\PSoC5/USBUART_pm.c ****         USBUART_USBIO_CR0_REG &= (uint8)~USBUART_USBIO_CR0_TEN;
 154              		.loc 1 150 0
 155 0022 394B     		ldr	r3, .L12+8
 156 0024 384A     		ldr	r2, .L12+8
 157 0026 1278     		ldrb	r2, [r2]
 158 0028 D2B2     		uxtb	r2, r2
 159 002a 02F07F02 		and	r2, r2, #127
 160 002e D2B2     		uxtb	r2, r2
 161 0030 1A70     		strb	r2, [r3]
 151:.\Generated_Source\PSoC5/USBUART_pm.c ****         CyDelayUs(0u);  /*~50ns delay */
 162              		.loc 1 151 0
 163 0032 0020     		movs	r0, #0
 164 0034 FFF7FEFF 		bl	CyDelayUs
 152:.\Generated_Source\PSoC5/USBUART_pm.c **** 
 153:.\Generated_Source\PSoC5/USBUART_pm.c ****         /* Disable the USBIO by asserting PM.USB_CR0.fsusbio_pd_n(Inverted) and pd_pullup_hv(Invert
 154:.\Generated_Source\PSoC5/USBUART_pm.c ****         USBUART_PM_USB_CR0_REG &=
 165              		.loc 1 154 0
 166 0038 344B     		ldr	r3, .L12+12
 167 003a 344A     		ldr	r2, .L12+12
 168 003c 1278     		ldrb	r2, [r2]
 169 003e D2B2     		uxtb	r2, r2
 170 0040 22F00602 		bic	r2, r2, #6
 171 0044 D2B2     		uxtb	r2, r2
 172 0046 1A70     		strb	r2, [r3]
 155:.\Generated_Source\PSoC5/USBUART_pm.c ****                                 (uint8)~(USBUART_PM_USB_CR0_PD_N | USBUART_PM_USB_CR0_PD_PULLUP_N);
 156:.\Generated_Source\PSoC5/USBUART_pm.c **** 
 157:.\Generated_Source\PSoC5/USBUART_pm.c ****         /* Disable the SIE */
 158:.\Generated_Source\PSoC5/USBUART_pm.c ****         USBUART_CR0_REG &= (uint8)~USBUART_CR0_ENABLE;
 173              		.loc 1 158 0
 174 0048 2D4B     		ldr	r3, .L12
 175 004a 2D4A     		ldr	r2, .L12
 176 004c 1278     		ldrb	r2, [r2]
 177 004e D2B2     		uxtb	r2, r2
 178 0050 02F07F02 		and	r2, r2, #127
 179 0054 D2B2     		uxtb	r2, r2
 180 0056 1A70     		strb	r2, [r3]
 159:.\Generated_Source\PSoC5/USBUART_pm.c **** 
 160:.\Generated_Source\PSoC5/USBUART_pm.c ****         CyDelayUs(0u);  /* ~50ns delay */
 181              		.loc 1 160 0
 182 0058 0020     		movs	r0, #0
ARM GAS  C:\Users\VICTOR~1\AppData\Local\Temp\ccGYjggv.s 			page 7


 183 005a FFF7FEFF 		bl	CyDelayUs
 161:.\Generated_Source\PSoC5/USBUART_pm.c ****         /* Store mode and Disable VRegulator*/
 162:.\Generated_Source\PSoC5/USBUART_pm.c ****         USBUART_backup.mode = USBUART_CR1_REG & USBUART_CR1_REG_ENABLE;
 184              		.loc 1 162 0
 185 005e 2C4B     		ldr	r3, .L12+16
 186 0060 1B78     		ldrb	r3, [r3]
 187 0062 DBB2     		uxtb	r3, r3
 188 0064 03F00103 		and	r3, r3, #1
 189 0068 DAB2     		uxtb	r2, r3
 190 006a 264B     		ldr	r3, .L12+4
 191 006c 5A70     		strb	r2, [r3, #1]
 163:.\Generated_Source\PSoC5/USBUART_pm.c ****         USBUART_CR1_REG &= (uint8)~USBUART_CR1_REG_ENABLE;
 192              		.loc 1 163 0
 193 006e 284B     		ldr	r3, .L12+16
 194 0070 274A     		ldr	r2, .L12+16
 195 0072 1278     		ldrb	r2, [r2]
 196 0074 D2B2     		uxtb	r2, r2
 197 0076 22F00102 		bic	r2, r2, #1
 198 007a D2B2     		uxtb	r2, r2
 199 007c 1A70     		strb	r2, [r3]
 164:.\Generated_Source\PSoC5/USBUART_pm.c **** 
 165:.\Generated_Source\PSoC5/USBUART_pm.c ****         CyDelayUs(1u);  /* 0.5 us min delay */
 200              		.loc 1 165 0
 201 007e 0120     		movs	r0, #1
 202 0080 FFF7FEFF 		bl	CyDelayUs
 166:.\Generated_Source\PSoC5/USBUART_pm.c ****         /* Disable the USBIO reference by setting PM.USB_CR0.fsusbio_ref_en.*/
 167:.\Generated_Source\PSoC5/USBUART_pm.c ****         USBUART_PM_USB_CR0_REG &= (uint8)~USBUART_PM_USB_CR0_REF_EN;
 203              		.loc 1 167 0
 204 0084 214B     		ldr	r3, .L12+12
 205 0086 214A     		ldr	r2, .L12+12
 206 0088 1278     		ldrb	r2, [r2]
 207 008a D2B2     		uxtb	r2, r2
 208 008c 22F00102 		bic	r2, r2, #1
 209 0090 D2B2     		uxtb	r2, r2
 210 0092 1A70     		strb	r2, [r3]
 168:.\Generated_Source\PSoC5/USBUART_pm.c **** 
 169:.\Generated_Source\PSoC5/USBUART_pm.c ****         /* Switch DP and DM terminals to GPIO mode and disconnect 1.5k pullup*/
 170:.\Generated_Source\PSoC5/USBUART_pm.c ****         USBUART_USBIO_CR1_REG |= USBUART_USBIO_CR1_IOMODE;
 211              		.loc 1 170 0
 212 0094 1F4B     		ldr	r3, .L12+20
 213 0096 1F4A     		ldr	r2, .L12+20
 214 0098 1278     		ldrb	r2, [r2]
 215 009a D2B2     		uxtb	r2, r2
 216 009c 42F02002 		orr	r2, r2, #32
 217 00a0 D2B2     		uxtb	r2, r2
 218 00a2 1A70     		strb	r2, [r3]
 171:.\Generated_Source\PSoC5/USBUART_pm.c **** 
 172:.\Generated_Source\PSoC5/USBUART_pm.c ****         /* Disable USB in ACT PM */
 173:.\Generated_Source\PSoC5/USBUART_pm.c ****         USBUART_PM_ACT_CFG_REG &= (uint8)~USBUART_PM_ACT_EN_FSUSB;
 219              		.loc 1 173 0
 220 00a4 1C4B     		ldr	r3, .L12+24
 221 00a6 1C4A     		ldr	r2, .L12+24
 222 00a8 1278     		ldrb	r2, [r2]
 223 00aa D2B2     		uxtb	r2, r2
 224 00ac 22F00102 		bic	r2, r2, #1
 225 00b0 D2B2     		uxtb	r2, r2
 226 00b2 1A70     		strb	r2, [r3]
ARM GAS  C:\Users\VICTOR~1\AppData\Local\Temp\ccGYjggv.s 			page 8


 174:.\Generated_Source\PSoC5/USBUART_pm.c ****         /* Disable USB block for Standby Power Mode */
 175:.\Generated_Source\PSoC5/USBUART_pm.c ****         USBUART_PM_STBY_CFG_REG &= (uint8)~USBUART_PM_STBY_EN_FSUSB;
 227              		.loc 1 175 0
 228 00b4 194B     		ldr	r3, .L12+28
 229 00b6 194A     		ldr	r2, .L12+28
 230 00b8 1278     		ldrb	r2, [r2]
 231 00ba D2B2     		uxtb	r2, r2
 232 00bc 22F00102 		bic	r2, r2, #1
 233 00c0 D2B2     		uxtb	r2, r2
 234 00c2 1A70     		strb	r2, [r3]
 176:.\Generated_Source\PSoC5/USBUART_pm.c ****         CyDelayUs(1u); /* min  0.5us delay required */
 235              		.loc 1 176 0
 236 00c4 0120     		movs	r0, #1
 237 00c6 FFF7FEFF 		bl	CyDelayUs
 238 00ca 02E0     		b	.L11
 239              	.L10:
 177:.\Generated_Source\PSoC5/USBUART_pm.c **** 
 178:.\Generated_Source\PSoC5/USBUART_pm.c ****     }
 179:.\Generated_Source\PSoC5/USBUART_pm.c ****     else
 180:.\Generated_Source\PSoC5/USBUART_pm.c ****     {
 181:.\Generated_Source\PSoC5/USBUART_pm.c ****         USBUART_backup.enableState = 0u;
 240              		.loc 1 181 0
 241 00cc 0D4B     		ldr	r3, .L12+4
 242 00ce 0022     		movs	r2, #0
 243 00d0 1A70     		strb	r2, [r3]
 244              	.L11:
 182:.\Generated_Source\PSoC5/USBUART_pm.c ****     }
 183:.\Generated_Source\PSoC5/USBUART_pm.c ****     
 184:.\Generated_Source\PSoC5/USBUART_pm.c ****     CyExitCriticalSection(enableInterrupts);
 245              		.loc 1 184 0
 246 00d2 FB79     		ldrb	r3, [r7, #7]	@ zero_extendqisi2
 247 00d4 1846     		mov	r0, r3
 248 00d6 FFF7FEFF 		bl	CyExitCriticalSection
 185:.\Generated_Source\PSoC5/USBUART_pm.c **** 
 186:.\Generated_Source\PSoC5/USBUART_pm.c ****     /* Set the DP Interrupt for wake-up from sleep mode. */
 187:.\Generated_Source\PSoC5/USBUART_pm.c ****     #if(USBUART_DP_ISR_REMOVE == 0u)
 188:.\Generated_Source\PSoC5/USBUART_pm.c ****         (void) CyIntSetVector(USBUART_DP_INTC_VECT_NUM, &USBUART_DP_ISR);
 249              		.loc 1 188 0
 250 00da 0C20     		movs	r0, #12
 251 00dc 1049     		ldr	r1, .L12+32
 252 00de FFF7FEFF 		bl	CyIntSetVector
 189:.\Generated_Source\PSoC5/USBUART_pm.c ****         CyIntSetPriority(USBUART_DP_INTC_VECT_NUM, USBUART_DP_INTC_PRIOR);
 253              		.loc 1 189 0
 254 00e2 0C20     		movs	r0, #12
 255 00e4 0721     		movs	r1, #7
 256 00e6 FFF7FEFF 		bl	CyIntSetPriority
 190:.\Generated_Source\PSoC5/USBUART_pm.c ****         CyIntClearPending(USBUART_DP_INTC_VECT_NUM);
 257              		.loc 1 190 0
 258 00ea 0E4B     		ldr	r3, .L12+36
 259 00ec 4FF48052 		mov	r2, #4096
 260 00f0 1A60     		str	r2, [r3]
 191:.\Generated_Source\PSoC5/USBUART_pm.c ****         CyIntEnable(USBUART_DP_INTC_VECT_NUM);
 261              		.loc 1 191 0
 262 00f2 0D4B     		ldr	r3, .L12+40
 263 00f4 4FF48052 		mov	r2, #4096
 264 00f8 1A60     		str	r2, [r3]
 192:.\Generated_Source\PSoC5/USBUART_pm.c ****     #endif /* (USBUART_DP_ISR_REMOVE == 0u) */
ARM GAS  C:\Users\VICTOR~1\AppData\Local\Temp\ccGYjggv.s 			page 9


 193:.\Generated_Source\PSoC5/USBUART_pm.c **** }
 265              		.loc 1 193 0
 266 00fa 0837     		adds	r7, r7, #8
 267 00fc BD46     		mov	sp, r7
 268              		@ sp needed
 269 00fe 80BD     		pop	{r7, pc}
 270              	.L13:
 271              		.align	2
 272              	.L12:
 273 0100 08600040 		.word	1073766408
 274 0104 00000000 		.word	USBUART_backup
 275 0108 10600040 		.word	1073766416
 276 010c 94430040 		.word	1073759124
 277 0110 09600040 		.word	1073766409
 278 0114 12600040 		.word	1073766418
 279 0118 A5430040 		.word	1073759141
 280 011c B5430040 		.word	1073759157
 281 0120 00000000 		.word	USBUART_DP_ISR
 282 0124 80E200E0 		.word	-536812928
 283 0128 00E100E0 		.word	-536813312
 284              		.cfi_endproc
 285              	.LFE59:
 286              		.size	USBUART_Suspend, .-USBUART_Suspend
 287              		.section	.text.USBUART_Resume,"ax",%progbits
 288              		.align	2
 289              		.global	USBUART_Resume
 290              		.thumb
 291              		.thumb_func
 292              		.type	USBUART_Resume, %function
 293              	USBUART_Resume:
 294              	.LFB60:
 194:.\Generated_Source\PSoC5/USBUART_pm.c **** 
 195:.\Generated_Source\PSoC5/USBUART_pm.c **** 
 196:.\Generated_Source\PSoC5/USBUART_pm.c **** /*******************************************************************************
 197:.\Generated_Source\PSoC5/USBUART_pm.c **** * Function Name: USBUART_Resume
 198:.\Generated_Source\PSoC5/USBUART_pm.c **** ********************************************************************************
 199:.\Generated_Source\PSoC5/USBUART_pm.c **** *
 200:.\Generated_Source\PSoC5/USBUART_pm.c **** * Summary:
 201:.\Generated_Source\PSoC5/USBUART_pm.c **** *  This function enables the USBFS block after power down mode.
 202:.\Generated_Source\PSoC5/USBUART_pm.c **** *
 203:.\Generated_Source\PSoC5/USBUART_pm.c **** * Parameters:
 204:.\Generated_Source\PSoC5/USBUART_pm.c **** *  None.
 205:.\Generated_Source\PSoC5/USBUART_pm.c **** *
 206:.\Generated_Source\PSoC5/USBUART_pm.c **** * Return:
 207:.\Generated_Source\PSoC5/USBUART_pm.c **** *  None.
 208:.\Generated_Source\PSoC5/USBUART_pm.c **** *
 209:.\Generated_Source\PSoC5/USBUART_pm.c **** * Global variables:
 210:.\Generated_Source\PSoC5/USBUART_pm.c **** *  USBUART_backup - checked.
 211:.\Generated_Source\PSoC5/USBUART_pm.c **** *
 212:.\Generated_Source\PSoC5/USBUART_pm.c **** * Reentrant:
 213:.\Generated_Source\PSoC5/USBUART_pm.c **** *  No.
 214:.\Generated_Source\PSoC5/USBUART_pm.c **** *
 215:.\Generated_Source\PSoC5/USBUART_pm.c **** *******************************************************************************/
 216:.\Generated_Source\PSoC5/USBUART_pm.c **** void USBUART_Resume(void) 
 217:.\Generated_Source\PSoC5/USBUART_pm.c **** {
 295              		.loc 1 217 0
 296              		.cfi_startproc
ARM GAS  C:\Users\VICTOR~1\AppData\Local\Temp\ccGYjggv.s 			page 10


 297              		@ args = 0, pretend = 0, frame = 8
 298              		@ frame_needed = 1, uses_anonymous_args = 0
 299 0000 80B5     		push	{r7, lr}
 300              		.cfi_def_cfa_offset 8
 301              		.cfi_offset 7, -8
 302              		.cfi_offset 14, -4
 303 0002 82B0     		sub	sp, sp, #8
 304              		.cfi_def_cfa_offset 16
 305 0004 00AF     		add	r7, sp, #0
 306              		.cfi_def_cfa_register 7
 218:.\Generated_Source\PSoC5/USBUART_pm.c ****     uint8 enableInterrupts;
 219:.\Generated_Source\PSoC5/USBUART_pm.c ****     enableInterrupts = CyEnterCriticalSection();
 307              		.loc 1 219 0
 308 0006 FFF7FEFF 		bl	CyEnterCriticalSection
 309 000a 0346     		mov	r3, r0
 310 000c FB71     		strb	r3, [r7, #7]
 220:.\Generated_Source\PSoC5/USBUART_pm.c **** 
 221:.\Generated_Source\PSoC5/USBUART_pm.c ****     if(USBUART_backup.enableState != 0u)
 311              		.loc 1 221 0
 312 000e 324B     		ldr	r3, .L16
 313 0010 1B78     		ldrb	r3, [r3]	@ zero_extendqisi2
 314 0012 002B     		cmp	r3, #0
 315 0014 58D0     		beq	.L15
 222:.\Generated_Source\PSoC5/USBUART_pm.c ****     {
 223:.\Generated_Source\PSoC5/USBUART_pm.c ****         #if(USBUART_DP_ISR_REMOVE == 0u)
 224:.\Generated_Source\PSoC5/USBUART_pm.c ****             CyIntDisable(USBUART_DP_INTC_VECT_NUM);
 316              		.loc 1 224 0
 317 0016 314B     		ldr	r3, .L16+4
 318 0018 4FF48052 		mov	r2, #4096
 319 001c 1A60     		str	r2, [r3]
 225:.\Generated_Source\PSoC5/USBUART_pm.c ****         #endif /*  USBUART_DP_ISR_REMOVE */
 226:.\Generated_Source\PSoC5/USBUART_pm.c **** 
 227:.\Generated_Source\PSoC5/USBUART_pm.c ****         /* Enable USB block */
 228:.\Generated_Source\PSoC5/USBUART_pm.c ****         USBUART_PM_ACT_CFG_REG |= USBUART_PM_ACT_EN_FSUSB;
 320              		.loc 1 228 0
 321 001e 304B     		ldr	r3, .L16+8
 322 0020 2F4A     		ldr	r2, .L16+8
 323 0022 1278     		ldrb	r2, [r2]
 324 0024 D2B2     		uxtb	r2, r2
 325 0026 42F00102 		orr	r2, r2, #1
 326 002a D2B2     		uxtb	r2, r2
 327 002c 1A70     		strb	r2, [r3]
 229:.\Generated_Source\PSoC5/USBUART_pm.c ****         /* Enable USB block for Standby Power Mode */
 230:.\Generated_Source\PSoC5/USBUART_pm.c ****         USBUART_PM_STBY_CFG_REG |= USBUART_PM_STBY_EN_FSUSB;
 328              		.loc 1 230 0
 329 002e 2D4B     		ldr	r3, .L16+12
 330 0030 2C4A     		ldr	r2, .L16+12
 331 0032 1278     		ldrb	r2, [r2]
 332 0034 D2B2     		uxtb	r2, r2
 333 0036 42F00102 		orr	r2, r2, #1
 334 003a D2B2     		uxtb	r2, r2
 335 003c 1A70     		strb	r2, [r3]
 231:.\Generated_Source\PSoC5/USBUART_pm.c ****         /* Enable core clock */
 232:.\Generated_Source\PSoC5/USBUART_pm.c ****         USBUART_USB_CLK_EN_REG |= USBUART_USB_CLK_ENABLE;
 336              		.loc 1 232 0
 337 003e 2A4B     		ldr	r3, .L16+16
 338 0040 294A     		ldr	r2, .L16+16
ARM GAS  C:\Users\VICTOR~1\AppData\Local\Temp\ccGYjggv.s 			page 11


 339 0042 1278     		ldrb	r2, [r2]
 340 0044 D2B2     		uxtb	r2, r2
 341 0046 42F00102 		orr	r2, r2, #1
 342 004a D2B2     		uxtb	r2, r2
 343 004c 1A70     		strb	r2, [r3]
 233:.\Generated_Source\PSoC5/USBUART_pm.c **** 
 234:.\Generated_Source\PSoC5/USBUART_pm.c ****         /* Enable the USBIO reference by setting PM.USB_CR0.fsusbio_ref_en.*/
 235:.\Generated_Source\PSoC5/USBUART_pm.c ****         USBUART_PM_USB_CR0_REG |= USBUART_PM_USB_CR0_REF_EN;
 344              		.loc 1 235 0
 345 004e 274B     		ldr	r3, .L16+20
 346 0050 264A     		ldr	r2, .L16+20
 347 0052 1278     		ldrb	r2, [r2]
 348 0054 D2B2     		uxtb	r2, r2
 349 0056 42F00102 		orr	r2, r2, #1
 350 005a D2B2     		uxtb	r2, r2
 351 005c 1A70     		strb	r2, [r3]
 236:.\Generated_Source\PSoC5/USBUART_pm.c ****         /* The reference will be available ~40us after power restored */
 237:.\Generated_Source\PSoC5/USBUART_pm.c ****         CyDelayUs(40u);
 352              		.loc 1 237 0
 353 005e 2820     		movs	r0, #40
 354 0060 FFF7FEFF 		bl	CyDelayUs
 238:.\Generated_Source\PSoC5/USBUART_pm.c ****         /* Return VRegulator*/
 239:.\Generated_Source\PSoC5/USBUART_pm.c ****         USBUART_CR1_REG |= USBUART_backup.mode;
 355              		.loc 1 239 0
 356 0064 224B     		ldr	r3, .L16+24
 357 0066 224A     		ldr	r2, .L16+24
 358 0068 1278     		ldrb	r2, [r2]
 359 006a D1B2     		uxtb	r1, r2
 360 006c 1A4A     		ldr	r2, .L16
 361 006e 5278     		ldrb	r2, [r2, #1]	@ zero_extendqisi2
 362 0070 0A43     		orrs	r2, r2, r1
 363 0072 D2B2     		uxtb	r2, r2
 364 0074 1A70     		strb	r2, [r3]
 240:.\Generated_Source\PSoC5/USBUART_pm.c ****         CyDelayUs(0u);  /*~50ns delay */
 365              		.loc 1 240 0
 366 0076 0020     		movs	r0, #0
 367 0078 FFF7FEFF 		bl	CyDelayUs
 241:.\Generated_Source\PSoC5/USBUART_pm.c ****         /* Enable USBIO */
 242:.\Generated_Source\PSoC5/USBUART_pm.c ****         USBUART_PM_USB_CR0_REG |= USBUART_PM_USB_CR0_PD_N;
 368              		.loc 1 242 0
 369 007c 1B4B     		ldr	r3, .L16+20
 370 007e 1B4A     		ldr	r2, .L16+20
 371 0080 1278     		ldrb	r2, [r2]
 372 0082 D2B2     		uxtb	r2, r2
 373 0084 42F00202 		orr	r2, r2, #2
 374 0088 D2B2     		uxtb	r2, r2
 375 008a 1A70     		strb	r2, [r3]
 243:.\Generated_Source\PSoC5/USBUART_pm.c ****         CyDelayUs(2u);
 376              		.loc 1 243 0
 377 008c 0220     		movs	r0, #2
 378 008e FFF7FEFF 		bl	CyDelayUs
 244:.\Generated_Source\PSoC5/USBUART_pm.c ****         /* Set the USBIO pull-up enable */
 245:.\Generated_Source\PSoC5/USBUART_pm.c ****         USBUART_PM_USB_CR0_REG |= USBUART_PM_USB_CR0_PD_PULLUP_N;
 379              		.loc 1 245 0
 380 0092 164B     		ldr	r3, .L16+20
 381 0094 154A     		ldr	r2, .L16+20
 382 0096 1278     		ldrb	r2, [r2]
ARM GAS  C:\Users\VICTOR~1\AppData\Local\Temp\ccGYjggv.s 			page 12


 383 0098 D2B2     		uxtb	r2, r2
 384 009a 42F00402 		orr	r2, r2, #4
 385 009e D2B2     		uxtb	r2, r2
 386 00a0 1A70     		strb	r2, [r3]
 246:.\Generated_Source\PSoC5/USBUART_pm.c **** 
 247:.\Generated_Source\PSoC5/USBUART_pm.c ****         /* Re-init Arbiter configuration for DMA transfers */
 248:.\Generated_Source\PSoC5/USBUART_pm.c ****         #if(USBUART_EP_MM != USBUART__EP_MANUAL)
 249:.\Generated_Source\PSoC5/USBUART_pm.c ****             /* Usb arb interrupt enable */
 250:.\Generated_Source\PSoC5/USBUART_pm.c ****             USBUART_ARB_INT_EN_REG = USBUART_ARB_INT_MASK;
 251:.\Generated_Source\PSoC5/USBUART_pm.c ****             #if(USBUART_EP_MM == USBUART__EP_DMAMANUAL)
 252:.\Generated_Source\PSoC5/USBUART_pm.c ****                 USBUART_ARB_CFG_REG = USBUART_ARB_CFG_MANUAL_DMA;
 253:.\Generated_Source\PSoC5/USBUART_pm.c ****             #endif   /*  USBUART_EP_MM == USBUART__EP_DMAMANUAL */
 254:.\Generated_Source\PSoC5/USBUART_pm.c ****             #if(USBUART_EP_MM == USBUART__EP_DMAAUTO)
 255:.\Generated_Source\PSoC5/USBUART_pm.c ****                 /*Set cfg cmplt this rises DMA request when the full configuration is done */
 256:.\Generated_Source\PSoC5/USBUART_pm.c ****                 USBUART_ARB_CFG_REG = USBUART_ARB_CFG_AUTO_DMA | USBUART_ARB_CFG_AUTO_MEM;
 257:.\Generated_Source\PSoC5/USBUART_pm.c ****             #endif   /*  USBUART_EP_MM == USBUART__EP_DMAAUTO */
 258:.\Generated_Source\PSoC5/USBUART_pm.c ****         #endif   /*  USBUART_EP_MM != USBUART__EP_MANUAL */
 259:.\Generated_Source\PSoC5/USBUART_pm.c **** 
 260:.\Generated_Source\PSoC5/USBUART_pm.c ****         /* STALL_IN_OUT */
 261:.\Generated_Source\PSoC5/USBUART_pm.c ****         CY_SET_REG8(USBUART_EP0_CR_PTR, USBUART_MODE_STALL_IN_OUT);
 387              		.loc 1 261 0
 388 00a2 144B     		ldr	r3, .L16+28
 389 00a4 0322     		movs	r2, #3
 390 00a6 1A70     		strb	r2, [r3]
 262:.\Generated_Source\PSoC5/USBUART_pm.c ****         /* Enable the SIE with a last address */
 263:.\Generated_Source\PSoC5/USBUART_pm.c ****         USBUART_CR0_REG |= USBUART_CR0_ENABLE;
 391              		.loc 1 263 0
 392 00a8 134B     		ldr	r3, .L16+32
 393 00aa 134A     		ldr	r2, .L16+32
 394 00ac 1278     		ldrb	r2, [r2]
 395 00ae D2B2     		uxtb	r2, r2
 396 00b0 62F07F02 		orn	r2, r2, #127
 397 00b4 D2B2     		uxtb	r2, r2
 398 00b6 1A70     		strb	r2, [r3]
 264:.\Generated_Source\PSoC5/USBUART_pm.c ****         CyDelayCycles(1u);
 399              		.loc 1 264 0
 400 00b8 0120     		movs	r0, #1
 401 00ba FFF7FEFF 		bl	CyDelayCycles
 265:.\Generated_Source\PSoC5/USBUART_pm.c ****         /* Finally, Enable d+ pullup and select iomode to USB mode*/
 266:.\Generated_Source\PSoC5/USBUART_pm.c ****         CY_SET_REG8(USBUART_USBIO_CR1_PTR, USBUART_USBIO_CR1_USBPUEN);
 402              		.loc 1 266 0
 403 00be 0F4B     		ldr	r3, .L16+36
 404 00c0 0422     		movs	r2, #4
 405 00c2 1A70     		strb	r2, [r3]
 267:.\Generated_Source\PSoC5/USBUART_pm.c **** 
 268:.\Generated_Source\PSoC5/USBUART_pm.c ****         /* Restore USB register settings */
 269:.\Generated_Source\PSoC5/USBUART_pm.c ****         USBUART_RestoreConfig();
 406              		.loc 1 269 0
 407 00c4 FFF7FEFF 		bl	USBUART_RestoreConfig
 408              	.L15:
 270:.\Generated_Source\PSoC5/USBUART_pm.c ****     }
 271:.\Generated_Source\PSoC5/USBUART_pm.c **** 
 272:.\Generated_Source\PSoC5/USBUART_pm.c ****     CyExitCriticalSection(enableInterrupts);
 409              		.loc 1 272 0
 410 00c8 FB79     		ldrb	r3, [r7, #7]	@ zero_extendqisi2
 411 00ca 1846     		mov	r0, r3
 412 00cc FFF7FEFF 		bl	CyExitCriticalSection
ARM GAS  C:\Users\VICTOR~1\AppData\Local\Temp\ccGYjggv.s 			page 13


 273:.\Generated_Source\PSoC5/USBUART_pm.c **** }
 413              		.loc 1 273 0
 414 00d0 0837     		adds	r7, r7, #8
 415 00d2 BD46     		mov	sp, r7
 416              		@ sp needed
 417 00d4 80BD     		pop	{r7, pc}
 418              	.L17:
 419 00d6 00BF     		.align	2
 420              	.L16:
 421 00d8 00000000 		.word	USBUART_backup
 422 00dc 80E100E0 		.word	-536813184
 423 00e0 A5430040 		.word	1073759141
 424 00e4 B5430040 		.word	1073759157
 425 00e8 9D600040 		.word	1073766557
 426 00ec 94430040 		.word	1073759124
 427 00f0 09600040 		.word	1073766409
 428 00f4 28600040 		.word	1073766440
 429 00f8 08600040 		.word	1073766408
 430 00fc 12600040 		.word	1073766418
 431              		.cfi_endproc
 432              	.LFE60:
 433              		.size	USBUART_Resume, .-USBUART_Resume
 434              		.text
 435              	.Letext0:
 436              		.file 2 "c:\\program files (x86)\\cypress\\psoc creator\\3.1\\psoc creator\\import\\gnu_cs\\arm\\4
 437              		.file 3 "c:\\program files (x86)\\cypress\\psoc creator\\3.1\\psoc creator\\import\\gnu_cs\\arm\\4
 438              		.file 4 ".\\Generated_Source\\PSoC5/cytypes.h"
 439              		.file 5 ".\\Generated_Source\\PSoC5/USBUART.h"
 440              		.file 6 ".\\Generated_Source\\PSoC5/core_cm3.h"
 441              		.section	.debug_info,"",%progbits
 442              	.Ldebug_info0:
 443 0000 A5010000 		.4byte	0x1a5
 444 0004 0400     		.2byte	0x4
 445 0006 00000000 		.4byte	.Ldebug_abbrev0
 446 000a 04       		.byte	0x4
 447 000b 01       		.uleb128 0x1
 448 000c 95010000 		.4byte	.LASF31
 449 0010 01       		.byte	0x1
 450 0011 3F010000 		.4byte	.LASF32
 451 0015 5C000000 		.4byte	.LASF33
 452 0019 00000000 		.4byte	.Ldebug_ranges0+0
 453 001d 00000000 		.4byte	0
 454 0021 00000000 		.4byte	.Ldebug_line0
 455 0025 02       		.uleb128 0x2
 456 0026 01       		.byte	0x1
 457 0027 06       		.byte	0x6
 458 0028 80020000 		.4byte	.LASF0
 459 002c 02       		.uleb128 0x2
 460 002d 01       		.byte	0x1
 461 002e 08       		.byte	0x8
 462 002f 4E000000 		.4byte	.LASF1
 463 0033 02       		.uleb128 0x2
 464 0034 02       		.byte	0x2
 465 0035 05       		.byte	0x5
 466 0036 4B020000 		.4byte	.LASF2
 467 003a 02       		.uleb128 0x2
 468 003b 02       		.byte	0x2
ARM GAS  C:\Users\VICTOR~1\AppData\Local\Temp\ccGYjggv.s 			page 14


 469 003c 07       		.byte	0x7
 470 003d F8000000 		.4byte	.LASF3
 471 0041 03       		.uleb128 0x3
 472 0042 15000000 		.4byte	.LASF9
 473 0046 02       		.byte	0x2
 474 0047 37       		.byte	0x37
 475 0048 4C000000 		.4byte	0x4c
 476 004c 02       		.uleb128 0x2
 477 004d 04       		.byte	0x4
 478 004e 05       		.byte	0x5
 479 004f 6B020000 		.4byte	.LASF4
 480 0053 02       		.uleb128 0x2
 481 0054 04       		.byte	0x4
 482 0055 07       		.byte	0x7
 483 0056 E6000000 		.4byte	.LASF5
 484 005a 02       		.uleb128 0x2
 485 005b 08       		.byte	0x8
 486 005c 05       		.byte	0x5
 487 005d 22020000 		.4byte	.LASF6
 488 0061 02       		.uleb128 0x2
 489 0062 08       		.byte	0x8
 490 0063 07       		.byte	0x7
 491 0064 79010000 		.4byte	.LASF7
 492 0068 04       		.uleb128 0x4
 493 0069 04       		.byte	0x4
 494 006a 05       		.byte	0x5
 495 006b 696E7400 		.ascii	"int\000"
 496 006f 02       		.uleb128 0x2
 497 0070 04       		.byte	0x4
 498 0071 07       		.byte	0x7
 499 0072 6C010000 		.4byte	.LASF8
 500 0076 03       		.uleb128 0x3
 501 0077 11020000 		.4byte	.LASF10
 502 007b 03       		.byte	0x3
 503 007c 41       		.byte	0x41
 504 007d 41000000 		.4byte	0x41
 505 0081 03       		.uleb128 0x3
 506 0082 55020000 		.4byte	.LASF11
 507 0086 04       		.byte	0x4
 508 0087 5B       		.byte	0x5b
 509 0088 2C000000 		.4byte	0x2c
 510 008c 03       		.uleb128 0x3
 511 008d 65010000 		.4byte	.LASF12
 512 0091 04       		.byte	0x4
 513 0092 5D       		.byte	0x5d
 514 0093 53000000 		.4byte	0x53
 515 0097 02       		.uleb128 0x2
 516 0098 04       		.byte	0x4
 517 0099 04       		.byte	0x4
 518 009a 48000000 		.4byte	.LASF13
 519 009e 02       		.uleb128 0x2
 520 009f 08       		.byte	0x8
 521 00a0 04       		.byte	0x4
 522 00a1 38010000 		.4byte	.LASF14
 523 00a5 02       		.uleb128 0x2
 524 00a6 01       		.byte	0x1
 525 00a7 08       		.byte	0x8
ARM GAS  C:\Users\VICTOR~1\AppData\Local\Temp\ccGYjggv.s 			page 15


 526 00a8 30020000 		.4byte	.LASF15
 527 00ac 03       		.uleb128 0x3
 528 00ad CB000000 		.4byte	.LASF16
 529 00b1 04       		.byte	0x4
 530 00b2 F0       		.byte	0xf0
 531 00b3 B7000000 		.4byte	0xb7
 532 00b7 05       		.uleb128 0x5
 533 00b8 81000000 		.4byte	0x81
 534 00bc 03       		.uleb128 0x3
 535 00bd 0F000000 		.4byte	.LASF17
 536 00c1 04       		.byte	0x4
 537 00c2 F2       		.byte	0xf2
 538 00c3 C7000000 		.4byte	0xc7
 539 00c7 05       		.uleb128 0x5
 540 00c8 8C000000 		.4byte	0x8c
 541 00cc 02       		.uleb128 0x2
 542 00cd 04       		.byte	0x4
 543 00ce 07       		.byte	0x7
 544 00cf 19020000 		.4byte	.LASF18
 545 00d3 06       		.uleb128 0x6
 546 00d4 02       		.byte	0x2
 547 00d5 05       		.byte	0x5
 548 00d6 A6       		.byte	0xa6
 549 00d7 F4000000 		.4byte	0xf4
 550 00db 07       		.uleb128 0x7
 551 00dc 74020000 		.4byte	.LASF19
 552 00e0 05       		.byte	0x5
 553 00e1 A8       		.byte	0xa8
 554 00e2 81000000 		.4byte	0x81
 555 00e6 00       		.byte	0
 556 00e7 07       		.uleb128 0x7
 557 00e8 90010000 		.4byte	.LASF20
 558 00ec 05       		.byte	0x5
 559 00ed A9       		.byte	0xa9
 560 00ee 81000000 		.4byte	0x81
 561 00f2 01       		.byte	0x1
 562 00f3 00       		.byte	0
 563 00f4 03       		.uleb128 0x3
 564 00f5 1F000000 		.4byte	.LASF21
 565 00f9 05       		.byte	0x5
 566 00fa AA       		.byte	0xaa
 567 00fb D3000000 		.4byte	0xd3
 568 00ff 08       		.uleb128 0x8
 569 0100 00000000 		.4byte	.LASF22
 570 0104 01       		.byte	0x1
 571 0105 36       		.byte	0x36
 572 0106 00000000 		.4byte	.LFB56
 573 010a 14000000 		.4byte	.LFE56-.LFB56
 574 010e 01       		.uleb128 0x1
 575 010f 9C       		.byte	0x9c
 576 0110 08       		.uleb128 0x8
 577 0111 35000000 		.4byte	.LASF23
 578 0115 01       		.byte	0x1
 579 0116 54       		.byte	0x54
 580 0117 00000000 		.4byte	.LFB57
 581 011b 0C000000 		.4byte	.LFE57-.LFB57
 582 011f 01       		.uleb128 0x1
ARM GAS  C:\Users\VICTOR~1\AppData\Local\Temp\ccGYjggv.s 			page 16


 583 0120 9C       		.byte	0x9c
 584 0121 09       		.uleb128 0x9
 585 0122 D0000000 		.4byte	.LASF24
 586 0126 01       		.byte	0x1
 587 0127 6B       		.byte	0x6b
 588 0128 00000000 		.4byte	.LFB58
 589 012c 18000000 		.4byte	.LFE58-.LFB58
 590 0130 01       		.uleb128 0x1
 591 0131 9C       		.byte	0x9c
 592 0132 0A       		.uleb128 0xa
 593 0133 5B020000 		.4byte	.LASF25
 594 0137 01       		.byte	0x1
 595 0138 88       		.byte	0x88
 596 0139 00000000 		.4byte	.LFB59
 597 013d 2C010000 		.4byte	.LFE59-.LFB59
 598 0141 01       		.uleb128 0x1
 599 0142 9C       		.byte	0x9c
 600 0143 56010000 		.4byte	0x156
 601 0147 0B       		.uleb128 0xb
 602 0148 18010000 		.4byte	.LASF27
 603 014c 01       		.byte	0x1
 604 014d 8A       		.byte	0x8a
 605 014e 81000000 		.4byte	0x81
 606 0152 02       		.uleb128 0x2
 607 0153 91       		.byte	0x91
 608 0154 77       		.sleb128 -9
 609 0155 00       		.byte	0
 610 0156 0A       		.uleb128 0xa
 611 0157 8C020000 		.4byte	.LASF26
 612 015b 01       		.byte	0x1
 613 015c D8       		.byte	0xd8
 614 015d 00000000 		.4byte	.LFB60
 615 0161 00010000 		.4byte	.LFE60-.LFB60
 616 0165 01       		.uleb128 0x1
 617 0166 9C       		.byte	0x9c
 618 0167 7A010000 		.4byte	0x17a
 619 016b 0B       		.uleb128 0xb
 620 016c 18010000 		.4byte	.LASF27
 621 0170 01       		.byte	0x1
 622 0171 DA       		.byte	0xda
 623 0172 81000000 		.4byte	0x81
 624 0176 02       		.uleb128 0x2
 625 0177 91       		.byte	0x91
 626 0178 77       		.sleb128 -9
 627 0179 00       		.byte	0
 628 017a 0B       		.uleb128 0xb
 629 017b 29010000 		.4byte	.LASF28
 630 017f 01       		.byte	0x1
 631 0180 22       		.byte	0x22
 632 0181 F4000000 		.4byte	0xf4
 633 0185 05       		.uleb128 0x5
 634 0186 03       		.byte	0x3
 635 0187 00000000 		.4byte	USBUART_backup
 636 018b 0C       		.uleb128 0xc
 637 018c 35020000 		.4byte	.LASF29
 638 0190 05       		.byte	0x5
 639 0191 4E02     		.2byte	0x24e
ARM GAS  C:\Users\VICTOR~1\AppData\Local\Temp\ccGYjggv.s 			page 17


 640 0193 B7000000 		.4byte	0xb7
 641 0197 0C       		.uleb128 0xc
 642 0198 0B010000 		.4byte	.LASF30
 643 019c 06       		.byte	0x6
 644 019d 1606     		.2byte	0x616
 645 019f A3010000 		.4byte	0x1a3
 646 01a3 05       		.uleb128 0x5
 647 01a4 76000000 		.4byte	0x76
 648 01a8 00       		.byte	0
 649              		.section	.debug_abbrev,"",%progbits
 650              	.Ldebug_abbrev0:
 651 0000 01       		.uleb128 0x1
 652 0001 11       		.uleb128 0x11
 653 0002 01       		.byte	0x1
 654 0003 25       		.uleb128 0x25
 655 0004 0E       		.uleb128 0xe
 656 0005 13       		.uleb128 0x13
 657 0006 0B       		.uleb128 0xb
 658 0007 03       		.uleb128 0x3
 659 0008 0E       		.uleb128 0xe
 660 0009 1B       		.uleb128 0x1b
 661 000a 0E       		.uleb128 0xe
 662 000b 55       		.uleb128 0x55
 663 000c 17       		.uleb128 0x17
 664 000d 11       		.uleb128 0x11
 665 000e 01       		.uleb128 0x1
 666 000f 10       		.uleb128 0x10
 667 0010 17       		.uleb128 0x17
 668 0011 00       		.byte	0
 669 0012 00       		.byte	0
 670 0013 02       		.uleb128 0x2
 671 0014 24       		.uleb128 0x24
 672 0015 00       		.byte	0
 673 0016 0B       		.uleb128 0xb
 674 0017 0B       		.uleb128 0xb
 675 0018 3E       		.uleb128 0x3e
 676 0019 0B       		.uleb128 0xb
 677 001a 03       		.uleb128 0x3
 678 001b 0E       		.uleb128 0xe
 679 001c 00       		.byte	0
 680 001d 00       		.byte	0
 681 001e 03       		.uleb128 0x3
 682 001f 16       		.uleb128 0x16
 683 0020 00       		.byte	0
 684 0021 03       		.uleb128 0x3
 685 0022 0E       		.uleb128 0xe
 686 0023 3A       		.uleb128 0x3a
 687 0024 0B       		.uleb128 0xb
 688 0025 3B       		.uleb128 0x3b
 689 0026 0B       		.uleb128 0xb
 690 0027 49       		.uleb128 0x49
 691 0028 13       		.uleb128 0x13
 692 0029 00       		.byte	0
 693 002a 00       		.byte	0
 694 002b 04       		.uleb128 0x4
 695 002c 24       		.uleb128 0x24
 696 002d 00       		.byte	0
ARM GAS  C:\Users\VICTOR~1\AppData\Local\Temp\ccGYjggv.s 			page 18


 697 002e 0B       		.uleb128 0xb
 698 002f 0B       		.uleb128 0xb
 699 0030 3E       		.uleb128 0x3e
 700 0031 0B       		.uleb128 0xb
 701 0032 03       		.uleb128 0x3
 702 0033 08       		.uleb128 0x8
 703 0034 00       		.byte	0
 704 0035 00       		.byte	0
 705 0036 05       		.uleb128 0x5
 706 0037 35       		.uleb128 0x35
 707 0038 00       		.byte	0
 708 0039 49       		.uleb128 0x49
 709 003a 13       		.uleb128 0x13
 710 003b 00       		.byte	0
 711 003c 00       		.byte	0
 712 003d 06       		.uleb128 0x6
 713 003e 13       		.uleb128 0x13
 714 003f 01       		.byte	0x1
 715 0040 0B       		.uleb128 0xb
 716 0041 0B       		.uleb128 0xb
 717 0042 3A       		.uleb128 0x3a
 718 0043 0B       		.uleb128 0xb
 719 0044 3B       		.uleb128 0x3b
 720 0045 0B       		.uleb128 0xb
 721 0046 01       		.uleb128 0x1
 722 0047 13       		.uleb128 0x13
 723 0048 00       		.byte	0
 724 0049 00       		.byte	0
 725 004a 07       		.uleb128 0x7
 726 004b 0D       		.uleb128 0xd
 727 004c 00       		.byte	0
 728 004d 03       		.uleb128 0x3
 729 004e 0E       		.uleb128 0xe
 730 004f 3A       		.uleb128 0x3a
 731 0050 0B       		.uleb128 0xb
 732 0051 3B       		.uleb128 0x3b
 733 0052 0B       		.uleb128 0xb
 734 0053 49       		.uleb128 0x49
 735 0054 13       		.uleb128 0x13
 736 0055 38       		.uleb128 0x38
 737 0056 0B       		.uleb128 0xb
 738 0057 00       		.byte	0
 739 0058 00       		.byte	0
 740 0059 08       		.uleb128 0x8
 741 005a 2E       		.uleb128 0x2e
 742 005b 00       		.byte	0
 743 005c 3F       		.uleb128 0x3f
 744 005d 19       		.uleb128 0x19
 745 005e 03       		.uleb128 0x3
 746 005f 0E       		.uleb128 0xe
 747 0060 3A       		.uleb128 0x3a
 748 0061 0B       		.uleb128 0xb
 749 0062 3B       		.uleb128 0x3b
 750 0063 0B       		.uleb128 0xb
 751 0064 27       		.uleb128 0x27
 752 0065 19       		.uleb128 0x19
 753 0066 11       		.uleb128 0x11
ARM GAS  C:\Users\VICTOR~1\AppData\Local\Temp\ccGYjggv.s 			page 19


 754 0067 01       		.uleb128 0x1
 755 0068 12       		.uleb128 0x12
 756 0069 06       		.uleb128 0x6
 757 006a 40       		.uleb128 0x40
 758 006b 18       		.uleb128 0x18
 759 006c 9742     		.uleb128 0x2117
 760 006e 19       		.uleb128 0x19
 761 006f 00       		.byte	0
 762 0070 00       		.byte	0
 763 0071 09       		.uleb128 0x9
 764 0072 2E       		.uleb128 0x2e
 765 0073 00       		.byte	0
 766 0074 3F       		.uleb128 0x3f
 767 0075 19       		.uleb128 0x19
 768 0076 03       		.uleb128 0x3
 769 0077 0E       		.uleb128 0xe
 770 0078 3A       		.uleb128 0x3a
 771 0079 0B       		.uleb128 0xb
 772 007a 3B       		.uleb128 0x3b
 773 007b 0B       		.uleb128 0xb
 774 007c 27       		.uleb128 0x27
 775 007d 19       		.uleb128 0x19
 776 007e 11       		.uleb128 0x11
 777 007f 01       		.uleb128 0x1
 778 0080 12       		.uleb128 0x12
 779 0081 06       		.uleb128 0x6
 780 0082 40       		.uleb128 0x40
 781 0083 18       		.uleb128 0x18
 782 0084 9642     		.uleb128 0x2116
 783 0086 19       		.uleb128 0x19
 784 0087 00       		.byte	0
 785 0088 00       		.byte	0
 786 0089 0A       		.uleb128 0xa
 787 008a 2E       		.uleb128 0x2e
 788 008b 01       		.byte	0x1
 789 008c 3F       		.uleb128 0x3f
 790 008d 19       		.uleb128 0x19
 791 008e 03       		.uleb128 0x3
 792 008f 0E       		.uleb128 0xe
 793 0090 3A       		.uleb128 0x3a
 794 0091 0B       		.uleb128 0xb
 795 0092 3B       		.uleb128 0x3b
 796 0093 0B       		.uleb128 0xb
 797 0094 27       		.uleb128 0x27
 798 0095 19       		.uleb128 0x19
 799 0096 11       		.uleb128 0x11
 800 0097 01       		.uleb128 0x1
 801 0098 12       		.uleb128 0x12
 802 0099 06       		.uleb128 0x6
 803 009a 40       		.uleb128 0x40
 804 009b 18       		.uleb128 0x18
 805 009c 9642     		.uleb128 0x2116
 806 009e 19       		.uleb128 0x19
 807 009f 01       		.uleb128 0x1
 808 00a0 13       		.uleb128 0x13
 809 00a1 00       		.byte	0
 810 00a2 00       		.byte	0
ARM GAS  C:\Users\VICTOR~1\AppData\Local\Temp\ccGYjggv.s 			page 20


 811 00a3 0B       		.uleb128 0xb
 812 00a4 34       		.uleb128 0x34
 813 00a5 00       		.byte	0
 814 00a6 03       		.uleb128 0x3
 815 00a7 0E       		.uleb128 0xe
 816 00a8 3A       		.uleb128 0x3a
 817 00a9 0B       		.uleb128 0xb
 818 00aa 3B       		.uleb128 0x3b
 819 00ab 0B       		.uleb128 0xb
 820 00ac 49       		.uleb128 0x49
 821 00ad 13       		.uleb128 0x13
 822 00ae 02       		.uleb128 0x2
 823 00af 18       		.uleb128 0x18
 824 00b0 00       		.byte	0
 825 00b1 00       		.byte	0
 826 00b2 0C       		.uleb128 0xc
 827 00b3 34       		.uleb128 0x34
 828 00b4 00       		.byte	0
 829 00b5 03       		.uleb128 0x3
 830 00b6 0E       		.uleb128 0xe
 831 00b7 3A       		.uleb128 0x3a
 832 00b8 0B       		.uleb128 0xb
 833 00b9 3B       		.uleb128 0x3b
 834 00ba 05       		.uleb128 0x5
 835 00bb 49       		.uleb128 0x49
 836 00bc 13       		.uleb128 0x13
 837 00bd 3F       		.uleb128 0x3f
 838 00be 19       		.uleb128 0x19
 839 00bf 3C       		.uleb128 0x3c
 840 00c0 19       		.uleb128 0x19
 841 00c1 00       		.byte	0
 842 00c2 00       		.byte	0
 843 00c3 00       		.byte	0
 844              		.section	.debug_aranges,"",%progbits
 845 0000 3C000000 		.4byte	0x3c
 846 0004 0200     		.2byte	0x2
 847 0006 00000000 		.4byte	.Ldebug_info0
 848 000a 04       		.byte	0x4
 849 000b 00       		.byte	0
 850 000c 0000     		.2byte	0
 851 000e 0000     		.2byte	0
 852 0010 00000000 		.4byte	.LFB56
 853 0014 14000000 		.4byte	.LFE56-.LFB56
 854 0018 00000000 		.4byte	.LFB57
 855 001c 0C000000 		.4byte	.LFE57-.LFB57
 856 0020 00000000 		.4byte	.LFB58
 857 0024 18000000 		.4byte	.LFE58-.LFB58
 858 0028 00000000 		.4byte	.LFB59
 859 002c 2C010000 		.4byte	.LFE59-.LFB59
 860 0030 00000000 		.4byte	.LFB60
 861 0034 00010000 		.4byte	.LFE60-.LFB60
 862 0038 00000000 		.4byte	0
 863 003c 00000000 		.4byte	0
 864              		.section	.debug_ranges,"",%progbits
 865              	.Ldebug_ranges0:
 866 0000 00000000 		.4byte	.LFB56
 867 0004 14000000 		.4byte	.LFE56
ARM GAS  C:\Users\VICTOR~1\AppData\Local\Temp\ccGYjggv.s 			page 21


 868 0008 00000000 		.4byte	.LFB57
 869 000c 0C000000 		.4byte	.LFE57
 870 0010 00000000 		.4byte	.LFB58
 871 0014 18000000 		.4byte	.LFE58
 872 0018 00000000 		.4byte	.LFB59
 873 001c 2C010000 		.4byte	.LFE59
 874 0020 00000000 		.4byte	.LFB60
 875 0024 00010000 		.4byte	.LFE60
 876 0028 00000000 		.4byte	0
 877 002c 00000000 		.4byte	0
 878              		.section	.debug_line,"",%progbits
 879              	.Ldebug_line0:
 880 0000 EA010000 		.section	.debug_str,"MS",%progbits,1
 880      02006201 
 880      00000201 
 880      FB0E0D00 
 880      01010101 
 881              	.LASF22:
 882 0000 55534255 		.ascii	"USBUART_DP_ISR\000"
 882      4152545F 
 882      44505F49 
 882      535200
 883              	.LASF17:
 884 000f 72656733 		.ascii	"reg32\000"
 884      3200
 885              	.LASF9:
 886 0015 5F5F696E 		.ascii	"__int32_t\000"
 886      7433325F 
 886      7400
 887              	.LASF21:
 888 001f 55534255 		.ascii	"USBUART_BACKUP_STRUCT\000"
 888      4152545F 
 888      4241434B 
 888      55505F53 
 888      54525543 
 889              	.LASF23:
 890 0035 55534255 		.ascii	"USBUART_SaveConfig\000"
 890      4152545F 
 890      53617665 
 890      436F6E66 
 890      696700
 891              	.LASF13:
 892 0048 666C6F61 		.ascii	"float\000"
 892      7400
 893              	.LASF1:
 894 004e 756E7369 		.ascii	"unsigned char\000"
 894      676E6564 
 894      20636861 
 894      7200
 895              	.LASF33:
 896 005c 433A5C55 		.ascii	"C:\\Users\\Victor Ruela\\Desktop\\UFMG\\2015-1\\Int"
 896      73657273 
 896      5C566963 
 896      746F7220 
 896      5275656C 
 897 0089 65677261 		.ascii	"egracao de Dados\\TP pratico\\TP-TID\\PSoC\\TP_Sens"
 897      63616F20 
ARM GAS  C:\Users\VICTOR~1\AppData\Local\Temp\ccGYjggv.s 			page 22


 897      64652044 
 897      61646F73 
 897      5C545020 
 898 00b8 6F725C54 		.ascii	"or\\TP_Sensor.cydsn\000"
 898      505F5365 
 898      6E736F72 
 898      2E637964 
 898      736E00
 899              	.LASF16:
 900 00cb 72656738 		.ascii	"reg8\000"
 900      00
 901              	.LASF24:
 902 00d0 55534255 		.ascii	"USBUART_RestoreConfig\000"
 902      4152545F 
 902      52657374 
 902      6F726543 
 902      6F6E6669 
 903              	.LASF5:
 904 00e6 6C6F6E67 		.ascii	"long unsigned int\000"
 904      20756E73 
 904      69676E65 
 904      6420696E 
 904      7400
 905              	.LASF3:
 906 00f8 73686F72 		.ascii	"short unsigned int\000"
 906      7420756E 
 906      7369676E 
 906      65642069 
 906      6E7400
 907              	.LASF30:
 908 010b 49544D5F 		.ascii	"ITM_RxBuffer\000"
 908      52784275 
 908      66666572 
 908      00
 909              	.LASF27:
 910 0118 656E6162 		.ascii	"enableInterrupts\000"
 910      6C65496E 
 910      74657272 
 910      75707473 
 910      00
 911              	.LASF28:
 912 0129 55534255 		.ascii	"USBUART_backup\000"
 912      4152545F 
 912      6261636B 
 912      757000
 913              	.LASF14:
 914 0138 646F7562 		.ascii	"double\000"
 914      6C6500
 915              	.LASF32:
 916 013f 2E5C4765 		.ascii	".\\Generated_Source\\PSoC5\\USBUART_pm.c\000"
 916      6E657261 
 916      7465645F 
 916      536F7572 
 916      63655C50 
 917              	.LASF12:
 918 0165 75696E74 		.ascii	"uint32\000"
 918      333200
ARM GAS  C:\Users\VICTOR~1\AppData\Local\Temp\ccGYjggv.s 			page 23


 919              	.LASF8:
 920 016c 756E7369 		.ascii	"unsigned int\000"
 920      676E6564 
 920      20696E74 
 920      00
 921              	.LASF7:
 922 0179 6C6F6E67 		.ascii	"long long unsigned int\000"
 922      206C6F6E 
 922      6720756E 
 922      7369676E 
 922      65642069 
 923              	.LASF20:
 924 0190 6D6F6465 		.ascii	"mode\000"
 924      00
 925              	.LASF31:
 926 0195 474E5520 		.ascii	"GNU C 4.8.4 20140526 (release) [ARM/embedded-4_8-br"
 926      4320342E 
 926      382E3420 
 926      32303134 
 926      30353236 
 927 01c8 616E6368 		.ascii	"anch revision 211358] -mcpu=cortex-m3 -mthumb -g -O"
 927      20726576 
 927      6973696F 
 927      6E203231 
 927      31333538 
 928 01fb 30202D66 		.ascii	"0 -ffunction-sections\000"
 928      66756E63 
 928      74696F6E 
 928      2D736563 
 928      74696F6E 
 929              	.LASF10:
 930 0211 696E7433 		.ascii	"int32_t\000"
 930      325F7400 
 931              	.LASF18:
 932 0219 73697A65 		.ascii	"sizetype\000"
 932      74797065 
 932      00
 933              	.LASF6:
 934 0222 6C6F6E67 		.ascii	"long long int\000"
 934      206C6F6E 
 934      6720696E 
 934      7400
 935              	.LASF15:
 936 0230 63686172 		.ascii	"char\000"
 936      00
 937              	.LASF29:
 938 0235 55534255 		.ascii	"USBUART_configuration\000"
 938      4152545F 
 938      636F6E66 
 938      69677572 
 938      6174696F 
 939              	.LASF2:
 940 024b 73686F72 		.ascii	"short int\000"
 940      7420696E 
 940      7400
 941              	.LASF11:
 942 0255 75696E74 		.ascii	"uint8\000"
ARM GAS  C:\Users\VICTOR~1\AppData\Local\Temp\ccGYjggv.s 			page 24


 942      3800
 943              	.LASF25:
 944 025b 55534255 		.ascii	"USBUART_Suspend\000"
 944      4152545F 
 944      53757370 
 944      656E6400 
 945              	.LASF4:
 946 026b 6C6F6E67 		.ascii	"long int\000"
 946      20696E74 
 946      00
 947              	.LASF19:
 948 0274 656E6162 		.ascii	"enableState\000"
 948      6C655374 
 948      61746500 
 949              	.LASF0:
 950 0280 7369676E 		.ascii	"signed char\000"
 950      65642063 
 950      68617200 
 951              	.LASF26:
 952 028c 55534255 		.ascii	"USBUART_Resume\000"
 952      4152545F 
 952      52657375 
 952      6D6500
 953              		.ident	"GCC: (GNU Tools for ARM Embedded Processors) 4.8.4 20140526 (release) [ARM/embedded-4_8-br
