ARM GAS  C:\Users\VICTOR~1\AppData\Local\Temp\ccKhWt8x.s 			page 1


   1              		.syntax unified
   2              		.cpu cortex-m3
   3              		.fpu softvfp
   4              		.eabi_attribute 20, 1
   5              		.eabi_attribute 21, 1
   6              		.eabi_attribute 23, 3
   7              		.eabi_attribute 24, 1
   8              		.eabi_attribute 25, 1
   9              		.eabi_attribute 26, 1
  10              		.eabi_attribute 30, 6
  11              		.eabi_attribute 34, 1
  12              		.eabi_attribute 18, 4
  13              		.thumb
  14              		.file	"USBUART_descr.c"
  15              		.text
  16              	.Ltext0:
  17              		.cfi_sections	.debug_frame
  18              		.global	USBUART_DEVICE0_DESCR
  19              		.section	.rodata
  20              		.align	2
  21              		.type	USBUART_DEVICE0_DESCR, %object
  22              		.size	USBUART_DEVICE0_DESCR, 18
  23              	USBUART_DEVICE0_DESCR:
  24 0000 12       		.byte	18
  25 0001 01       		.byte	1
  26 0002 00       		.byte	0
  27 0003 02       		.byte	2
  28 0004 02       		.byte	2
  29 0005 00       		.byte	0
  30 0006 00       		.byte	0
  31 0007 08       		.byte	8
  32 0008 B4       		.byte	-76
  33 0009 04       		.byte	4
  34 000a 32       		.byte	50
  35 000b F2       		.byte	-14
  36 000c 01       		.byte	1
  37 000d 00       		.byte	0
  38 000e 01       		.byte	1
  39 000f 02       		.byte	2
  40 0010 80       		.byte	-128
  41 0011 01       		.byte	1
  42              		.global	USBUART_DEVICE0_CONFIGURATION0_DESCR
  43 0012 0000     		.align	2
  44              		.type	USBUART_DEVICE0_CONFIGURATION0_DESCR, %object
  45              		.size	USBUART_DEVICE0_CONFIGURATION0_DESCR, 67
  46              	USBUART_DEVICE0_CONFIGURATION0_DESCR:
  47 0014 09       		.byte	9
  48 0015 02       		.byte	2
  49 0016 43       		.byte	67
  50 0017 00       		.byte	0
  51 0018 02       		.byte	2
  52 0019 01       		.byte	1
  53 001a 01       		.byte	1
  54 001b C0       		.byte	-64
  55 001c 32       		.byte	50
  56 001d 09       		.byte	9
  57 001e 04       		.byte	4
ARM GAS  C:\Users\VICTOR~1\AppData\Local\Temp\ccKhWt8x.s 			page 2


  58 001f 00       		.byte	0
  59 0020 00       		.byte	0
  60 0021 01       		.byte	1
  61 0022 02       		.byte	2
  62 0023 02       		.byte	2
  63 0024 01       		.byte	1
  64 0025 03       		.byte	3
  65 0026 05       		.byte	5
  66 0027 24       		.byte	36
  67 0028 00       		.byte	0
  68 0029 10       		.byte	16
  69 002a 01       		.byte	1
  70 002b 04       		.byte	4
  71 002c 24       		.byte	36
  72 002d 02       		.byte	2
  73 002e 02       		.byte	2
  74 002f 05       		.byte	5
  75 0030 24       		.byte	36
  76 0031 06       		.byte	6
  77 0032 00       		.byte	0
  78 0033 01       		.byte	1
  79 0034 05       		.byte	5
  80 0035 24       		.byte	36
  81 0036 01       		.byte	1
  82 0037 00       		.byte	0
  83 0038 01       		.byte	1
  84 0039 07       		.byte	7
  85 003a 05       		.byte	5
  86 003b 81       		.byte	-127
  87 003c 03       		.byte	3
  88 003d 08       		.byte	8
  89 003e 00       		.byte	0
  90 003f 0A       		.byte	10
  91 0040 09       		.byte	9
  92 0041 04       		.byte	4
  93 0042 01       		.byte	1
  94 0043 00       		.byte	0
  95 0044 02       		.byte	2
  96 0045 0A       		.byte	10
  97 0046 00       		.byte	0
  98 0047 00       		.byte	0
  99 0048 04       		.byte	4
 100 0049 07       		.byte	7
 101 004a 05       		.byte	5
 102 004b 82       		.byte	-126
 103 004c 02       		.byte	2
 104 004d 40       		.byte	64
 105 004e 00       		.byte	0
 106 004f 0A       		.byte	10
 107 0050 07       		.byte	7
 108 0051 05       		.byte	5
 109 0052 03       		.byte	3
 110 0053 02       		.byte	2
 111 0054 40       		.byte	64
 112 0055 00       		.byte	0
 113 0056 0A       		.byte	10
 114              		.global	USBUART_STRING_DESCRIPTORS
ARM GAS  C:\Users\VICTOR~1\AppData\Local\Temp\ccKhWt8x.s 			page 3


 115 0057 00       		.align	2
 116              		.type	USBUART_STRING_DESCRIPTORS, %object
 117              		.size	USBUART_STRING_DESCRIPTORS, 159
 118              	USBUART_STRING_DESCRIPTORS:
 119 0058 04       		.byte	4
 120 0059 03       		.byte	3
 121 005a 09       		.byte	9
 122 005b 04       		.byte	4
 123 005c 2C       		.byte	44
 124 005d 03       		.byte	3
 125 005e 43       		.byte	67
 126 005f 00       		.byte	0
 127 0060 79       		.byte	121
 128 0061 00       		.byte	0
 129 0062 70       		.byte	112
 130 0063 00       		.byte	0
 131 0064 72       		.byte	114
 132 0065 00       		.byte	0
 133 0066 65       		.byte	101
 134 0067 00       		.byte	0
 135 0068 73       		.byte	115
 136 0069 00       		.byte	0
 137 006a 73       		.byte	115
 138 006b 00       		.byte	0
 139 006c 20       		.byte	32
 140 006d 00       		.byte	0
 141 006e 53       		.byte	83
 142 006f 00       		.byte	0
 143 0070 65       		.byte	101
 144 0071 00       		.byte	0
 145 0072 6D       		.byte	109
 146 0073 00       		.byte	0
 147 0074 69       		.byte	105
 148 0075 00       		.byte	0
 149 0076 63       		.byte	99
 150 0077 00       		.byte	0
 151 0078 6F       		.byte	111
 152 0079 00       		.byte	0
 153 007a 6E       		.byte	110
 154 007b 00       		.byte	0
 155 007c 64       		.byte	100
 156 007d 00       		.byte	0
 157 007e 75       		.byte	117
 158 007f 00       		.byte	0
 159 0080 63       		.byte	99
 160 0081 00       		.byte	0
 161 0082 74       		.byte	116
 162 0083 00       		.byte	0
 163 0084 6F       		.byte	111
 164 0085 00       		.byte	0
 165 0086 72       		.byte	114
 166 0087 00       		.byte	0
 167 0088 10       		.byte	16
 168 0089 03       		.byte	3
 169 008a 55       		.byte	85
 170 008b 00       		.byte	0
 171 008c 53       		.byte	83
ARM GAS  C:\Users\VICTOR~1\AppData\Local\Temp\ccKhWt8x.s 			page 4


 172 008d 00       		.byte	0
 173 008e 42       		.byte	66
 174 008f 00       		.byte	0
 175 0090 55       		.byte	85
 176 0091 00       		.byte	0
 177 0092 41       		.byte	65
 178 0093 00       		.byte	0
 179 0094 52       		.byte	82
 180 0095 00       		.byte	0
 181 0096 54       		.byte	84
 182 0097 00       		.byte	0
 183 0098 38       		.byte	56
 184 0099 03       		.byte	3
 185 009a 43       		.byte	67
 186 009b 00       		.byte	0
 187 009c 44       		.byte	68
 188 009d 00       		.byte	0
 189 009e 43       		.byte	67
 190 009f 00       		.byte	0
 191 00a0 20       		.byte	32
 192 00a1 00       		.byte	0
 193 00a2 43       		.byte	67
 194 00a3 00       		.byte	0
 195 00a4 6F       		.byte	111
 196 00a5 00       		.byte	0
 197 00a6 6D       		.byte	109
 198 00a7 00       		.byte	0
 199 00a8 6D       		.byte	109
 200 00a9 00       		.byte	0
 201 00aa 75       		.byte	117
 202 00ab 00       		.byte	0
 203 00ac 6E       		.byte	110
 204 00ad 00       		.byte	0
 205 00ae 69       		.byte	105
 206 00af 00       		.byte	0
 207 00b0 63       		.byte	99
 208 00b1 00       		.byte	0
 209 00b2 61       		.byte	97
 210 00b3 00       		.byte	0
 211 00b4 74       		.byte	116
 212 00b5 00       		.byte	0
 213 00b6 69       		.byte	105
 214 00b7 00       		.byte	0
 215 00b8 6F       		.byte	111
 216 00b9 00       		.byte	0
 217 00ba 6E       		.byte	110
 218 00bb 00       		.byte	0
 219 00bc 20       		.byte	32
 220 00bd 00       		.byte	0
 221 00be 49       		.byte	73
 222 00bf 00       		.byte	0
 223 00c0 6E       		.byte	110
 224 00c1 00       		.byte	0
 225 00c2 74       		.byte	116
 226 00c3 00       		.byte	0
 227 00c4 65       		.byte	101
 228 00c5 00       		.byte	0
ARM GAS  C:\Users\VICTOR~1\AppData\Local\Temp\ccKhWt8x.s 			page 5


 229 00c6 72       		.byte	114
 230 00c7 00       		.byte	0
 231 00c8 66       		.byte	102
 232 00c9 00       		.byte	0
 233 00ca 61       		.byte	97
 234 00cb 00       		.byte	0
 235 00cc 63       		.byte	99
 236 00cd 00       		.byte	0
 237 00ce 65       		.byte	101
 238 00cf 00       		.byte	0
 239 00d0 26       		.byte	38
 240 00d1 03       		.byte	3
 241 00d2 43       		.byte	67
 242 00d3 00       		.byte	0
 243 00d4 44       		.byte	68
 244 00d5 00       		.byte	0
 245 00d6 43       		.byte	67
 246 00d7 00       		.byte	0
 247 00d8 20       		.byte	32
 248 00d9 00       		.byte	0
 249 00da 44       		.byte	68
 250 00db 00       		.byte	0
 251 00dc 61       		.byte	97
 252 00dd 00       		.byte	0
 253 00de 74       		.byte	116
 254 00df 00       		.byte	0
 255 00e0 61       		.byte	97
 256 00e1 00       		.byte	0
 257 00e2 20       		.byte	32
 258 00e3 00       		.byte	0
 259 00e4 49       		.byte	73
 260 00e5 00       		.byte	0
 261 00e6 6E       		.byte	110
 262 00e7 00       		.byte	0
 263 00e8 74       		.byte	116
 264 00e9 00       		.byte	0
 265 00ea 65       		.byte	101
 266 00eb 00       		.byte	0
 267 00ec 72       		.byte	114
 268 00ed 00       		.byte	0
 269 00ee 66       		.byte	102
 270 00ef 00       		.byte	0
 271 00f0 61       		.byte	97
 272 00f1 00       		.byte	0
 273 00f2 63       		.byte	99
 274 00f3 00       		.byte	0
 275 00f4 65       		.byte	101
 276 00f5 00       		.byte	0
 277 00f6 00       		.byte	0
 278              		.global	USBUART_SN_STRING_DESCRIPTOR
 279 00f7 00       		.align	2
 280              		.type	USBUART_SN_STRING_DESCRIPTOR, %object
 281              		.size	USBUART_SN_STRING_DESCRIPTOR, 2
 282              	USBUART_SN_STRING_DESCRIPTOR:
 283 00f8 02       		.byte	2
 284 00f9 03       		.byte	3
 285              		.global	USBUART_DEVICE0_CONFIGURATION0_EP_SETTINGS_TABLE
ARM GAS  C:\Users\VICTOR~1\AppData\Local\Temp\ccKhWt8x.s 			page 6


 286 00fa 0000     		.align	2
 287              		.type	USBUART_DEVICE0_CONFIGURATION0_EP_SETTINGS_TABLE, %object
 288              		.size	USBUART_DEVICE0_CONFIGURATION0_EP_SETTINGS_TABLE, 24
 289              	USBUART_DEVICE0_CONFIGURATION0_EP_SETTINGS_TABLE:
 290 00fc 00       		.byte	0
 291 00fd 00       		.byte	0
 292 00fe 81       		.byte	-127
 293 00ff 03       		.byte	3
 294 0100 0800     		.short	8
 295 0102 02       		.byte	2
 296 0103 00       		.space	1
 297 0104 01       		.byte	1
 298 0105 00       		.byte	0
 299 0106 82       		.byte	-126
 300 0107 02       		.byte	2
 301 0108 4000     		.short	64
 302 010a 0A       		.byte	10
 303 010b 00       		.space	1
 304 010c 01       		.byte	1
 305 010d 00       		.byte	0
 306 010e 03       		.byte	3
 307 010f 02       		.byte	2
 308 0110 4000     		.short	64
 309 0112 0A       		.byte	10
 310 0113 00       		.space	1
 311              		.global	USBUART_DEVICE0_CONFIGURATION0_INTERFACE_CLASS
 312              		.align	2
 313              		.type	USBUART_DEVICE0_CONFIGURATION0_INTERFACE_CLASS, %object
 314              		.size	USBUART_DEVICE0_CONFIGURATION0_INTERFACE_CLASS, 2
 315              	USBUART_DEVICE0_CONFIGURATION0_INTERFACE_CLASS:
 316 0114 02       		.byte	2
 317 0115 0A       		.byte	10
 318              		.global	USBUART_DEVICE0_CONFIGURATION0_TABLE
 319 0116 0000     		.align	2
 320              		.type	USBUART_DEVICE0_CONFIGURATION0_TABLE, %object
 321              		.size	USBUART_DEVICE0_CONFIGURATION0_TABLE, 40
 322              	USBUART_DEVICE0_CONFIGURATION0_TABLE:
 323 0118 01       		.byte	1
 324 0119 000000   		.space	3
 325 011c 00000000 		.word	USBUART_DEVICE0_CONFIGURATION0_DESCR
 326 0120 03       		.byte	3
 327 0121 000000   		.space	3
 328 0124 00000000 		.word	USBUART_DEVICE0_CONFIGURATION0_EP_SETTINGS_TABLE
 329 0128 00       		.byte	0
 330 0129 000000   		.space	3
 331 012c 00000000 		.word	0
 332 0130 00       		.byte	0
 333 0131 000000   		.space	3
 334 0134 00000000 		.word	0
 335 0138 00       		.byte	0
 336 0139 000000   		.space	3
 337 013c 00000000 		.word	USBUART_DEVICE0_CONFIGURATION0_INTERFACE_CLASS
 338              		.global	USBUART_DEVICE0_TABLE
 339              		.align	2
 340              		.type	USBUART_DEVICE0_TABLE, %object
 341              		.size	USBUART_DEVICE0_TABLE, 16
 342              	USBUART_DEVICE0_TABLE:
ARM GAS  C:\Users\VICTOR~1\AppData\Local\Temp\ccKhWt8x.s 			page 7


 343 0140 01       		.byte	1
 344 0141 000000   		.space	3
 345 0144 00000000 		.word	USBUART_DEVICE0_DESCR
 346 0148 01       		.byte	1
 347 0149 000000   		.space	3
 348 014c 00000000 		.word	USBUART_DEVICE0_CONFIGURATION0_TABLE
 349              		.global	USBUART_TABLE
 350              		.align	2
 351              		.type	USBUART_TABLE, %object
 352              		.size	USBUART_TABLE, 8
 353              	USBUART_TABLE:
 354 0150 01       		.byte	1
 355 0151 000000   		.space	3
 356 0154 00000000 		.word	USBUART_DEVICE0_TABLE
 357              		.global	USBUART_MSOS_DESCRIPTOR
 358              		.align	2
 359              		.type	USBUART_MSOS_DESCRIPTOR, %object
 360              		.size	USBUART_MSOS_DESCRIPTOR, 18
 361              	USBUART_MSOS_DESCRIPTOR:
 362 0158 12       		.byte	18
 363 0159 03       		.byte	3
 364 015a 4D       		.byte	77
 365 015b 00       		.byte	0
 366 015c 53       		.byte	83
 367 015d 00       		.byte	0
 368 015e 46       		.byte	70
 369 015f 00       		.byte	0
 370 0160 54       		.byte	84
 371 0161 00       		.byte	0
 372 0162 31       		.byte	49
 373 0163 00       		.byte	0
 374 0164 30       		.byte	48
 375 0165 00       		.byte	0
 376 0166 30       		.byte	48
 377 0167 00       		.byte	0
 378 0168 01       		.byte	1
 379 0169 00       		.byte	0
 380              		.global	USBUART_MSOS_CONFIGURATION_DESCR
 381 016a 0000     		.align	2
 382              		.type	USBUART_MSOS_CONFIGURATION_DESCR, %object
 383              		.size	USBUART_MSOS_CONFIGURATION_DESCR, 40
 384              	USBUART_MSOS_CONFIGURATION_DESCR:
 385 016c 28       		.byte	40
 386 016d 00       		.byte	0
 387 016e 00       		.byte	0
 388 016f 00       		.byte	0
 389 0170 00       		.byte	0
 390 0171 01       		.byte	1
 391 0172 04       		.byte	4
 392 0173 00       		.byte	0
 393 0174 01       		.byte	1
 394 0175 00       		.byte	0
 395 0176 00       		.byte	0
 396 0177 00       		.byte	0
 397 0178 00       		.byte	0
 398 0179 00       		.byte	0
 399 017a 00       		.byte	0
ARM GAS  C:\Users\VICTOR~1\AppData\Local\Temp\ccKhWt8x.s 			page 8


 400 017b 00       		.byte	0
 401 017c 00       		.byte	0
 402 017d 01       		.byte	1
 403 017e 43       		.byte	67
 404 017f 59       		.byte	89
 405 0180 55       		.byte	85
 406 0181 53       		.byte	83
 407 0182 42       		.byte	66
 408 0183 00       		.byte	0
 409 0184 00       		.byte	0
 410 0185 00       		.byte	0
 411 0186 30       		.byte	48
 412 0187 30       		.byte	48
 413 0188 30       		.byte	48
 414 0189 30       		.byte	48
 415 018a 31       		.byte	49
 416 018b 00       		.byte	0
 417 018c 00       		.byte	0
 418 018d 00       		.byte	0
 419 018e 00       		.byte	0
 420 018f 00       		.byte	0
 421 0190 00       		.byte	0
 422 0191 00       		.byte	0
 423 0192 00       		.byte	0
 424 0193 00       		.byte	0
 425              		.comm	USBUART_idSerialNumberStringDescriptor,34,4
 426              		.text
 427              	.Letext0:
 428              		.file 1 ".\\Generated_Source\\PSoC5\\cytypes.h"
 429              		.file 2 ".\\Generated_Source\\PSoC5\\USBUART.h"
 430              		.file 3 ".\\Generated_Source\\PSoC5\\USBUART_descr.c"
 431              		.section	.debug_info,"",%progbits
 432              	.Ldebug_info0:
 433 0000 C5020000 		.4byte	0x2c5
 434 0004 0400     		.2byte	0x4
 435 0006 00000000 		.4byte	.Ldebug_abbrev0
 436 000a 04       		.byte	0x4
 437 000b 01       		.uleb128 0x1
 438 000c 6D020000 		.4byte	.LASF36
 439 0010 01       		.byte	0x1
 440 0011 2F000000 		.4byte	.LASF37
 441 0015 0E010000 		.4byte	.LASF38
 442 0019 00000000 		.4byte	.Ldebug_line0
 443 001d 02       		.uleb128 0x2
 444 001e 01       		.byte	0x1
 445 001f 06       		.byte	0x6
 446 0020 41030000 		.4byte	.LASF0
 447 0024 02       		.uleb128 0x2
 448 0025 01       		.byte	0x1
 449 0026 08       		.byte	0x8
 450 0027 00010000 		.4byte	.LASF1
 451 002b 02       		.uleb128 0x2
 452 002c 02       		.byte	0x2
 453 002d 05       		.byte	0x5
 454 002e 1E030000 		.4byte	.LASF2
 455 0032 02       		.uleb128 0x2
 456 0033 02       		.byte	0x2
ARM GAS  C:\Users\VICTOR~1\AppData\Local\Temp\ccKhWt8x.s 			page 9


 457 0034 07       		.byte	0x7
 458 0035 4D030000 		.4byte	.LASF3
 459 0039 02       		.uleb128 0x2
 460 003a 04       		.byte	0x4
 461 003b 05       		.byte	0x5
 462 003c 38030000 		.4byte	.LASF4
 463 0040 02       		.uleb128 0x2
 464 0041 04       		.byte	0x4
 465 0042 07       		.byte	0x7
 466 0043 A4010000 		.4byte	.LASF5
 467 0047 02       		.uleb128 0x2
 468 0048 08       		.byte	0x8
 469 0049 05       		.byte	0x5
 470 004a F2020000 		.4byte	.LASF6
 471 004e 02       		.uleb128 0x2
 472 004f 08       		.byte	0x8
 473 0050 07       		.byte	0x7
 474 0051 2A020000 		.4byte	.LASF7
 475 0055 03       		.uleb128 0x3
 476 0056 04       		.byte	0x4
 477 0057 05       		.byte	0x5
 478 0058 696E7400 		.ascii	"int\000"
 479 005c 02       		.uleb128 0x2
 480 005d 04       		.byte	0x4
 481 005e 07       		.byte	0x7
 482 005f 0F020000 		.4byte	.LASF8
 483 0063 04       		.uleb128 0x4
 484 0064 28030000 		.4byte	.LASF9
 485 0068 01       		.byte	0x1
 486 0069 5B       		.byte	0x5b
 487 006a 24000000 		.4byte	0x24
 488 006e 04       		.uleb128 0x4
 489 006f 08020000 		.4byte	.LASF10
 490 0073 01       		.byte	0x1
 491 0074 5C       		.byte	0x5c
 492 0075 32000000 		.4byte	0x32
 493 0079 02       		.uleb128 0x2
 494 007a 04       		.byte	0x4
 495 007b 04       		.byte	0x4
 496 007c D2000000 		.4byte	.LASF11
 497 0080 02       		.uleb128 0x2
 498 0081 08       		.byte	0x8
 499 0082 04       		.byte	0x4
 500 0083 01020000 		.4byte	.LASF12
 501 0087 02       		.uleb128 0x2
 502 0088 01       		.byte	0x1
 503 0089 08       		.byte	0x8
 504 008a 00030000 		.4byte	.LASF13
 505 008e 02       		.uleb128 0x2
 506 008f 04       		.byte	0x4
 507 0090 07       		.byte	0x7
 508 0091 E9020000 		.4byte	.LASF14
 509 0095 05       		.uleb128 0x5
 510 0096 08       		.byte	0x8
 511 0097 02       		.byte	0x2
 512 0098 87       		.byte	0x87
 513 0099 E6000000 		.4byte	0xe6
ARM GAS  C:\Users\VICTOR~1\AppData\Local\Temp\ccKhWt8x.s 			page 10


 514 009d 06       		.uleb128 0x6
 515 009e 2E030000 		.4byte	.LASF15
 516 00a2 02       		.byte	0x2
 517 00a3 89       		.byte	0x89
 518 00a4 63000000 		.4byte	0x63
 519 00a8 00       		.byte	0
 520 00a9 06       		.uleb128 0x6
 521 00aa F5000000 		.4byte	.LASF16
 522 00ae 02       		.byte	0x2
 523 00af 8A       		.byte	0x8a
 524 00b0 63000000 		.4byte	0x63
 525 00b4 01       		.byte	0x1
 526 00b5 06       		.uleb128 0x6
 527 00b6 B6010000 		.4byte	.LASF17
 528 00ba 02       		.byte	0x2
 529 00bb 8B       		.byte	0x8b
 530 00bc 63000000 		.4byte	0x63
 531 00c0 02       		.byte	0x2
 532 00c1 06       		.uleb128 0x6
 533 00c2 7D010000 		.4byte	.LASF18
 534 00c6 02       		.byte	0x2
 535 00c7 8C       		.byte	0x8c
 536 00c8 63000000 		.4byte	0x63
 537 00cc 03       		.byte	0x3
 538 00cd 06       		.uleb128 0x6
 539 00ce 05030000 		.4byte	.LASF19
 540 00d2 02       		.byte	0x2
 541 00d3 8D       		.byte	0x8d
 542 00d4 6E000000 		.4byte	0x6e
 543 00d8 04       		.byte	0x4
 544 00d9 06       		.uleb128 0x6
 545 00da 76030000 		.4byte	.LASF20
 546 00de 02       		.byte	0x2
 547 00df 8E       		.byte	0x8e
 548 00e0 63000000 		.4byte	0x63
 549 00e4 06       		.byte	0x6
 550 00e5 00       		.byte	0
 551 00e6 04       		.uleb128 0x4
 552 00e7 88010000 		.4byte	.LASF21
 553 00eb 02       		.byte	0x2
 554 00ec 8F       		.byte	0x8f
 555 00ed 95000000 		.4byte	0x95
 556 00f1 05       		.uleb128 0x5
 557 00f2 08       		.byte	0x8
 558 00f3 02       		.byte	0x2
 559 00f4 9F       		.byte	0x9f
 560 00f5 10010000 		.4byte	0x110
 561 00f9 07       		.uleb128 0x7
 562 00fa 6300     		.ascii	"c\000"
 563 00fc 02       		.byte	0x2
 564 00fd A1       		.byte	0xa1
 565 00fe 63000000 		.4byte	0x63
 566 0102 00       		.byte	0
 567 0103 06       		.uleb128 0x6
 568 0104 66020000 		.4byte	.LASF22
 569 0108 02       		.byte	0x2
 570 0109 A2       		.byte	0xa2
ARM GAS  C:\Users\VICTOR~1\AppData\Local\Temp\ccKhWt8x.s 			page 11


 571 010a 10010000 		.4byte	0x110
 572 010e 04       		.byte	0x4
 573 010f 00       		.byte	0
 574 0110 08       		.uleb128 0x8
 575 0111 04       		.byte	0x4
 576 0112 16010000 		.4byte	0x116
 577 0116 09       		.uleb128 0x9
 578 0117 04       		.uleb128 0x4
 579 0118 1C020000 		.4byte	.LASF23
 580 011c 02       		.byte	0x2
 581 011d A3       		.byte	0xa3
 582 011e F1000000 		.4byte	0xf1
 583 0122 0A       		.uleb128 0xa
 584 0123 63000000 		.4byte	0x63
 585 0127 32010000 		.4byte	0x132
 586 012b 0B       		.uleb128 0xb
 587 012c 8E000000 		.4byte	0x8e
 588 0130 11       		.byte	0x11
 589 0131 00       		.byte	0
 590 0132 0C       		.uleb128 0xc
 591 0133 BC000000 		.4byte	.LASF24
 592 0137 03       		.byte	0x3
 593 0138 26       		.byte	0x26
 594 0139 43010000 		.4byte	0x143
 595 013d 05       		.uleb128 0x5
 596 013e 03       		.byte	0x3
 597 013f 00000000 		.4byte	USBUART_DEVICE0_DESCR
 598 0143 0D       		.uleb128 0xd
 599 0144 22010000 		.4byte	0x122
 600 0148 0A       		.uleb128 0xa
 601 0149 63000000 		.4byte	0x63
 602 014d 58010000 		.4byte	0x158
 603 0151 0B       		.uleb128 0xb
 604 0152 8E000000 		.4byte	0x8e
 605 0156 42       		.byte	0x42
 606 0157 00       		.byte	0
 607 0158 0C       		.uleb128 0xc
 608 0159 41020000 		.4byte	.LASF25
 609 015d 03       		.byte	0x3
 610 015e 39       		.byte	0x39
 611 015f 69010000 		.4byte	0x169
 612 0163 05       		.uleb128 0x5
 613 0164 03       		.byte	0x3
 614 0165 00000000 		.4byte	USBUART_DEVICE0_CONFIGURATION0_DESCR
 615 0169 0D       		.uleb128 0xd
 616 016a 48010000 		.4byte	0x148
 617 016e 0A       		.uleb128 0xa
 618 016f E6000000 		.4byte	0xe6
 619 0173 7E010000 		.4byte	0x17e
 620 0177 0B       		.uleb128 0xb
 621 0178 8E000000 		.4byte	0x8e
 622 017c 02       		.byte	0x2
 623 017d 00       		.byte	0
 624 017e 0C       		.uleb128 0xc
 625 017f 73000000 		.4byte	.LASF26
 626 0183 03       		.byte	0x3
 627 0184 DA       		.byte	0xda
ARM GAS  C:\Users\VICTOR~1\AppData\Local\Temp\ccKhWt8x.s 			page 12


 628 0185 8F010000 		.4byte	0x18f
 629 0189 05       		.uleb128 0x5
 630 018a 03       		.byte	0x3
 631 018b 00000000 		.4byte	USBUART_DEVICE0_CONFIGURATION0_EP_SETTINGS_TABLE
 632 018f 0D       		.uleb128 0xd
 633 0190 6E010000 		.4byte	0x16e
 634 0194 0A       		.uleb128 0xa
 635 0195 63000000 		.4byte	0x63
 636 0199 A4010000 		.4byte	0x1a4
 637 019d 0B       		.uleb128 0xb
 638 019e 8E000000 		.4byte	0x8e
 639 01a2 01       		.byte	0x1
 640 01a3 00       		.byte	0
 641 01a4 0C       		.uleb128 0xc
 642 01a5 00000000 		.4byte	.LASF27
 643 01a9 03       		.byte	0x3
 644 01aa E0       		.byte	0xe0
 645 01ab B5010000 		.4byte	0x1b5
 646 01af 05       		.uleb128 0x5
 647 01b0 03       		.byte	0x3
 648 01b1 00000000 		.4byte	USBUART_DEVICE0_CONFIGURATION0_INTERFACE_CLASS
 649 01b5 0D       		.uleb128 0xd
 650 01b6 94010000 		.4byte	0x194
 651 01ba 0A       		.uleb128 0xa
 652 01bb 17010000 		.4byte	0x117
 653 01bf CA010000 		.4byte	0x1ca
 654 01c3 0B       		.uleb128 0xb
 655 01c4 8E000000 		.4byte	0x8e
 656 01c8 04       		.byte	0x4
 657 01c9 00       		.byte	0
 658 01ca 0C       		.uleb128 0xc
 659 01cb BB010000 		.4byte	.LASF28
 660 01cf 03       		.byte	0x3
 661 01d0 E8       		.byte	0xe8
 662 01d1 DB010000 		.4byte	0x1db
 663 01d5 05       		.uleb128 0x5
 664 01d6 03       		.byte	0x3
 665 01d7 00000000 		.4byte	USBUART_DEVICE0_CONFIGURATION0_TABLE
 666 01db 0D       		.uleb128 0xd
 667 01dc BA010000 		.4byte	0x1ba
 668 01e0 0A       		.uleb128 0xa
 669 01e1 17010000 		.4byte	0x117
 670 01e5 F0010000 		.4byte	0x1f0
 671 01e9 0B       		.uleb128 0xb
 672 01ea 8E000000 		.4byte	0x8e
 673 01ee 01       		.byte	0x1
 674 01ef 00       		.byte	0
 675 01f0 0C       		.uleb128 0xc
 676 01f1 60030000 		.4byte	.LASF29
 677 01f5 03       		.byte	0x3
 678 01f6 F3       		.byte	0xf3
 679 01f7 01020000 		.4byte	0x201
 680 01fb 05       		.uleb128 0x5
 681 01fc 03       		.byte	0x3
 682 01fd 00000000 		.4byte	USBUART_DEVICE0_TABLE
 683 0201 0D       		.uleb128 0xd
 684 0202 E0010000 		.4byte	0x1e0
ARM GAS  C:\Users\VICTOR~1\AppData\Local\Temp\ccKhWt8x.s 			page 13


 685 0206 0A       		.uleb128 0xa
 686 0207 17010000 		.4byte	0x117
 687 020b 16020000 		.4byte	0x216
 688 020f 0B       		.uleb128 0xb
 689 0210 8E000000 		.4byte	0x8e
 690 0214 00       		.byte	0
 691 0215 00       		.byte	0
 692 0216 0C       		.uleb128 0xc
 693 0217 10030000 		.4byte	.LASF30
 694 021b 03       		.byte	0x3
 695 021c FA       		.byte	0xfa
 696 021d 27020000 		.4byte	0x227
 697 0221 05       		.uleb128 0x5
 698 0222 03       		.byte	0x3
 699 0223 00000000 		.4byte	USBUART_TABLE
 700 0227 0D       		.uleb128 0xd
 701 0228 06020000 		.4byte	0x206
 702 022c 0C       		.uleb128 0xc
 703 022d D8000000 		.4byte	.LASF31
 704 0231 03       		.byte	0x3
 705 0232 CB       		.byte	0xcb
 706 0233 3D020000 		.4byte	0x23d
 707 0237 05       		.uleb128 0x5
 708 0238 03       		.byte	0x3
 709 0239 00000000 		.4byte	USBUART_SN_STRING_DESCRIPTOR
 710 023d 0D       		.uleb128 0xd
 711 023e 94010000 		.4byte	0x194
 712 0242 0A       		.uleb128 0xa
 713 0243 63000000 		.4byte	0x63
 714 0247 52020000 		.4byte	0x252
 715 024b 0B       		.uleb128 0xb
 716 024c 8E000000 		.4byte	0x8e
 717 0250 9E       		.byte	0x9e
 718 0251 00       		.byte	0
 719 0252 0C       		.uleb128 0xc
 720 0253 58000000 		.4byte	.LASF32
 721 0257 03       		.byte	0x3
 722 0258 98       		.byte	0x98
 723 0259 63020000 		.4byte	0x263
 724 025d 05       		.uleb128 0x5
 725 025e 03       		.byte	0x3
 726 025f 00000000 		.4byte	USBUART_STRING_DESCRIPTORS
 727 0263 0D       		.uleb128 0xd
 728 0264 42020000 		.4byte	0x242
 729 0268 0E       		.uleb128 0xe
 730 0269 A4000000 		.4byte	.LASF33
 731 026d 03       		.byte	0x3
 732 026e 0A01     		.2byte	0x10a
 733 0270 7A020000 		.4byte	0x27a
 734 0274 05       		.uleb128 0x5
 735 0275 03       		.byte	0x3
 736 0276 00000000 		.4byte	USBUART_MSOS_DESCRIPTOR
 737 027a 0D       		.uleb128 0xd
 738 027b 22010000 		.4byte	0x122
 739 027f 0A       		.uleb128 0xa
 740 0280 63000000 		.4byte	0x63
 741 0284 8F020000 		.4byte	0x28f
ARM GAS  C:\Users\VICTOR~1\AppData\Local\Temp\ccKhWt8x.s 			page 14


 742 0288 0B       		.uleb128 0xb
 743 0289 8E000000 		.4byte	0x8e
 744 028d 27       		.byte	0x27
 745 028e 00       		.byte	0
 746 028f 0E       		.uleb128 0xe
 747 0290 E0010000 		.4byte	.LASF34
 748 0294 03       		.byte	0x3
 749 0295 1501     		.2byte	0x115
 750 0297 A1020000 		.4byte	0x2a1
 751 029b 05       		.uleb128 0x5
 752 029c 03       		.byte	0x3
 753 029d 00000000 		.4byte	USBUART_MSOS_CONFIGURATION_DESCR
 754 02a1 0D       		.uleb128 0xd
 755 02a2 7F020000 		.4byte	0x27f
 756 02a6 0A       		.uleb128 0xa
 757 02a7 63000000 		.4byte	0x63
 758 02ab B6020000 		.4byte	0x2b6
 759 02af 0B       		.uleb128 0xb
 760 02b0 8E000000 		.4byte	0x8e
 761 02b4 21       		.byte	0x21
 762 02b5 00       		.byte	0
 763 02b6 0E       		.uleb128 0xe
 764 02b7 7C030000 		.4byte	.LASF35
 765 02bb 03       		.byte	0x3
 766 02bc 2801     		.2byte	0x128
 767 02be A6020000 		.4byte	0x2a6
 768 02c2 05       		.uleb128 0x5
 769 02c3 03       		.byte	0x3
 770 02c4 00000000 		.4byte	USBUART_idSerialNumberStringDescriptor
 771 02c8 00       		.byte	0
 772              		.section	.debug_abbrev,"",%progbits
 773              	.Ldebug_abbrev0:
 774 0000 01       		.uleb128 0x1
 775 0001 11       		.uleb128 0x11
 776 0002 01       		.byte	0x1
 777 0003 25       		.uleb128 0x25
 778 0004 0E       		.uleb128 0xe
 779 0005 13       		.uleb128 0x13
 780 0006 0B       		.uleb128 0xb
 781 0007 03       		.uleb128 0x3
 782 0008 0E       		.uleb128 0xe
 783 0009 1B       		.uleb128 0x1b
 784 000a 0E       		.uleb128 0xe
 785 000b 10       		.uleb128 0x10
 786 000c 17       		.uleb128 0x17
 787 000d 00       		.byte	0
 788 000e 00       		.byte	0
 789 000f 02       		.uleb128 0x2
 790 0010 24       		.uleb128 0x24
 791 0011 00       		.byte	0
 792 0012 0B       		.uleb128 0xb
 793 0013 0B       		.uleb128 0xb
 794 0014 3E       		.uleb128 0x3e
 795 0015 0B       		.uleb128 0xb
 796 0016 03       		.uleb128 0x3
 797 0017 0E       		.uleb128 0xe
 798 0018 00       		.byte	0
ARM GAS  C:\Users\VICTOR~1\AppData\Local\Temp\ccKhWt8x.s 			page 15


 799 0019 00       		.byte	0
 800 001a 03       		.uleb128 0x3
 801 001b 24       		.uleb128 0x24
 802 001c 00       		.byte	0
 803 001d 0B       		.uleb128 0xb
 804 001e 0B       		.uleb128 0xb
 805 001f 3E       		.uleb128 0x3e
 806 0020 0B       		.uleb128 0xb
 807 0021 03       		.uleb128 0x3
 808 0022 08       		.uleb128 0x8
 809 0023 00       		.byte	0
 810 0024 00       		.byte	0
 811 0025 04       		.uleb128 0x4
 812 0026 16       		.uleb128 0x16
 813 0027 00       		.byte	0
 814 0028 03       		.uleb128 0x3
 815 0029 0E       		.uleb128 0xe
 816 002a 3A       		.uleb128 0x3a
 817 002b 0B       		.uleb128 0xb
 818 002c 3B       		.uleb128 0x3b
 819 002d 0B       		.uleb128 0xb
 820 002e 49       		.uleb128 0x49
 821 002f 13       		.uleb128 0x13
 822 0030 00       		.byte	0
 823 0031 00       		.byte	0
 824 0032 05       		.uleb128 0x5
 825 0033 13       		.uleb128 0x13
 826 0034 01       		.byte	0x1
 827 0035 0B       		.uleb128 0xb
 828 0036 0B       		.uleb128 0xb
 829 0037 3A       		.uleb128 0x3a
 830 0038 0B       		.uleb128 0xb
 831 0039 3B       		.uleb128 0x3b
 832 003a 0B       		.uleb128 0xb
 833 003b 01       		.uleb128 0x1
 834 003c 13       		.uleb128 0x13
 835 003d 00       		.byte	0
 836 003e 00       		.byte	0
 837 003f 06       		.uleb128 0x6
 838 0040 0D       		.uleb128 0xd
 839 0041 00       		.byte	0
 840 0042 03       		.uleb128 0x3
 841 0043 0E       		.uleb128 0xe
 842 0044 3A       		.uleb128 0x3a
 843 0045 0B       		.uleb128 0xb
 844 0046 3B       		.uleb128 0x3b
 845 0047 0B       		.uleb128 0xb
 846 0048 49       		.uleb128 0x49
 847 0049 13       		.uleb128 0x13
 848 004a 38       		.uleb128 0x38
 849 004b 0B       		.uleb128 0xb
 850 004c 00       		.byte	0
 851 004d 00       		.byte	0
 852 004e 07       		.uleb128 0x7
 853 004f 0D       		.uleb128 0xd
 854 0050 00       		.byte	0
 855 0051 03       		.uleb128 0x3
ARM GAS  C:\Users\VICTOR~1\AppData\Local\Temp\ccKhWt8x.s 			page 16


 856 0052 08       		.uleb128 0x8
 857 0053 3A       		.uleb128 0x3a
 858 0054 0B       		.uleb128 0xb
 859 0055 3B       		.uleb128 0x3b
 860 0056 0B       		.uleb128 0xb
 861 0057 49       		.uleb128 0x49
 862 0058 13       		.uleb128 0x13
 863 0059 38       		.uleb128 0x38
 864 005a 0B       		.uleb128 0xb
 865 005b 00       		.byte	0
 866 005c 00       		.byte	0
 867 005d 08       		.uleb128 0x8
 868 005e 0F       		.uleb128 0xf
 869 005f 00       		.byte	0
 870 0060 0B       		.uleb128 0xb
 871 0061 0B       		.uleb128 0xb
 872 0062 49       		.uleb128 0x49
 873 0063 13       		.uleb128 0x13
 874 0064 00       		.byte	0
 875 0065 00       		.byte	0
 876 0066 09       		.uleb128 0x9
 877 0067 26       		.uleb128 0x26
 878 0068 00       		.byte	0
 879 0069 00       		.byte	0
 880 006a 00       		.byte	0
 881 006b 0A       		.uleb128 0xa
 882 006c 01       		.uleb128 0x1
 883 006d 01       		.byte	0x1
 884 006e 49       		.uleb128 0x49
 885 006f 13       		.uleb128 0x13
 886 0070 01       		.uleb128 0x1
 887 0071 13       		.uleb128 0x13
 888 0072 00       		.byte	0
 889 0073 00       		.byte	0
 890 0074 0B       		.uleb128 0xb
 891 0075 21       		.uleb128 0x21
 892 0076 00       		.byte	0
 893 0077 49       		.uleb128 0x49
 894 0078 13       		.uleb128 0x13
 895 0079 2F       		.uleb128 0x2f
 896 007a 0B       		.uleb128 0xb
 897 007b 00       		.byte	0
 898 007c 00       		.byte	0
 899 007d 0C       		.uleb128 0xc
 900 007e 34       		.uleb128 0x34
 901 007f 00       		.byte	0
 902 0080 03       		.uleb128 0x3
 903 0081 0E       		.uleb128 0xe
 904 0082 3A       		.uleb128 0x3a
 905 0083 0B       		.uleb128 0xb
 906 0084 3B       		.uleb128 0x3b
 907 0085 0B       		.uleb128 0xb
 908 0086 49       		.uleb128 0x49
 909 0087 13       		.uleb128 0x13
 910 0088 3F       		.uleb128 0x3f
 911 0089 19       		.uleb128 0x19
 912 008a 02       		.uleb128 0x2
ARM GAS  C:\Users\VICTOR~1\AppData\Local\Temp\ccKhWt8x.s 			page 17


 913 008b 18       		.uleb128 0x18
 914 008c 00       		.byte	0
 915 008d 00       		.byte	0
 916 008e 0D       		.uleb128 0xd
 917 008f 26       		.uleb128 0x26
 918 0090 00       		.byte	0
 919 0091 49       		.uleb128 0x49
 920 0092 13       		.uleb128 0x13
 921 0093 00       		.byte	0
 922 0094 00       		.byte	0
 923 0095 0E       		.uleb128 0xe
 924 0096 34       		.uleb128 0x34
 925 0097 00       		.byte	0
 926 0098 03       		.uleb128 0x3
 927 0099 0E       		.uleb128 0xe
 928 009a 3A       		.uleb128 0x3a
 929 009b 0B       		.uleb128 0xb
 930 009c 3B       		.uleb128 0x3b
 931 009d 05       		.uleb128 0x5
 932 009e 49       		.uleb128 0x49
 933 009f 13       		.uleb128 0x13
 934 00a0 3F       		.uleb128 0x3f
 935 00a1 19       		.uleb128 0x19
 936 00a2 02       		.uleb128 0x2
 937 00a3 18       		.uleb128 0x18
 938 00a4 00       		.byte	0
 939 00a5 00       		.byte	0
 940 00a6 00       		.byte	0
 941              		.section	.debug_aranges,"",%progbits
 942 0000 14000000 		.4byte	0x14
 943 0004 0200     		.2byte	0x2
 944 0006 00000000 		.4byte	.Ldebug_info0
 945 000a 04       		.byte	0x4
 946 000b 00       		.byte	0
 947 000c 0000     		.2byte	0
 948 000e 0000     		.2byte	0
 949 0010 00000000 		.4byte	0
 950 0014 00000000 		.4byte	0
 951              		.section	.debug_line,"",%progbits
 952              	.Ldebug_line0:
 953 0000 5F000000 		.section	.debug_str,"MS",%progbits,1
 953      02005900 
 953      00000201 
 953      FB0E0D00 
 953      01010101 
 954              	.LASF27:
 955 0000 55534255 		.ascii	"USBUART_DEVICE0_CONFIGURATION0_INTERFACE_CLASS\000"
 955      4152545F 
 955      44455649 
 955      4345305F 
 955      434F4E46 
 956              	.LASF37:
 957 002f 2E5C4765 		.ascii	".\\Generated_Source\\PSoC5\\USBUART_descr.c\000"
 957      6E657261 
 957      7465645F 
 957      536F7572 
 957      63655C50 
ARM GAS  C:\Users\VICTOR~1\AppData\Local\Temp\ccKhWt8x.s 			page 18


 958              	.LASF32:
 959 0058 55534255 		.ascii	"USBUART_STRING_DESCRIPTORS\000"
 959      4152545F 
 959      53545249 
 959      4E475F44 
 959      45534352 
 960              	.LASF26:
 961 0073 55534255 		.ascii	"USBUART_DEVICE0_CONFIGURATION0_EP_SETTINGS_TABLE\000"
 961      4152545F 
 961      44455649 
 961      4345305F 
 961      434F4E46 
 962              	.LASF33:
 963 00a4 55534255 		.ascii	"USBUART_MSOS_DESCRIPTOR\000"
 963      4152545F 
 963      4D534F53 
 963      5F444553 
 963      43524950 
 964              	.LASF24:
 965 00bc 55534255 		.ascii	"USBUART_DEVICE0_DESCR\000"
 965      4152545F 
 965      44455649 
 965      4345305F 
 965      44455343 
 966              	.LASF11:
 967 00d2 666C6F61 		.ascii	"float\000"
 967      7400
 968              	.LASF31:
 969 00d8 55534255 		.ascii	"USBUART_SN_STRING_DESCRIPTOR\000"
 969      4152545F 
 969      534E5F53 
 969      5452494E 
 969      475F4445 
 970              	.LASF16:
 971 00f5 616C7453 		.ascii	"altSetting\000"
 971      65747469 
 971      6E6700
 972              	.LASF1:
 973 0100 756E7369 		.ascii	"unsigned char\000"
 973      676E6564 
 973      20636861 
 973      7200
 974              	.LASF38:
 975 010e 433A5C55 		.ascii	"C:\\Users\\Victor Ruela\\Desktop\\UFMG\\2015-1\\Int"
 975      73657273 
 975      5C566963 
 975      746F7220 
 975      5275656C 
 976 013b 65677261 		.ascii	"egracao de Dados\\TP pratico\\TP-TID\\PSoC\\TP_Sens"
 976      63616F20 
 976      64652044 
 976      61646F73 
 976      5C545020 
 977 016a 6F725C54 		.ascii	"or\\TP_Sensor.cydsn\000"
 977      505F5365 
 977      6E736F72 
 977      2E637964 
ARM GAS  C:\Users\VICTOR~1\AppData\Local\Temp\ccKhWt8x.s 			page 19


 977      736E00
 978              	.LASF18:
 979 017d 61747472 		.ascii	"attributes\000"
 979      69627574 
 979      657300
 980              	.LASF21:
 981 0188 545F5553 		.ascii	"T_USBUART_EP_SETTINGS_BLOCK\000"
 981      42554152 
 981      545F4550 
 981      5F534554 
 981      54494E47 
 982              	.LASF5:
 983 01a4 6C6F6E67 		.ascii	"long unsigned int\000"
 983      20756E73 
 983      69676E65 
 983      6420696E 
 983      7400
 984              	.LASF17:
 985 01b6 61646472 		.ascii	"addr\000"
 985      00
 986              	.LASF28:
 987 01bb 55534255 		.ascii	"USBUART_DEVICE0_CONFIGURATION0_TABLE\000"
 987      4152545F 
 987      44455649 
 987      4345305F 
 987      434F4E46 
 988              	.LASF34:
 989 01e0 55534255 		.ascii	"USBUART_MSOS_CONFIGURATION_DESCR\000"
 989      4152545F 
 989      4D534F53 
 989      5F434F4E 
 989      46494755 
 990              	.LASF12:
 991 0201 646F7562 		.ascii	"double\000"
 991      6C6500
 992              	.LASF10:
 993 0208 75696E74 		.ascii	"uint16\000"
 993      313600
 994              	.LASF8:
 995 020f 756E7369 		.ascii	"unsigned int\000"
 995      676E6564 
 995      20696E74 
 995      00
 996              	.LASF23:
 997 021c 545F5553 		.ascii	"T_USBUART_LUT\000"
 997      42554152 
 997      545F4C55 
 997      5400
 998              	.LASF7:
 999 022a 6C6F6E67 		.ascii	"long long unsigned int\000"
 999      206C6F6E 
 999      6720756E 
 999      7369676E 
 999      65642069 
 1000              	.LASF25:
 1001 0241 55534255 		.ascii	"USBUART_DEVICE0_CONFIGURATION0_DESCR\000"
 1001      4152545F 
ARM GAS  C:\Users\VICTOR~1\AppData\Local\Temp\ccKhWt8x.s 			page 20


 1001      44455649 
 1001      4345305F 
 1001      434F4E46 
 1002              	.LASF22:
 1003 0266 705F6C69 		.ascii	"p_list\000"
 1003      737400
 1004              	.LASF36:
 1005 026d 474E5520 		.ascii	"GNU C 4.8.4 20140526 (release) [ARM/embedded-4_8-br"
 1005      4320342E 
 1005      382E3420 
 1005      32303134 
 1005      30353236 
 1006 02a0 616E6368 		.ascii	"anch revision 211358] -mcpu=cortex-m3 -mthumb -g -O"
 1006      20726576 
 1006      6973696F 
 1006      6E203231 
 1006      31333538 
 1007 02d3 30202D66 		.ascii	"0 -ffunction-sections\000"
 1007      66756E63 
 1007      74696F6E 
 1007      2D736563 
 1007      74696F6E 
 1008              	.LASF14:
 1009 02e9 73697A65 		.ascii	"sizetype\000"
 1009      74797065 
 1009      00
 1010              	.LASF6:
 1011 02f2 6C6F6E67 		.ascii	"long long int\000"
 1011      206C6F6E 
 1011      6720696E 
 1011      7400
 1012              	.LASF13:
 1013 0300 63686172 		.ascii	"char\000"
 1013      00
 1014              	.LASF19:
 1015 0305 62756666 		.ascii	"bufferSize\000"
 1015      65725369 
 1015      7A6500
 1016              	.LASF30:
 1017 0310 55534255 		.ascii	"USBUART_TABLE\000"
 1017      4152545F 
 1017      5441424C 
 1017      4500
 1018              	.LASF2:
 1019 031e 73686F72 		.ascii	"short int\000"
 1019      7420696E 
 1019      7400
 1020              	.LASF9:
 1021 0328 75696E74 		.ascii	"uint8\000"
 1021      3800
 1022              	.LASF15:
 1023 032e 696E7465 		.ascii	"interface\000"
 1023      72666163 
 1023      6500
 1024              	.LASF4:
 1025 0338 6C6F6E67 		.ascii	"long int\000"
 1025      20696E74 
ARM GAS  C:\Users\VICTOR~1\AppData\Local\Temp\ccKhWt8x.s 			page 21


 1025      00
 1026              	.LASF0:
 1027 0341 7369676E 		.ascii	"signed char\000"
 1027      65642063 
 1027      68617200 
 1028              	.LASF3:
 1029 034d 73686F72 		.ascii	"short unsigned int\000"
 1029      7420756E 
 1029      7369676E 
 1029      65642069 
 1029      6E7400
 1030              	.LASF29:
 1031 0360 55534255 		.ascii	"USBUART_DEVICE0_TABLE\000"
 1031      4152545F 
 1031      44455649 
 1031      4345305F 
 1031      5441424C 
 1032              	.LASF20:
 1033 0376 624D6973 		.ascii	"bMisc\000"
 1033      6300
 1034              	.LASF35:
 1035 037c 55534255 		.ascii	"USBUART_idSerialNumberStringDescriptor\000"
 1035      4152545F 
 1035      69645365 
 1035      7269616C 
 1035      4E756D62 
 1036              		.ident	"GCC: (GNU Tools for ARM Embedded Processors) 4.8.4 20140526 (release) [ARM/embedded-4_8-br
