ARM GAS  C:\Users\VICTOR~1\AppData\Local\Temp\ccQOd0Cs.s 			page 1


   1              		.syntax unified
   2              		.cpu cortex-m3
   3              		.fpu softvfp
   4              		.eabi_attribute 20, 1
   5              		.eabi_attribute 21, 1
   6              		.eabi_attribute 23, 3
   7              		.eabi_attribute 24, 1
   8              		.eabi_attribute 25, 1
   9              		.eabi_attribute 26, 1
  10              		.eabi_attribute 30, 6
  11              		.eabi_attribute 34, 1
  12              		.eabi_attribute 18, 4
  13              		.thumb
  14              		.file	"USBUART_cls.c"
  15              		.text
  16              	.Ltext0:
  17              		.cfi_sections	.debug_frame
  18              		.section	.text.USBUART_DispatchClassRqst,"ax",%progbits
  19              		.align	2
  20              		.global	USBUART_DispatchClassRqst
  21              		.thumb
  22              		.thumb_func
  23              		.type	USBUART_DispatchClassRqst, %function
  24              	USBUART_DispatchClassRqst:
  25              	.LFB0:
  26              		.file 1 ".\\Generated_Source\\PSoC5\\USBUART_cls.c"
   1:.\Generated_Source\PSoC5/USBUART_cls.c **** /*******************************************************************************
   2:.\Generated_Source\PSoC5/USBUART_cls.c **** * File Name: USBUART_cls.c
   3:.\Generated_Source\PSoC5/USBUART_cls.c **** * Version 2.70
   4:.\Generated_Source\PSoC5/USBUART_cls.c **** *
   5:.\Generated_Source\PSoC5/USBUART_cls.c **** * Description:
   6:.\Generated_Source\PSoC5/USBUART_cls.c **** *  USB Class request handler.
   7:.\Generated_Source\PSoC5/USBUART_cls.c **** *
   8:.\Generated_Source\PSoC5/USBUART_cls.c **** * Note:
   9:.\Generated_Source\PSoC5/USBUART_cls.c **** *
  10:.\Generated_Source\PSoC5/USBUART_cls.c **** ********************************************************************************
  11:.\Generated_Source\PSoC5/USBUART_cls.c **** * Copyright 2008-2013, Cypress Semiconductor Corporation.  All rights reserved.
  12:.\Generated_Source\PSoC5/USBUART_cls.c **** * You may use this file only in accordance with the license, terms, conditions,
  13:.\Generated_Source\PSoC5/USBUART_cls.c **** * disclaimers, and limitations in the end user license agreement accompanying
  14:.\Generated_Source\PSoC5/USBUART_cls.c **** * the software package with which this file was provided.
  15:.\Generated_Source\PSoC5/USBUART_cls.c **** *******************************************************************************/
  16:.\Generated_Source\PSoC5/USBUART_cls.c **** 
  17:.\Generated_Source\PSoC5/USBUART_cls.c **** #include "USBUART.h"
  18:.\Generated_Source\PSoC5/USBUART_cls.c **** 
  19:.\Generated_Source\PSoC5/USBUART_cls.c **** #if(USBUART_EXTERN_CLS == USBUART_FALSE)
  20:.\Generated_Source\PSoC5/USBUART_cls.c **** 
  21:.\Generated_Source\PSoC5/USBUART_cls.c **** #include "USBUART_pvt.h"
  22:.\Generated_Source\PSoC5/USBUART_cls.c **** 
  23:.\Generated_Source\PSoC5/USBUART_cls.c **** 
  24:.\Generated_Source\PSoC5/USBUART_cls.c **** /***************************************
  25:.\Generated_Source\PSoC5/USBUART_cls.c **** * User Implemented Class Driver Declarations.
  26:.\Generated_Source\PSoC5/USBUART_cls.c **** ***************************************/
  27:.\Generated_Source\PSoC5/USBUART_cls.c **** /* `#START USER_DEFINED_CLASS_DECLARATIONS` Place your declaration here */
  28:.\Generated_Source\PSoC5/USBUART_cls.c **** 
  29:.\Generated_Source\PSoC5/USBUART_cls.c **** /* `#END` */
  30:.\Generated_Source\PSoC5/USBUART_cls.c **** 
  31:.\Generated_Source\PSoC5/USBUART_cls.c **** 
ARM GAS  C:\Users\VICTOR~1\AppData\Local\Temp\ccQOd0Cs.s 			page 2


  32:.\Generated_Source\PSoC5/USBUART_cls.c **** /*******************************************************************************
  33:.\Generated_Source\PSoC5/USBUART_cls.c **** * Function Name: USBUART_DispatchClassRqst
  34:.\Generated_Source\PSoC5/USBUART_cls.c **** ********************************************************************************
  35:.\Generated_Source\PSoC5/USBUART_cls.c **** * Summary:
  36:.\Generated_Source\PSoC5/USBUART_cls.c **** *  This routine dispatches class specific requests depend on interface class.
  37:.\Generated_Source\PSoC5/USBUART_cls.c **** *
  38:.\Generated_Source\PSoC5/USBUART_cls.c **** * Parameters:
  39:.\Generated_Source\PSoC5/USBUART_cls.c **** *  None.
  40:.\Generated_Source\PSoC5/USBUART_cls.c **** *
  41:.\Generated_Source\PSoC5/USBUART_cls.c **** * Return:
  42:.\Generated_Source\PSoC5/USBUART_cls.c **** *  requestHandled.
  43:.\Generated_Source\PSoC5/USBUART_cls.c **** *
  44:.\Generated_Source\PSoC5/USBUART_cls.c **** * Reentrant:
  45:.\Generated_Source\PSoC5/USBUART_cls.c **** *  No.
  46:.\Generated_Source\PSoC5/USBUART_cls.c **** *
  47:.\Generated_Source\PSoC5/USBUART_cls.c **** *******************************************************************************/
  48:.\Generated_Source\PSoC5/USBUART_cls.c **** uint8 USBUART_DispatchClassRqst(void) 
  49:.\Generated_Source\PSoC5/USBUART_cls.c **** {
  27              		.loc 1 49 0
  28              		.cfi_startproc
  29              		@ args = 0, pretend = 0, frame = 8
  30              		@ frame_needed = 1, uses_anonymous_args = 0
  31 0000 80B5     		push	{r7, lr}
  32              		.cfi_def_cfa_offset 8
  33              		.cfi_offset 7, -8
  34              		.cfi_offset 14, -4
  35 0002 82B0     		sub	sp, sp, #8
  36              		.cfi_def_cfa_offset 16
  37 0004 00AF     		add	r7, sp, #0
  38              		.cfi_def_cfa_register 7
  50:.\Generated_Source\PSoC5/USBUART_cls.c ****     uint8 requestHandled = USBUART_FALSE;
  39              		.loc 1 50 0
  40 0006 0023     		movs	r3, #0
  41 0008 FB71     		strb	r3, [r7, #7]
  51:.\Generated_Source\PSoC5/USBUART_cls.c ****     uint8 interfaceNumber = 0u;
  42              		.loc 1 51 0
  43 000a 0023     		movs	r3, #0
  44 000c BB71     		strb	r3, [r7, #6]
  52:.\Generated_Source\PSoC5/USBUART_cls.c **** 
  53:.\Generated_Source\PSoC5/USBUART_cls.c ****     switch(CY_GET_REG8(USBUART_bmRequestType) & USBUART_RQST_RCPT_MASK)
  45              		.loc 1 53 0
  46 000e 1B4B     		ldr	r3, .L14
  47 0010 1B78     		ldrb	r3, [r3]
  48 0012 DBB2     		uxtb	r3, r3
  49 0014 03F00303 		and	r3, r3, #3
  50 0018 012B     		cmp	r3, #1
  51 001a 02D0     		beq	.L3
  52 001c 022B     		cmp	r3, #2
  53 001e 04D0     		beq	.L4
  54:.\Generated_Source\PSoC5/USBUART_cls.c ****     {
  55:.\Generated_Source\PSoC5/USBUART_cls.c ****         case USBUART_RQST_RCPT_IFC:        /* Class-specific request directed to an interface */
  56:.\Generated_Source\PSoC5/USBUART_cls.c ****             interfaceNumber = CY_GET_REG8(USBUART_wIndexLo); /* wIndexLo contain Interface number *
  57:.\Generated_Source\PSoC5/USBUART_cls.c ****             break;
  58:.\Generated_Source\PSoC5/USBUART_cls.c ****         case USBUART_RQST_RCPT_EP:         /* Class-specific request directed to the endpoint */
  59:.\Generated_Source\PSoC5/USBUART_cls.c ****             /* Find related interface to the endpoint, wIndexLo contain EP number */
  60:.\Generated_Source\PSoC5/USBUART_cls.c ****             interfaceNumber = USBUART_EP[CY_GET_REG8(USBUART_wIndexLo) & 
  61:.\Generated_Source\PSoC5/USBUART_cls.c ****                               USBUART_DIR_UNUSED].interface;
ARM GAS  C:\Users\VICTOR~1\AppData\Local\Temp\ccQOd0Cs.s 			page 3


  62:.\Generated_Source\PSoC5/USBUART_cls.c ****             break;
  63:.\Generated_Source\PSoC5/USBUART_cls.c ****         default:    /* RequestHandled is initialized as FALSE by default */
  64:.\Generated_Source\PSoC5/USBUART_cls.c ****             break;
  54              		.loc 1 64 0
  55 0020 12E0     		b	.L5
  56              	.L3:
  56:.\Generated_Source\PSoC5/USBUART_cls.c ****             interfaceNumber = CY_GET_REG8(USBUART_wIndexLo); /* wIndexLo contain Interface number *
  57              		.loc 1 56 0
  58 0022 174B     		ldr	r3, .L14+4
  59 0024 1B78     		ldrb	r3, [r3]
  60 0026 BB71     		strb	r3, [r7, #6]
  57:.\Generated_Source\PSoC5/USBUART_cls.c ****             break;
  61              		.loc 1 57 0
  62 0028 0EE0     		b	.L5
  63              	.L4:
  60:.\Generated_Source\PSoC5/USBUART_cls.c ****             interfaceNumber = USBUART_EP[CY_GET_REG8(USBUART_wIndexLo) & 
  64              		.loc 1 60 0
  65 002a 154B     		ldr	r3, .L14+4
  66 002c 1B78     		ldrb	r3, [r3]
  67 002e DBB2     		uxtb	r3, r3
  68 0030 03F07F02 		and	r2, r3, #127
  69 0034 1349     		ldr	r1, .L14+8
  70 0036 1346     		mov	r3, r2
  71 0038 5B00     		lsls	r3, r3, #1
  72 003a 1344     		add	r3, r3, r2
  73 003c 9B00     		lsls	r3, r3, #2
  74 003e 0B44     		add	r3, r3, r1
  75 0040 0833     		adds	r3, r3, #8
  76 0042 9B78     		ldrb	r3, [r3, #2]
  77 0044 BB71     		strb	r3, [r7, #6]
  62:.\Generated_Source\PSoC5/USBUART_cls.c ****             break;
  78              		.loc 1 62 0
  79 0046 00BF     		nop
  80              	.L5:
  65:.\Generated_Source\PSoC5/USBUART_cls.c ****     }
  66:.\Generated_Source\PSoC5/USBUART_cls.c ****     /* Handle Class request depend on interface type */
  67:.\Generated_Source\PSoC5/USBUART_cls.c ****     switch(USBUART_interfaceClass[interfaceNumber])
  81              		.loc 1 67 0
  82 0048 0F4B     		ldr	r3, .L14+12
  83 004a 1A68     		ldr	r2, [r3]
  84 004c BB79     		ldrb	r3, [r7, #6]	@ zero_extendqisi2
  85 004e 1344     		add	r3, r3, r2
  86 0050 1B78     		ldrb	r3, [r3]	@ zero_extendqisi2
  87 0052 022B     		cmp	r3, #2
  88 0054 04D0     		beq	.L7
  89 0056 032B     		cmp	r3, #3
  90 0058 07D0     		beq	.L12
  91 005a 012B     		cmp	r3, #1
  92 005c 07D0     		beq	.L13
  68:.\Generated_Source\PSoC5/USBUART_cls.c ****     {
  69:.\Generated_Source\PSoC5/USBUART_cls.c ****         case USBUART_CLASS_HID:
  70:.\Generated_Source\PSoC5/USBUART_cls.c ****             #if defined(USBUART_ENABLE_HID_CLASS)
  71:.\Generated_Source\PSoC5/USBUART_cls.c ****                 requestHandled = USBUART_DispatchHIDClassRqst();
  72:.\Generated_Source\PSoC5/USBUART_cls.c ****             #endif /* USBUART_ENABLE_HID_CLASS */
  73:.\Generated_Source\PSoC5/USBUART_cls.c ****             break;
  74:.\Generated_Source\PSoC5/USBUART_cls.c ****         case USBUART_CLASS_AUDIO:
  75:.\Generated_Source\PSoC5/USBUART_cls.c ****             #if defined(USBUART_ENABLE_AUDIO_CLASS)
ARM GAS  C:\Users\VICTOR~1\AppData\Local\Temp\ccQOd0Cs.s 			page 4


  76:.\Generated_Source\PSoC5/USBUART_cls.c ****                 requestHandled = USBUART_DispatchAUDIOClassRqst();
  77:.\Generated_Source\PSoC5/USBUART_cls.c ****             #endif /* USBUART_CLASS_AUDIO */
  78:.\Generated_Source\PSoC5/USBUART_cls.c ****             break;
  79:.\Generated_Source\PSoC5/USBUART_cls.c ****         case USBUART_CLASS_CDC:
  80:.\Generated_Source\PSoC5/USBUART_cls.c ****             #if defined(USBUART_ENABLE_CDC_CLASS)
  81:.\Generated_Source\PSoC5/USBUART_cls.c ****                 requestHandled = USBUART_DispatchCDCClassRqst();
  82:.\Generated_Source\PSoC5/USBUART_cls.c ****             #endif /* USBUART_ENABLE_CDC_CLASS */
  83:.\Generated_Source\PSoC5/USBUART_cls.c ****             break;
  84:.\Generated_Source\PSoC5/USBUART_cls.c ****         default:    /* requestHandled is initialized as FALSE by default */
  85:.\Generated_Source\PSoC5/USBUART_cls.c ****             break;
  93              		.loc 1 85 0
  94 005e 07E0     		b	.L10
  95              	.L7:
  81:.\Generated_Source\PSoC5/USBUART_cls.c ****                 requestHandled = USBUART_DispatchCDCClassRqst();
  96              		.loc 1 81 0
  97 0060 FFF7FEFF 		bl	USBUART_DispatchCDCClassRqst
  98 0064 0346     		mov	r3, r0
  99 0066 FB71     		strb	r3, [r7, #7]
  83:.\Generated_Source\PSoC5/USBUART_cls.c ****             break;
 100              		.loc 1 83 0
 101 0068 02E0     		b	.L10
 102              	.L12:
  73:.\Generated_Source\PSoC5/USBUART_cls.c ****             break;
 103              		.loc 1 73 0
 104 006a 00BF     		nop
 105 006c 00E0     		b	.L10
 106              	.L13:
  78:.\Generated_Source\PSoC5/USBUART_cls.c ****             break;
 107              		.loc 1 78 0
 108 006e 00BF     		nop
 109              	.L10:
  86:.\Generated_Source\PSoC5/USBUART_cls.c ****     }
  87:.\Generated_Source\PSoC5/USBUART_cls.c **** 
  88:.\Generated_Source\PSoC5/USBUART_cls.c ****     /* `#START USER_DEFINED_CLASS_CODE` Place your Class request here */
  89:.\Generated_Source\PSoC5/USBUART_cls.c **** 
  90:.\Generated_Source\PSoC5/USBUART_cls.c ****     /* `#END` */
  91:.\Generated_Source\PSoC5/USBUART_cls.c **** 
  92:.\Generated_Source\PSoC5/USBUART_cls.c ****     return(requestHandled);
 110              		.loc 1 92 0
 111 0070 FB79     		ldrb	r3, [r7, #7]	@ zero_extendqisi2
  93:.\Generated_Source\PSoC5/USBUART_cls.c **** }
 112              		.loc 1 93 0
 113 0072 1846     		mov	r0, r3
 114 0074 0837     		adds	r7, r7, #8
 115 0076 BD46     		mov	sp, r7
 116              		@ sp needed
 117 0078 80BD     		pop	{r7, pc}
 118              	.L15:
 119 007a 00BF     		.align	2
 120              	.L14:
 121 007c 00600040 		.word	1073766400
 122 0080 04600040 		.word	1073766404
 123 0084 00000000 		.word	USBUART_EP
 124 0088 00000000 		.word	USBUART_interfaceClass
 125              		.cfi_endproc
 126              	.LFE0:
 127              		.size	USBUART_DispatchClassRqst, .-USBUART_DispatchClassRqst
ARM GAS  C:\Users\VICTOR~1\AppData\Local\Temp\ccQOd0Cs.s 			page 5


 128              		.text
 129              	.Letext0:
 130              		.file 2 ".\\Generated_Source\\PSoC5\\cytypes.h"
 131              		.file 3 ".\\Generated_Source\\PSoC5\\USBUART.h"
 132              		.file 4 ".\\Generated_Source\\PSoC5\\USBUART_pvt.h"
 133              		.section	.debug_info,"",%progbits
 134              	.Ldebug_info0:
 135 0000 96010000 		.4byte	0x196
 136 0004 0400     		.2byte	0x4
 137 0006 00000000 		.4byte	.Ldebug_abbrev0
 138 000a 04       		.byte	0x4
 139 000b 01       		.uleb128 0x1
 140 000c 96010000 		.4byte	.LASF30
 141 0010 01       		.byte	0x1
 142 0011 48000000 		.4byte	.LASF31
 143 0015 7A000000 		.4byte	.LASF32
 144 0019 00000000 		.4byte	.Ldebug_ranges0+0
 145 001d 00000000 		.4byte	0
 146 0021 00000000 		.4byte	.Ldebug_line0
 147 0025 02       		.uleb128 0x2
 148 0026 01       		.byte	0x1
 149 0027 06       		.byte	0x6
 150 0028 7A020000 		.4byte	.LASF0
 151 002c 02       		.uleb128 0x2
 152 002d 01       		.byte	0x1
 153 002e 08       		.byte	0x8
 154 002f 15010000 		.4byte	.LASF1
 155 0033 02       		.uleb128 0x2
 156 0034 02       		.byte	0x2
 157 0035 05       		.byte	0x5
 158 0036 40020000 		.4byte	.LASF2
 159 003a 02       		.uleb128 0x2
 160 003b 02       		.byte	0x2
 161 003c 07       		.byte	0x7
 162 003d 00000000 		.4byte	.LASF3
 163 0041 02       		.uleb128 0x2
 164 0042 04       		.byte	0x4
 165 0043 05       		.byte	0x5
 166 0044 5A020000 		.4byte	.LASF4
 167 0048 02       		.uleb128 0x2
 168 0049 04       		.byte	0x4
 169 004a 07       		.byte	0x7
 170 004b EE000000 		.4byte	.LASF5
 171 004f 02       		.uleb128 0x2
 172 0050 08       		.byte	0x8
 173 0051 05       		.byte	0x5
 174 0052 22020000 		.4byte	.LASF6
 175 0056 02       		.uleb128 0x2
 176 0057 08       		.byte	0x8
 177 0058 07       		.byte	0x7
 178 0059 5B010000 		.4byte	.LASF7
 179 005d 03       		.uleb128 0x3
 180 005e 04       		.byte	0x4
 181 005f 05       		.byte	0x5
 182 0060 696E7400 		.ascii	"int\000"
 183 0064 02       		.uleb128 0x2
 184 0065 04       		.byte	0x4
ARM GAS  C:\Users\VICTOR~1\AppData\Local\Temp\ccQOd0Cs.s 			page 6


 185 0066 07       		.byte	0x7
 186 0067 4E010000 		.4byte	.LASF8
 187 006b 04       		.uleb128 0x4
 188 006c 4A020000 		.4byte	.LASF9
 189 0070 02       		.byte	0x2
 190 0071 5B       		.byte	0x5b
 191 0072 2C000000 		.4byte	0x2c
 192 0076 04       		.uleb128 0x4
 193 0077 3C010000 		.4byte	.LASF10
 194 007b 02       		.byte	0x2
 195 007c 5C       		.byte	0x5c
 196 007d 3A000000 		.4byte	0x3a
 197 0081 02       		.uleb128 0x2
 198 0082 04       		.byte	0x4
 199 0083 04       		.byte	0x4
 200 0084 39000000 		.4byte	.LASF11
 201 0088 02       		.uleb128 0x2
 202 0089 08       		.byte	0x8
 203 008a 04       		.byte	0x4
 204 008b 23010000 		.4byte	.LASF12
 205 008f 02       		.uleb128 0x2
 206 0090 01       		.byte	0x1
 207 0091 08       		.byte	0x8
 208 0092 30020000 		.4byte	.LASF13
 209 0096 04       		.uleb128 0x4
 210 0097 E9000000 		.4byte	.LASF14
 211 009b 02       		.byte	0x2
 212 009c F0       		.byte	0xf0
 213 009d A1000000 		.4byte	0xa1
 214 00a1 05       		.uleb128 0x5
 215 00a2 6B000000 		.4byte	0x6b
 216 00a6 02       		.uleb128 0x2
 217 00a7 04       		.byte	0x4
 218 00a8 07       		.byte	0x7
 219 00a9 12020000 		.4byte	.LASF15
 220 00ad 06       		.uleb128 0x6
 221 00ae 0C       		.byte	0xc
 222 00af 03       		.byte	0x3
 223 00b0 7A       		.byte	0x7a
 224 00b1 22010000 		.4byte	0x122
 225 00b5 07       		.uleb128 0x7
 226 00b6 2A010000 		.4byte	.LASF16
 227 00ba 03       		.byte	0x3
 228 00bb 7C       		.byte	0x7c
 229 00bc 6B000000 		.4byte	0x6b
 230 00c0 00       		.byte	0
 231 00c1 07       		.uleb128 0x7
 232 00c2 43010000 		.4byte	.LASF17
 233 00c6 03       		.byte	0x3
 234 00c7 7D       		.byte	0x7d
 235 00c8 6B000000 		.4byte	0x6b
 236 00cc 01       		.byte	0x1
 237 00cd 07       		.uleb128 0x7
 238 00ce 72010000 		.4byte	.LASF18
 239 00d2 03       		.byte	0x3
 240 00d3 7E       		.byte	0x7e
 241 00d4 6B000000 		.4byte	0x6b
ARM GAS  C:\Users\VICTOR~1\AppData\Local\Temp\ccQOd0Cs.s 			page 7


 242 00d8 02       		.byte	0x2
 243 00d9 07       		.uleb128 0x7
 244 00da 3F000000 		.4byte	.LASF19
 245 00de 03       		.byte	0x3
 246 00df 7F       		.byte	0x7f
 247 00e0 6B000000 		.4byte	0x6b
 248 00e4 03       		.byte	0x3
 249 00e5 07       		.uleb128 0x7
 250 00e6 00010000 		.4byte	.LASF20
 251 00ea 03       		.byte	0x3
 252 00eb 80       		.byte	0x80
 253 00ec 6B000000 		.4byte	0x6b
 254 00f0 04       		.byte	0x4
 255 00f1 07       		.uleb128 0x7
 256 00f2 1B020000 		.4byte	.LASF21
 257 00f6 03       		.byte	0x3
 258 00f7 81       		.byte	0x81
 259 00f8 6B000000 		.4byte	0x6b
 260 00fc 05       		.byte	0x5
 261 00fd 07       		.uleb128 0x7
 262 00fe 31010000 		.4byte	.LASF22
 263 0102 03       		.byte	0x3
 264 0103 82       		.byte	0x82
 265 0104 76000000 		.4byte	0x76
 266 0108 06       		.byte	0x6
 267 0109 07       		.uleb128 0x7
 268 010a 35020000 		.4byte	.LASF23
 269 010e 03       		.byte	0x3
 270 010f 83       		.byte	0x83
 271 0110 76000000 		.4byte	0x76
 272 0114 08       		.byte	0x8
 273 0115 07       		.uleb128 0x7
 274 0116 50020000 		.4byte	.LASF24
 275 011a 03       		.byte	0x3
 276 011b 84       		.byte	0x84
 277 011c 6B000000 		.4byte	0x6b
 278 0120 0A       		.byte	0xa
 279 0121 00       		.byte	0
 280 0122 04       		.uleb128 0x4
 281 0123 63020000 		.4byte	.LASF25
 282 0127 03       		.byte	0x3
 283 0128 85       		.byte	0x85
 284 0129 AD000000 		.4byte	0xad
 285 012d 08       		.uleb128 0x8
 286 012e 7C010000 		.4byte	.LASF33
 287 0132 01       		.byte	0x1
 288 0133 30       		.byte	0x30
 289 0134 6B000000 		.4byte	0x6b
 290 0138 00000000 		.4byte	.LFB0
 291 013c 8C000000 		.4byte	.LFE0-.LFB0
 292 0140 01       		.uleb128 0x1
 293 0141 9C       		.byte	0x9c
 294 0142 63010000 		.4byte	0x163
 295 0146 09       		.uleb128 0x9
 296 0147 2A000000 		.4byte	.LASF26
 297 014b 01       		.byte	0x1
 298 014c 32       		.byte	0x32
ARM GAS  C:\Users\VICTOR~1\AppData\Local\Temp\ccQOd0Cs.s 			page 8


 299 014d 6B000000 		.4byte	0x6b
 300 0151 02       		.uleb128 0x2
 301 0152 91       		.byte	0x91
 302 0153 77       		.sleb128 -9
 303 0154 09       		.uleb128 0x9
 304 0155 05010000 		.4byte	.LASF27
 305 0159 01       		.byte	0x1
 306 015a 33       		.byte	0x33
 307 015b 6B000000 		.4byte	0x6b
 308 015f 02       		.uleb128 0x2
 309 0160 91       		.byte	0x91
 310 0161 76       		.sleb128 -10
 311 0162 00       		.byte	0
 312 0163 0A       		.uleb128 0xa
 313 0164 13000000 		.4byte	.LASF28
 314 0168 04       		.byte	0x4
 315 0169 32       		.byte	0x32
 316 016a 6E010000 		.4byte	0x16e
 317 016e 0B       		.uleb128 0xb
 318 016f 04       		.byte	0x4
 319 0170 74010000 		.4byte	0x174
 320 0174 0C       		.uleb128 0xc
 321 0175 6B000000 		.4byte	0x6b
 322 0179 0D       		.uleb128 0xd
 323 017a 22010000 		.4byte	0x122
 324 017e 89010000 		.4byte	0x189
 325 0182 0E       		.uleb128 0xe
 326 0183 A6000000 		.4byte	0xa6
 327 0187 08       		.byte	0x8
 328 0188 00       		.byte	0
 329 0189 0A       		.uleb128 0xa
 330 018a 6F000000 		.4byte	.LASF29
 331 018e 04       		.byte	0x4
 332 018f 34       		.byte	0x34
 333 0190 94010000 		.4byte	0x194
 334 0194 05       		.uleb128 0x5
 335 0195 79010000 		.4byte	0x179
 336 0199 00       		.byte	0
 337              		.section	.debug_abbrev,"",%progbits
 338              	.Ldebug_abbrev0:
 339 0000 01       		.uleb128 0x1
 340 0001 11       		.uleb128 0x11
 341 0002 01       		.byte	0x1
 342 0003 25       		.uleb128 0x25
 343 0004 0E       		.uleb128 0xe
 344 0005 13       		.uleb128 0x13
 345 0006 0B       		.uleb128 0xb
 346 0007 03       		.uleb128 0x3
 347 0008 0E       		.uleb128 0xe
 348 0009 1B       		.uleb128 0x1b
 349 000a 0E       		.uleb128 0xe
 350 000b 55       		.uleb128 0x55
 351 000c 17       		.uleb128 0x17
 352 000d 11       		.uleb128 0x11
 353 000e 01       		.uleb128 0x1
 354 000f 10       		.uleb128 0x10
 355 0010 17       		.uleb128 0x17
ARM GAS  C:\Users\VICTOR~1\AppData\Local\Temp\ccQOd0Cs.s 			page 9


 356 0011 00       		.byte	0
 357 0012 00       		.byte	0
 358 0013 02       		.uleb128 0x2
 359 0014 24       		.uleb128 0x24
 360 0015 00       		.byte	0
 361 0016 0B       		.uleb128 0xb
 362 0017 0B       		.uleb128 0xb
 363 0018 3E       		.uleb128 0x3e
 364 0019 0B       		.uleb128 0xb
 365 001a 03       		.uleb128 0x3
 366 001b 0E       		.uleb128 0xe
 367 001c 00       		.byte	0
 368 001d 00       		.byte	0
 369 001e 03       		.uleb128 0x3
 370 001f 24       		.uleb128 0x24
 371 0020 00       		.byte	0
 372 0021 0B       		.uleb128 0xb
 373 0022 0B       		.uleb128 0xb
 374 0023 3E       		.uleb128 0x3e
 375 0024 0B       		.uleb128 0xb
 376 0025 03       		.uleb128 0x3
 377 0026 08       		.uleb128 0x8
 378 0027 00       		.byte	0
 379 0028 00       		.byte	0
 380 0029 04       		.uleb128 0x4
 381 002a 16       		.uleb128 0x16
 382 002b 00       		.byte	0
 383 002c 03       		.uleb128 0x3
 384 002d 0E       		.uleb128 0xe
 385 002e 3A       		.uleb128 0x3a
 386 002f 0B       		.uleb128 0xb
 387 0030 3B       		.uleb128 0x3b
 388 0031 0B       		.uleb128 0xb
 389 0032 49       		.uleb128 0x49
 390 0033 13       		.uleb128 0x13
 391 0034 00       		.byte	0
 392 0035 00       		.byte	0
 393 0036 05       		.uleb128 0x5
 394 0037 35       		.uleb128 0x35
 395 0038 00       		.byte	0
 396 0039 49       		.uleb128 0x49
 397 003a 13       		.uleb128 0x13
 398 003b 00       		.byte	0
 399 003c 00       		.byte	0
 400 003d 06       		.uleb128 0x6
 401 003e 13       		.uleb128 0x13
 402 003f 01       		.byte	0x1
 403 0040 0B       		.uleb128 0xb
 404 0041 0B       		.uleb128 0xb
 405 0042 3A       		.uleb128 0x3a
 406 0043 0B       		.uleb128 0xb
 407 0044 3B       		.uleb128 0x3b
 408 0045 0B       		.uleb128 0xb
 409 0046 01       		.uleb128 0x1
 410 0047 13       		.uleb128 0x13
 411 0048 00       		.byte	0
 412 0049 00       		.byte	0
ARM GAS  C:\Users\VICTOR~1\AppData\Local\Temp\ccQOd0Cs.s 			page 10


 413 004a 07       		.uleb128 0x7
 414 004b 0D       		.uleb128 0xd
 415 004c 00       		.byte	0
 416 004d 03       		.uleb128 0x3
 417 004e 0E       		.uleb128 0xe
 418 004f 3A       		.uleb128 0x3a
 419 0050 0B       		.uleb128 0xb
 420 0051 3B       		.uleb128 0x3b
 421 0052 0B       		.uleb128 0xb
 422 0053 49       		.uleb128 0x49
 423 0054 13       		.uleb128 0x13
 424 0055 38       		.uleb128 0x38
 425 0056 0B       		.uleb128 0xb
 426 0057 00       		.byte	0
 427 0058 00       		.byte	0
 428 0059 08       		.uleb128 0x8
 429 005a 2E       		.uleb128 0x2e
 430 005b 01       		.byte	0x1
 431 005c 3F       		.uleb128 0x3f
 432 005d 19       		.uleb128 0x19
 433 005e 03       		.uleb128 0x3
 434 005f 0E       		.uleb128 0xe
 435 0060 3A       		.uleb128 0x3a
 436 0061 0B       		.uleb128 0xb
 437 0062 3B       		.uleb128 0x3b
 438 0063 0B       		.uleb128 0xb
 439 0064 27       		.uleb128 0x27
 440 0065 19       		.uleb128 0x19
 441 0066 49       		.uleb128 0x49
 442 0067 13       		.uleb128 0x13
 443 0068 11       		.uleb128 0x11
 444 0069 01       		.uleb128 0x1
 445 006a 12       		.uleb128 0x12
 446 006b 06       		.uleb128 0x6
 447 006c 40       		.uleb128 0x40
 448 006d 18       		.uleb128 0x18
 449 006e 9642     		.uleb128 0x2116
 450 0070 19       		.uleb128 0x19
 451 0071 01       		.uleb128 0x1
 452 0072 13       		.uleb128 0x13
 453 0073 00       		.byte	0
 454 0074 00       		.byte	0
 455 0075 09       		.uleb128 0x9
 456 0076 34       		.uleb128 0x34
 457 0077 00       		.byte	0
 458 0078 03       		.uleb128 0x3
 459 0079 0E       		.uleb128 0xe
 460 007a 3A       		.uleb128 0x3a
 461 007b 0B       		.uleb128 0xb
 462 007c 3B       		.uleb128 0x3b
 463 007d 0B       		.uleb128 0xb
 464 007e 49       		.uleb128 0x49
 465 007f 13       		.uleb128 0x13
 466 0080 02       		.uleb128 0x2
 467 0081 18       		.uleb128 0x18
 468 0082 00       		.byte	0
 469 0083 00       		.byte	0
ARM GAS  C:\Users\VICTOR~1\AppData\Local\Temp\ccQOd0Cs.s 			page 11


 470 0084 0A       		.uleb128 0xa
 471 0085 34       		.uleb128 0x34
 472 0086 00       		.byte	0
 473 0087 03       		.uleb128 0x3
 474 0088 0E       		.uleb128 0xe
 475 0089 3A       		.uleb128 0x3a
 476 008a 0B       		.uleb128 0xb
 477 008b 3B       		.uleb128 0x3b
 478 008c 0B       		.uleb128 0xb
 479 008d 49       		.uleb128 0x49
 480 008e 13       		.uleb128 0x13
 481 008f 3F       		.uleb128 0x3f
 482 0090 19       		.uleb128 0x19
 483 0091 3C       		.uleb128 0x3c
 484 0092 19       		.uleb128 0x19
 485 0093 00       		.byte	0
 486 0094 00       		.byte	0
 487 0095 0B       		.uleb128 0xb
 488 0096 0F       		.uleb128 0xf
 489 0097 00       		.byte	0
 490 0098 0B       		.uleb128 0xb
 491 0099 0B       		.uleb128 0xb
 492 009a 49       		.uleb128 0x49
 493 009b 13       		.uleb128 0x13
 494 009c 00       		.byte	0
 495 009d 00       		.byte	0
 496 009e 0C       		.uleb128 0xc
 497 009f 26       		.uleb128 0x26
 498 00a0 00       		.byte	0
 499 00a1 49       		.uleb128 0x49
 500 00a2 13       		.uleb128 0x13
 501 00a3 00       		.byte	0
 502 00a4 00       		.byte	0
 503 00a5 0D       		.uleb128 0xd
 504 00a6 01       		.uleb128 0x1
 505 00a7 01       		.byte	0x1
 506 00a8 49       		.uleb128 0x49
 507 00a9 13       		.uleb128 0x13
 508 00aa 01       		.uleb128 0x1
 509 00ab 13       		.uleb128 0x13
 510 00ac 00       		.byte	0
 511 00ad 00       		.byte	0
 512 00ae 0E       		.uleb128 0xe
 513 00af 21       		.uleb128 0x21
 514 00b0 00       		.byte	0
 515 00b1 49       		.uleb128 0x49
 516 00b2 13       		.uleb128 0x13
 517 00b3 2F       		.uleb128 0x2f
 518 00b4 0B       		.uleb128 0xb
 519 00b5 00       		.byte	0
 520 00b6 00       		.byte	0
 521 00b7 00       		.byte	0
 522              		.section	.debug_aranges,"",%progbits
 523 0000 1C000000 		.4byte	0x1c
 524 0004 0200     		.2byte	0x2
 525 0006 00000000 		.4byte	.Ldebug_info0
 526 000a 04       		.byte	0x4
ARM GAS  C:\Users\VICTOR~1\AppData\Local\Temp\ccQOd0Cs.s 			page 12


 527 000b 00       		.byte	0
 528 000c 0000     		.2byte	0
 529 000e 0000     		.2byte	0
 530 0010 00000000 		.4byte	.LFB0
 531 0014 8C000000 		.4byte	.LFE0-.LFB0
 532 0018 00000000 		.4byte	0
 533 001c 00000000 		.4byte	0
 534              		.section	.debug_ranges,"",%progbits
 535              	.Ldebug_ranges0:
 536 0000 00000000 		.4byte	.LFB0
 537 0004 8C000000 		.4byte	.LFE0
 538 0008 00000000 		.4byte	0
 539 000c 00000000 		.4byte	0
 540              		.section	.debug_line,"",%progbits
 541              	.Ldebug_line0:
 542 0000 97000000 		.section	.debug_str,"MS",%progbits,1
 542      02006800 
 542      00000201 
 542      FB0E0D00 
 542      01010101 
 543              	.LASF3:
 544 0000 73686F72 		.ascii	"short unsigned int\000"
 544      7420756E 
 544      7369676E 
 544      65642069 
 544      6E7400
 545              	.LASF28:
 546 0013 55534255 		.ascii	"USBUART_interfaceClass\000"
 546      4152545F 
 546      696E7465 
 546      72666163 
 546      65436C61 
 547              	.LASF26:
 548 002a 72657175 		.ascii	"requestHandled\000"
 548      65737448 
 548      616E646C 
 548      656400
 549              	.LASF11:
 550 0039 666C6F61 		.ascii	"float\000"
 550      7400
 551              	.LASF19:
 552 003f 6570546F 		.ascii	"epToggle\000"
 552      67676C65 
 552      00
 553              	.LASF31:
 554 0048 2E5C4765 		.ascii	".\\Generated_Source\\PSoC5\\USBUART_cls.c\000"
 554      6E657261 
 554      7465645F 
 554      536F7572 
 554      63655C50 
 555              	.LASF29:
 556 006f 55534255 		.ascii	"USBUART_EP\000"
 556      4152545F 
 556      455000
 557              	.LASF32:
 558 007a 433A5C55 		.ascii	"C:\\Users\\Victor Ruela\\Desktop\\UFMG\\2015-1\\Int"
 558      73657273 
ARM GAS  C:\Users\VICTOR~1\AppData\Local\Temp\ccQOd0Cs.s 			page 13


 558      5C566963 
 558      746F7220 
 558      5275656C 
 559 00a7 65677261 		.ascii	"egracao de Dados\\TP pratico\\TP-TID\\PSoC\\TP_Sens"
 559      63616F20 
 559      64652044 
 559      61646F73 
 559      5C545020 
 560 00d6 6F725C54 		.ascii	"or\\TP_Sensor.cydsn\000"
 560      505F5365 
 560      6E736F72 
 560      2E637964 
 560      736E00
 561              	.LASF14:
 562 00e9 72656738 		.ascii	"reg8\000"
 562      00
 563              	.LASF5:
 564 00ee 6C6F6E67 		.ascii	"long unsigned int\000"
 564      20756E73 
 564      69676E65 
 564      6420696E 
 564      7400
 565              	.LASF20:
 566 0100 61646472 		.ascii	"addr\000"
 566      00
 567              	.LASF27:
 568 0105 696E7465 		.ascii	"interfaceNumber\000"
 568      72666163 
 568      654E756D 
 568      62657200 
 569              	.LASF1:
 570 0115 756E7369 		.ascii	"unsigned char\000"
 570      676E6564 
 570      20636861 
 570      7200
 571              	.LASF12:
 572 0123 646F7562 		.ascii	"double\000"
 572      6C6500
 573              	.LASF16:
 574 012a 61747472 		.ascii	"attrib\000"
 574      696200
 575              	.LASF22:
 576 0131 62756666 		.ascii	"buffOffset\000"
 576      4F666673 
 576      657400
 577              	.LASF10:
 578 013c 75696E74 		.ascii	"uint16\000"
 578      313600
 579              	.LASF17:
 580 0143 61706945 		.ascii	"apiEpState\000"
 580      70537461 
 580      746500
 581              	.LASF8:
 582 014e 756E7369 		.ascii	"unsigned int\000"
 582      676E6564 
 582      20696E74 
 582      00
ARM GAS  C:\Users\VICTOR~1\AppData\Local\Temp\ccQOd0Cs.s 			page 14


 583              	.LASF7:
 584 015b 6C6F6E67 		.ascii	"long long unsigned int\000"
 584      206C6F6E 
 584      6720756E 
 584      7369676E 
 584      65642069 
 585              	.LASF18:
 586 0172 68774570 		.ascii	"hwEpState\000"
 586      53746174 
 586      6500
 587              	.LASF33:
 588 017c 55534255 		.ascii	"USBUART_DispatchClassRqst\000"
 588      4152545F 
 588      44697370 
 588      61746368 
 588      436C6173 
 589              	.LASF30:
 590 0196 474E5520 		.ascii	"GNU C 4.8.4 20140526 (release) [ARM/embedded-4_8-br"
 590      4320342E 
 590      382E3420 
 590      32303134 
 590      30353236 
 591 01c9 616E6368 		.ascii	"anch revision 211358] -mcpu=cortex-m3 -mthumb -g -O"
 591      20726576 
 591      6973696F 
 591      6E203231 
 591      31333538 
 592 01fc 30202D66 		.ascii	"0 -ffunction-sections\000"
 592      66756E63 
 592      74696F6E 
 592      2D736563 
 592      74696F6E 
 593              	.LASF15:
 594 0212 73697A65 		.ascii	"sizetype\000"
 594      74797065 
 594      00
 595              	.LASF21:
 596 021b 65704D6F 		.ascii	"epMode\000"
 596      646500
 597              	.LASF6:
 598 0222 6C6F6E67 		.ascii	"long long int\000"
 598      206C6F6E 
 598      6720696E 
 598      7400
 599              	.LASF13:
 600 0230 63686172 		.ascii	"char\000"
 600      00
 601              	.LASF23:
 602 0235 62756666 		.ascii	"bufferSize\000"
 602      65725369 
 602      7A6500
 603              	.LASF2:
 604 0240 73686F72 		.ascii	"short int\000"
 604      7420696E 
 604      7400
 605              	.LASF9:
 606 024a 75696E74 		.ascii	"uint8\000"
ARM GAS  C:\Users\VICTOR~1\AppData\Local\Temp\ccQOd0Cs.s 			page 15


 606      3800
 607              	.LASF24:
 608 0250 696E7465 		.ascii	"interface\000"
 608      72666163 
 608      6500
 609              	.LASF4:
 610 025a 6C6F6E67 		.ascii	"long int\000"
 610      20696E74 
 610      00
 611              	.LASF25:
 612 0263 545F5553 		.ascii	"T_USBUART_EP_CTL_BLOCK\000"
 612      42554152 
 612      545F4550 
 612      5F43544C 
 612      5F424C4F 
 613              	.LASF0:
 614 027a 7369676E 		.ascii	"signed char\000"
 614      65642063 
 614      68617200 
 615              		.ident	"GCC: (GNU Tools for ARM Embedded Processors) 4.8.4 20140526 (release) [ARM/embedded-4_8-br
